2022-11-30 02:02:26,320 INFO  [Log] checkURL()PASSED 
2022-11-30 02:02:31,635 INFO  [Log] searchProduct()PASSED 
2022-11-30 02:02:35,073 INFO  [Log] scrollPage()PASSED 
2022-11-30 02:02:35,078 INFO  [Log] secondURLCheck()PASSED 
2022-11-30 02:02:50,803 ERROR [Log] selectAPoduct()FAILED because ofexpected:<[2.79]9,00 TL> but was:<[84]9,00 TL> 
2022-11-30 02:02:53,869 ERROR [Log] checkPriceProduct()FAILED because of2.799,00 TL expected:<[849,00 TL]> but was:<[Discount Applied.]> 
2022-11-30 02:02:53,934 INFO  [Log] clickContinue()PASSED 
2022-11-30 02:02:58,382 INFO  [Log] loginUser()PASSED 
2022-11-30 02:03:03,435 INFO  [Log] checkButton()PASSED 
2022-11-30 02:03:08,036 INFO  [Log] clickNetworkLogo()PASSED 
2022-11-30 02:03:13,129 INFO  [Log] openCart()PASSED 
2022-11-30 02:03:18,300 INFO  [Log] deleteProduct()PASSED 
2022-11-30 02:03:18,332 INFO  [Log] verifyDeleteCart()PASSED 
2022-11-30 02:07:36,989 INFO  [Log] checkURL() PASSED 
2022-11-30 02:07:40,142 INFO  [Log] searchProduct() PASSED 
2022-11-30 02:07:43,497 INFO  [Log] scrollPage() PASSED 
2022-11-30 02:07:43,500 INFO  [Log] secondURLCheck() PASSED 
2022-11-30 02:07:49,421 ERROR [Log] selectAPoduct() FAILED because of expected:<[2.79]9,00 TL> but was:<[84]9,00 TL> 
2022-11-30 02:07:50,492 ERROR [Log] checkPriceProduct() FAILED because of 2.799,00 TL expected:<[849,00 TL]> but was:<[Discount Applied.]> 
2022-11-30 02:07:50,548 INFO  [Log] clickContinue() PASSED 
2022-11-30 02:07:53,508 INFO  [Log] loginUser() PASSED 
2022-11-30 02:07:54,566 INFO  [Log] checkButton() PASSED 
2022-11-30 02:07:58,173 INFO  [Log] clickNetworkLogo() PASSED 
2022-11-30 02:07:59,265 INFO  [Log] openCart() PASSED 
2022-11-30 02:08:00,299 ERROR [Log] deleteProduct() FAILED because of no such element: Unable to locate element: {"method":"xpath","selector":"/html/body/div[2]/header/div/div/div[3]/div[2]/div/div/div[2]/div/div[3]"}
  (Session info: chrome=107.0.5304.121)
For documentation on this error, please visit: https://selenium.dev/exceptions/#no_such_element
Build info: version: '4.6.0', revision: '79f1c02ae20'
System info: os.name: 'Windows 11', os.arch: 'amd64', os.version: '10.0', java.version: '19'
Driver info: org.openqa.selenium.chrome.ChromeDriver
Command: [1a31c31efd51b21bb63ceac5c954f713, findElement {using=xpath, value=/html/body/div[2]/header/div/div/div[3]/div[2]/div/div/div[2]/div/div[3]}]
Capabilities {acceptInsecureCerts: false, browserName: chrome, browserVersion: 107.0.5304.121, chrome: {chromedriverVersion: 107.0.5304.62 (1eec40d3a576..., userDataDir: C:\Users\asus\AppData\Local...}, goog:chromeOptions: {debuggerAddress: localhost:64890}, networkConnectionEnabled: false, pageLoadStrategy: normal, platformName: WINDOWS, proxy: Proxy(), se:cdp: ws://localhost:64890/devtoo..., se:cdpVersion: 107.0.5304.121, setWindowRect: true, strictFileInteractability: false, timeouts: {implicit: 0, pageLoad: 300000, script: 30000}, unhandledPromptBehavior: dismiss and notify, webauthn:extension:credBlob: true, webauthn:extension:largeBlob: true, webauthn:virtualAuthenticators: true}
Session ID: 1a31c31efd51b21bb63ceac5c954f713 
2022-11-30 02:08:00,321 INFO  [Log] verifyDeleteCart() PASSED 
2022-11-30 02:09:03,777 INFO  [Log] checkURL() PASSED 
2022-11-30 02:09:07,054 INFO  [Log] searchProduct() PASSED 
2022-11-30 02:09:10,420 INFO  [Log] scrollPage() PASSED 
2022-11-30 02:09:10,421 INFO  [Log] secondURLCheck() PASSED 
2022-11-30 02:09:16,065 ERROR [Log] selectAPoduct() FAILED because of expected:<[2.79]9,00 TL> but was:<[84]9,00 TL> 
2022-11-30 02:09:17,131 ERROR [Log] checkPriceProduct() FAILED because of 2.799,00 TL expected:<[849,00 TL]> but was:<[Discount Applied.]> 
2022-11-30 02:09:17,188 INFO  [Log] clickContinue() PASSED 
2022-11-30 02:09:20,919 INFO  [Log] loginUser() PASSED 
2022-11-30 02:09:21,968 INFO  [Log] checkButton() PASSED 
2022-11-30 02:09:24,851 INFO  [Log] clickNetworkLogo() PASSED 
2022-11-30 02:09:25,951 INFO  [Log] openCart() PASSED 
2022-11-30 02:09:31,118 INFO  [Log] deleteProduct() PASSED 
2022-11-30 02:09:31,160 INFO  [Log] verifyDeleteCart() PASSED 
2022-11-30 02:10:28,571 INFO  [Log] checkURL() PASSED 
2022-11-30 02:10:31,723 INFO  [Log] searchProduct() PASSED 
2022-11-30 02:10:35,068 INFO  [Log] scrollPage() PASSED 
2022-11-30 02:10:35,071 INFO  [Log] secondURLCheck() PASSED 
2022-11-30 02:10:35,115 ERROR [Log] selectAPoduct() FAILED because of no such element: Unable to locate element: {"method":"xpath","selector":"(.//div[@data-page='2']//*[@class='product__discountPercent'])[2]"}
  (Session info: chrome=107.0.5304.121)
For documentation on this error, please visit: https://selenium.dev/exceptions/#no_such_element
Build info: version: '4.6.0', revision: '79f1c02ae20'
System info: os.name: 'Windows 11', os.arch: 'amd64', os.version: '10.0', java.version: '19'
Driver info: org.openqa.selenium.chrome.ChromeDriver
Command: [5b68bc3097c36830b900a3d079576464, findElement {using=xpath, value=(.//div[@data-page='2']//*[@class='product__discountPercent'])[2]}]
Capabilities {acceptInsecureCerts: false, browserName: chrome, browserVersion: 107.0.5304.121, chrome: {chromedriverVersion: 107.0.5304.62 (1eec40d3a576..., userDataDir: C:\Users\asus\AppData\Local...}, goog:chromeOptions: {debuggerAddress: localhost:65268}, networkConnectionEnabled: false, pageLoadStrategy: normal, platformName: WINDOWS, proxy: Proxy(), se:cdp: ws://localhost:65268/devtoo..., se:cdpVersion: 107.0.5304.121, setWindowRect: true, strictFileInteractability: false, timeouts: {implicit: 0, pageLoad: 300000, script: 30000}, unhandledPromptBehavior: dismiss and notify, webauthn:extension:credBlob: true, webauthn:extension:largeBlob: true, webauthn:virtualAuthenticators: true}
Session ID: 5b68bc3097c36830b900a3d079576464 
2022-11-30 02:10:36,171 ERROR [Log] checkPriceProduct() FAILED because of no such element: Unable to locate element: {"method":"xpath","selector":"/html/body/div[1]/div/div[1]/div[1]/div[2]/div/div[2]/div[2]/div[1]/div[2]"}
  (Session info: chrome=107.0.5304.121)
For documentation on this error, please visit: https://selenium.dev/exceptions/#no_such_element
Build info: version: '4.6.0', revision: '79f1c02ae20'
System info: os.name: 'Windows 11', os.arch: 'amd64', os.version: '10.0', java.version: '19'
Driver info: org.openqa.selenium.chrome.ChromeDriver
Command: [5b68bc3097c36830b900a3d079576464, findElement {using=xpath, value=/html/body/div[1]/div/div[1]/div[1]/div[2]/div/div[2]/div[2]/div[1]/div[2]}]
Capabilities {acceptInsecureCerts: false, browserName: chrome, browserVersion: 107.0.5304.121, chrome: {chromedriverVersion: 107.0.5304.62 (1eec40d3a576..., userDataDir: C:\Users\asus\AppData\Local...}, goog:chromeOptions: {debuggerAddress: localhost:65268}, networkConnectionEnabled: false, pageLoadStrategy: normal, platformName: WINDOWS, proxy: Proxy(), se:cdp: ws://localhost:65268/devtoo..., se:cdpVersion: 107.0.5304.121, setWindowRect: true, strictFileInteractability: false, timeouts: {implicit: 0, pageLoad: 300000, script: 30000}, unhandledPromptBehavior: dismiss and notify, webauthn:extension:credBlob: true, webauthn:extension:largeBlob: true, webauthn:virtualAuthenticators: true}
Session ID: 5b68bc3097c36830b900a3d079576464 
2022-11-30 02:10:36,258 ERROR [Log] clickContinue() FAILED because of no such element: Unable to locate element: {"method":"xpath","selector":"//*[@class='continueButton n-button large block text-center -primary']"}
  (Session info: chrome=107.0.5304.121)
For documentation on this error, please visit: https://selenium.dev/exceptions/#no_such_element
Build info: version: '4.6.0', revision: '79f1c02ae20'
System info: os.name: 'Windows 11', os.arch: 'amd64', os.version: '10.0', java.version: '19'
Driver info: org.openqa.selenium.chrome.ChromeDriver
Command: [5b68bc3097c36830b900a3d079576464, findElement {using=xpath, value=//*[@class='continueButton n-button large block text-center -primary']}]
Capabilities {acceptInsecureCerts: false, browserName: chrome, browserVersion: 107.0.5304.121, chrome: {chromedriverVersion: 107.0.5304.62 (1eec40d3a576..., userDataDir: C:\Users\asus\AppData\Local...}, goog:chromeOptions: {debuggerAddress: localhost:65268}, networkConnectionEnabled: false, pageLoadStrategy: normal, platformName: WINDOWS, proxy: Proxy(), se:cdp: ws://localhost:65268/devtoo..., se:cdpVersion: 107.0.5304.121, setWindowRect: true, strictFileInteractability: false, timeouts: {implicit: 0, pageLoad: 300000, script: 30000}, unhandledPromptBehavior: dismiss and notify, webauthn:extension:credBlob: true, webauthn:extension:largeBlob: true, webauthn:virtualAuthenticators: true}
Session ID: 5b68bc3097c36830b900a3d079576464 
2022-11-30 02:10:37,291 ERROR [Log] loginUser() FAILED because of no such element: Unable to locate element: {"method":"css selector","selector":"#n\-input\-email"}
  (Session info: chrome=107.0.5304.121)
For documentation on this error, please visit: https://selenium.dev/exceptions/#no_such_element
Build info: version: '4.6.0', revision: '79f1c02ae20'
System info: os.name: 'Windows 11', os.arch: 'amd64', os.version: '10.0', java.version: '19'
Driver info: org.openqa.selenium.chrome.ChromeDriver
Command: [5b68bc3097c36830b900a3d079576464, findElement {using=id, value=n-input-email}]
Capabilities {acceptInsecureCerts: false, browserName: chrome, browserVersion: 107.0.5304.121, chrome: {chromedriverVersion: 107.0.5304.62 (1eec40d3a576..., userDataDir: C:\Users\asus\AppData\Local...}, goog:chromeOptions: {debuggerAddress: localhost:65268}, networkConnectionEnabled: false, pageLoadStrategy: normal, platformName: WINDOWS, proxy: Proxy(), se:cdp: ws://localhost:65268/devtoo..., se:cdpVersion: 107.0.5304.121, setWindowRect: true, strictFileInteractability: false, timeouts: {implicit: 0, pageLoad: 300000, script: 30000}, unhandledPromptBehavior: dismiss and notify, webauthn:extension:credBlob: true, webauthn:extension:largeBlob: true, webauthn:virtualAuthenticators: true}
Session ID: 5b68bc3097c36830b900a3d079576464 
2022-11-30 02:10:38,319 ERROR [Log] checkButton() FAILED because of no such element: Unable to locate element: {"method":"xpath","selector":"//*[@id="login"]/button"}
  (Session info: chrome=107.0.5304.121)
For documentation on this error, please visit: https://selenium.dev/exceptions/#no_such_element
Build info: version: '4.6.0', revision: '79f1c02ae20'
System info: os.name: 'Windows 11', os.arch: 'amd64', os.version: '10.0', java.version: '19'
Driver info: org.openqa.selenium.chrome.ChromeDriver
Command: [5b68bc3097c36830b900a3d079576464, findElement {using=xpath, value=//*[@id="login"]/button}]
Capabilities {acceptInsecureCerts: false, browserName: chrome, browserVersion: 107.0.5304.121, chrome: {chromedriverVersion: 107.0.5304.62 (1eec40d3a576..., userDataDir: C:\Users\asus\AppData\Local...}, goog:chromeOptions: {debuggerAddress: localhost:65268}, networkConnectionEnabled: false, pageLoadStrategy: normal, platformName: WINDOWS, proxy: Proxy(), se:cdp: ws://localhost:65268/devtoo..., se:cdpVersion: 107.0.5304.121, setWindowRect: true, strictFileInteractability: false, timeouts: {implicit: 0, pageLoad: 300000, script: 30000}, unhandledPromptBehavior: dismiss and notify, webauthn:extension:credBlob: true, webauthn:extension:largeBlob: true, webauthn:virtualAuthenticators: true}
Session ID: 5b68bc3097c36830b900a3d079576464 
2022-11-30 02:10:39,350 ERROR [Log] clickNetworkLogo() FAILED because of no such element: Unable to locate element: {"method":"xpath","selector":"//*[@id="home"]/div[4]/header/div/div/div[2]"}
  (Session info: chrome=107.0.5304.121)
For documentation on this error, please visit: https://selenium.dev/exceptions/#no_such_element
Build info: version: '4.6.0', revision: '79f1c02ae20'
System info: os.name: 'Windows 11', os.arch: 'amd64', os.version: '10.0', java.version: '19'
Driver info: org.openqa.selenium.chrome.ChromeDriver
Command: [5b68bc3097c36830b900a3d079576464, findElement {using=xpath, value=//*[@id="home"]/div[4]/header/div/div/div[2]}]
Capabilities {acceptInsecureCerts: false, browserName: chrome, browserVersion: 107.0.5304.121, chrome: {chromedriverVersion: 107.0.5304.62 (1eec40d3a576..., userDataDir: C:\Users\asus\AppData\Local...}, goog:chromeOptions: {debuggerAddress: localhost:65268}, networkConnectionEnabled: false, pageLoadStrategy: normal, platformName: WINDOWS, proxy: Proxy(), se:cdp: ws://localhost:65268/devtoo..., se:cdpVersion: 107.0.5304.121, setWindowRect: true, strictFileInteractability: false, timeouts: {implicit: 0, pageLoad: 300000, script: 30000}, unhandledPromptBehavior: dismiss and notify, webauthn:extension:credBlob: true, webauthn:extension:largeBlob: true, webauthn:virtualAuthenticators: true}
Session ID: 5b68bc3097c36830b900a3d079576464 
2022-11-30 02:10:40,455 INFO  [Log] openCart() PASSED 
2022-11-30 02:10:45,487 ERROR [Log] deleteProduct() FAILED because of no such element: Unable to locate element: {"method":"xpath","selector":"/html/body/div[2]/header/div/div/div[3]/div[2]/div/div/div[2]/div/div[3]"}
  (Session info: chrome=107.0.5304.121)
For documentation on this error, please visit: https://selenium.dev/exceptions/#no_such_element
Build info: version: '4.6.0', revision: '79f1c02ae20'
System info: os.name: 'Windows 11', os.arch: 'amd64', os.version: '10.0', java.version: '19'
Driver info: org.openqa.selenium.chrome.ChromeDriver
Command: [5b68bc3097c36830b900a3d079576464, findElement {using=xpath, value=/html/body/div[2]/header/div/div/div[3]/div[2]/div/div/div[2]/div/div[3]}]
Capabilities {acceptInsecureCerts: false, browserName: chrome, browserVersion: 107.0.5304.121, chrome: {chromedriverVersion: 107.0.5304.62 (1eec40d3a576..., userDataDir: C:\Users\asus\AppData\Local...}, goog:chromeOptions: {debuggerAddress: localhost:65268}, networkConnectionEnabled: false, pageLoadStrategy: normal, platformName: WINDOWS, proxy: Proxy(), se:cdp: ws://localhost:65268/devtoo..., se:cdpVersion: 107.0.5304.121, setWindowRect: true, strictFileInteractability: false, timeouts: {implicit: 0, pageLoad: 300000, script: 30000}, unhandledPromptBehavior: dismiss and notify, webauthn:extension:credBlob: true, webauthn:extension:largeBlob: true, webauthn:virtualAuthenticators: true}
Session ID: 5b68bc3097c36830b900a3d079576464 
2022-11-30 02:10:45,510 INFO  [Log] verifyDeleteCart() PASSED 
2022-11-30 02:11:13,169 INFO  [Log] checkURL() PASSED 
2022-11-30 02:11:16,494 INFO  [Log] searchProduct() PASSED 
2022-11-30 02:11:19,810 INFO  [Log] scrollPage() PASSED 
2022-11-30 02:11:19,811 INFO  [Log] secondURLCheck() PASSED 
2022-11-30 02:11:25,445 ERROR [Log] selectAPoduct() FAILED because of expected:<[2.79]9,00 TL> but was:<[84]9,00 TL> 
2022-11-30 02:11:26,504 ERROR [Log] checkPriceProduct() FAILED because of 2.799,00 TL expected:<[849,00 TL]> but was:<[Discount Applied.]> 
2022-11-30 02:11:26,559 INFO  [Log] clickContinue() PASSED 
2022-11-30 02:11:30,143 INFO  [Log] loginUser() PASSED 
2022-11-30 02:11:31,203 INFO  [Log] checkButton() PASSED 
2022-11-30 02:11:34,035 INFO  [Log] clickNetworkLogo() PASSED 
2022-11-30 02:11:35,117 INFO  [Log] openCart() PASSED 
2022-11-30 02:11:40,281 INFO  [Log] deleteProduct() PASSED 
2022-11-30 02:11:40,328 INFO  [Log] verifyDeleteCart() PASSED 
2022-11-30 02:22:20,519 INFO  [Log] checkURL() PASSED 
2022-11-30 02:22:23,749 INFO  [Log] searchProduct() PASSED 
2022-11-30 02:22:27,160 INFO  [Log] scrollPage() PASSED 
2022-11-30 02:22:27,163 INFO  [Log] secondURLCheck() PASSED 
2022-11-30 02:22:29,642 ERROR [Log] selectAPoduct() FAILED because of element not interactable
  (Session info: chrome=107.0.5304.121)
Build info: version: '4.6.0', revision: '79f1c02ae20'
System info: os.name: 'Windows 11', os.arch: 'amd64', os.version: '10.0', java.version: '19'
Driver info: org.openqa.selenium.chrome.ChromeDriver
Command: [f3b6a16bbd71eae8ad1c7a930e7505d2, clickElement {id=123e5db8-9e01-4d18-869c-b4d1ab5fc76a}]
Capabilities {acceptInsecureCerts: false, browserName: chrome, browserVersion: 107.0.5304.121, chrome: {chromedriverVersion: 107.0.5304.62 (1eec40d3a576..., userDataDir: C:\Users\asus\AppData\Local...}, goog:chromeOptions: {debuggerAddress: localhost:49482}, networkConnectionEnabled: false, pageLoadStrategy: normal, platformName: WINDOWS, proxy: Proxy(), se:cdp: ws://localhost:49482/devtoo..., se:cdpVersion: 107.0.5304.121, setWindowRect: true, strictFileInteractability: false, timeouts: {implicit: 0, pageLoad: 300000, script: 30000}, unhandledPromptBehavior: dismiss and notify, webauthn:extension:credBlob: true, webauthn:extension:largeBlob: true, webauthn:virtualAuthenticators: true}
Element: [[ChromeDriver: chrome on WINDOWS (f3b6a16bbd71eae8ad1c7a930e7505d2)] -> xpath: /html/body/div[3]/div/div[2]/div[2]/div[1]/div[2]/div[3]/div/div[1]/div/div/div]
Session ID: f3b6a16bbd71eae8ad1c7a930e7505d2 
2022-11-30 02:22:30,681 ERROR [Log] checkPriceProduct() FAILED because of no such element: Unable to locate element: {"method":"xpath","selector":"/html/body/div[1]/div/div[1]/div[1]/div[2]/div/div[2]/div[2]/div[1]/div[2]"}
  (Session info: chrome=107.0.5304.121)
For documentation on this error, please visit: https://selenium.dev/exceptions/#no_such_element
Build info: version: '4.6.0', revision: '79f1c02ae20'
System info: os.name: 'Windows 11', os.arch: 'amd64', os.version: '10.0', java.version: '19'
Driver info: org.openqa.selenium.chrome.ChromeDriver
Command: [f3b6a16bbd71eae8ad1c7a930e7505d2, findElement {using=xpath, value=/html/body/div[1]/div/div[1]/div[1]/div[2]/div/div[2]/div[2]/div[1]/div[2]}]
Capabilities {acceptInsecureCerts: false, browserName: chrome, browserVersion: 107.0.5304.121, chrome: {chromedriverVersion: 107.0.5304.62 (1eec40d3a576..., userDataDir: C:\Users\asus\AppData\Local...}, goog:chromeOptions: {debuggerAddress: localhost:49482}, networkConnectionEnabled: false, pageLoadStrategy: normal, platformName: WINDOWS, proxy: Proxy(), se:cdp: ws://localhost:49482/devtoo..., se:cdpVersion: 107.0.5304.121, setWindowRect: true, strictFileInteractability: false, timeouts: {implicit: 0, pageLoad: 300000, script: 30000}, unhandledPromptBehavior: dismiss and notify, webauthn:extension:credBlob: true, webauthn:extension:largeBlob: true, webauthn:virtualAuthenticators: true}
Session ID: f3b6a16bbd71eae8ad1c7a930e7505d2 
2022-11-30 02:22:30,705 ERROR [Log] clickContinue() FAILED because of no such element: Unable to locate element: {"method":"xpath","selector":"//*[@class='continueButton n-button large block text-center -primary']"}
  (Session info: chrome=107.0.5304.121)
For documentation on this error, please visit: https://selenium.dev/exceptions/#no_such_element
Build info: version: '4.6.0', revision: '79f1c02ae20'
System info: os.name: 'Windows 11', os.arch: 'amd64', os.version: '10.0', java.version: '19'
Driver info: org.openqa.selenium.chrome.ChromeDriver
Command: [f3b6a16bbd71eae8ad1c7a930e7505d2, findElement {using=xpath, value=//*[@class='continueButton n-button large block text-center -primary']}]
Capabilities {acceptInsecureCerts: false, browserName: chrome, browserVersion: 107.0.5304.121, chrome: {chromedriverVersion: 107.0.5304.62 (1eec40d3a576..., userDataDir: C:\Users\asus\AppData\Local...}, goog:chromeOptions: {debuggerAddress: localhost:49482}, networkConnectionEnabled: false, pageLoadStrategy: normal, platformName: WINDOWS, proxy: Proxy(), se:cdp: ws://localhost:49482/devtoo..., se:cdpVersion: 107.0.5304.121, setWindowRect: true, strictFileInteractability: false, timeouts: {implicit: 0, pageLoad: 300000, script: 30000}, unhandledPromptBehavior: dismiss and notify, webauthn:extension:credBlob: true, webauthn:extension:largeBlob: true, webauthn:virtualAuthenticators: true}
Session ID: f3b6a16bbd71eae8ad1c7a930e7505d2 
2022-11-30 02:22:31,723 ERROR [Log] loginUser() FAILED because of no such element: Unable to locate element: {"method":"css selector","selector":"#n\-input\-email"}
  (Session info: chrome=107.0.5304.121)
For documentation on this error, please visit: https://selenium.dev/exceptions/#no_such_element
Build info: version: '4.6.0', revision: '79f1c02ae20'
System info: os.name: 'Windows 11', os.arch: 'amd64', os.version: '10.0', java.version: '19'
Driver info: org.openqa.selenium.chrome.ChromeDriver
Command: [f3b6a16bbd71eae8ad1c7a930e7505d2, findElement {using=id, value=n-input-email}]
Capabilities {acceptInsecureCerts: false, browserName: chrome, browserVersion: 107.0.5304.121, chrome: {chromedriverVersion: 107.0.5304.62 (1eec40d3a576..., userDataDir: C:\Users\asus\AppData\Local...}, goog:chromeOptions: {debuggerAddress: localhost:49482}, networkConnectionEnabled: false, pageLoadStrategy: normal, platformName: WINDOWS, proxy: Proxy(), se:cdp: ws://localhost:49482/devtoo..., se:cdpVersion: 107.0.5304.121, setWindowRect: true, strictFileInteractability: false, timeouts: {implicit: 0, pageLoad: 300000, script: 30000}, unhandledPromptBehavior: dismiss and notify, webauthn:extension:credBlob: true, webauthn:extension:largeBlob: true, webauthn:virtualAuthenticators: true}
Session ID: f3b6a16bbd71eae8ad1c7a930e7505d2 
2022-11-30 02:22:32,757 ERROR [Log] checkButton() FAILED because of no such element: Unable to locate element: {"method":"xpath","selector":"//*[@id="login"]/button"}
  (Session info: chrome=107.0.5304.121)
For documentation on this error, please visit: https://selenium.dev/exceptions/#no_such_element
Build info: version: '4.6.0', revision: '79f1c02ae20'
System info: os.name: 'Windows 11', os.arch: 'amd64', os.version: '10.0', java.version: '19'
Driver info: org.openqa.selenium.chrome.ChromeDriver
Command: [f3b6a16bbd71eae8ad1c7a930e7505d2, findElement {using=xpath, value=//*[@id="login"]/button}]
Capabilities {acceptInsecureCerts: false, browserName: chrome, browserVersion: 107.0.5304.121, chrome: {chromedriverVersion: 107.0.5304.62 (1eec40d3a576..., userDataDir: C:\Users\asus\AppData\Local...}, goog:chromeOptions: {debuggerAddress: localhost:49482}, networkConnectionEnabled: false, pageLoadStrategy: normal, platformName: WINDOWS, proxy: Proxy(), se:cdp: ws://localhost:49482/devtoo..., se:cdpVersion: 107.0.5304.121, setWindowRect: true, strictFileInteractability: false, timeouts: {implicit: 0, pageLoad: 300000, script: 30000}, unhandledPromptBehavior: dismiss and notify, webauthn:extension:credBlob: true, webauthn:extension:largeBlob: true, webauthn:virtualAuthenticators: true}
Session ID: f3b6a16bbd71eae8ad1c7a930e7505d2 
2022-11-30 02:22:33,798 ERROR [Log] clickNetworkLogo() FAILED because of no such element: Unable to locate element: {"method":"xpath","selector":"//*[@id="home"]/div[4]/header/div/div/div[2]"}
  (Session info: chrome=107.0.5304.121)
For documentation on this error, please visit: https://selenium.dev/exceptions/#no_such_element
Build info: version: '4.6.0', revision: '79f1c02ae20'
System info: os.name: 'Windows 11', os.arch: 'amd64', os.version: '10.0', java.version: '19'
Driver info: org.openqa.selenium.chrome.ChromeDriver
Command: [f3b6a16bbd71eae8ad1c7a930e7505d2, findElement {using=xpath, value=//*[@id="home"]/div[4]/header/div/div/div[2]}]
Capabilities {acceptInsecureCerts: false, browserName: chrome, browserVersion: 107.0.5304.121, chrome: {chromedriverVersion: 107.0.5304.62 (1eec40d3a576..., userDataDir: C:\Users\asus\AppData\Local...}, goog:chromeOptions: {debuggerAddress: localhost:49482}, networkConnectionEnabled: false, pageLoadStrategy: normal, platformName: WINDOWS, proxy: Proxy(), se:cdp: ws://localhost:49482/devtoo..., se:cdpVersion: 107.0.5304.121, setWindowRect: true, strictFileInteractability: false, timeouts: {implicit: 0, pageLoad: 300000, script: 30000}, unhandledPromptBehavior: dismiss and notify, webauthn:extension:credBlob: true, webauthn:extension:largeBlob: true, webauthn:virtualAuthenticators: true}
Session ID: f3b6a16bbd71eae8ad1c7a930e7505d2 
2022-11-30 02:22:34,901 INFO  [Log] openCart() PASSED 
2022-11-30 02:22:39,931 ERROR [Log] deleteProduct() FAILED because of no such element: Unable to locate element: {"method":"xpath","selector":"/html/body/div[2]/header/div/div/div[3]/div[2]/div/div/div[2]/div/div[3]"}
  (Session info: chrome=107.0.5304.121)
For documentation on this error, please visit: https://selenium.dev/exceptions/#no_such_element
Build info: version: '4.6.0', revision: '79f1c02ae20'
System info: os.name: 'Windows 11', os.arch: 'amd64', os.version: '10.0', java.version: '19'
Driver info: org.openqa.selenium.chrome.ChromeDriver
Command: [f3b6a16bbd71eae8ad1c7a930e7505d2, findElement {using=xpath, value=/html/body/div[2]/header/div/div/div[3]/div[2]/div/div/div[2]/div/div[3]}]
Capabilities {acceptInsecureCerts: false, browserName: chrome, browserVersion: 107.0.5304.121, chrome: {chromedriverVersion: 107.0.5304.62 (1eec40d3a576..., userDataDir: C:\Users\asus\AppData\Local...}, goog:chromeOptions: {debuggerAddress: localhost:49482}, networkConnectionEnabled: false, pageLoadStrategy: normal, platformName: WINDOWS, proxy: Proxy(), se:cdp: ws://localhost:49482/devtoo..., se:cdpVersion: 107.0.5304.121, setWindowRect: true, strictFileInteractability: false, timeouts: {implicit: 0, pageLoad: 300000, script: 30000}, unhandledPromptBehavior: dismiss and notify, webauthn:extension:credBlob: true, webauthn:extension:largeBlob: true, webauthn:virtualAuthenticators: true}
Session ID: f3b6a16bbd71eae8ad1c7a930e7505d2 
2022-11-30 02:22:39,953 INFO  [Log] verifyDeleteCart() PASSED 
2022-11-30 02:23:28,840 INFO  [Log] checkURL() PASSED 
2022-11-30 02:23:33,434 INFO  [Log] searchProduct() PASSED 
2022-11-30 02:23:36,784 INFO  [Log] scrollPage() PASSED 
2022-11-30 02:23:36,786 INFO  [Log] secondURLCheck() PASSED 
2022-11-30 02:23:39,385 ERROR [Log] selectAPoduct() FAILED because of element not interactable
  (Session info: chrome=107.0.5304.121)
Build info: version: '4.6.0', revision: '79f1c02ae20'
System info: os.name: 'Windows 11', os.arch: 'amd64', os.version: '10.0', java.version: '19'
Driver info: org.openqa.selenium.chrome.ChromeDriver
Command: [7597ceda722ef32555da47642e5e9c03, clickElement {id=d976b199-458d-4b3e-8a09-bc43810a8635}]
Capabilities {acceptInsecureCerts: false, browserName: chrome, browserVersion: 107.0.5304.121, chrome: {chromedriverVersion: 107.0.5304.62 (1eec40d3a576..., userDataDir: C:\Users\asus\AppData\Local...}, goog:chromeOptions: {debuggerAddress: localhost:49657}, networkConnectionEnabled: false, pageLoadStrategy: normal, platformName: WINDOWS, proxy: Proxy(), se:cdp: ws://localhost:49657/devtoo..., se:cdpVersion: 107.0.5304.121, setWindowRect: true, strictFileInteractability: false, timeouts: {implicit: 0, pageLoad: 300000, script: 30000}, unhandledPromptBehavior: dismiss and notify, webauthn:extension:credBlob: true, webauthn:extension:largeBlob: true, webauthn:virtualAuthenticators: true}
Element: [[ChromeDriver: chrome on WINDOWS (7597ceda722ef32555da47642e5e9c03)] -> xpath: /html/body/div[3]/div/div[2]/div[2]/div[1]/div[2]/div[3]/div/div[1]/div/div/div]
Session ID: 7597ceda722ef32555da47642e5e9c03 
2022-11-30 02:23:40,419 ERROR [Log] checkPriceProduct() FAILED because of no such element: Unable to locate element: {"method":"xpath","selector":"/html/body/div[1]/div/div[1]/div[1]/div[2]/div/div[2]/div[2]/div[1]/div[2]"}
  (Session info: chrome=107.0.5304.121)
For documentation on this error, please visit: https://selenium.dev/exceptions/#no_such_element
Build info: version: '4.6.0', revision: '79f1c02ae20'
System info: os.name: 'Windows 11', os.arch: 'amd64', os.version: '10.0', java.version: '19'
Driver info: org.openqa.selenium.chrome.ChromeDriver
Command: [7597ceda722ef32555da47642e5e9c03, findElement {using=xpath, value=/html/body/div[1]/div/div[1]/div[1]/div[2]/div/div[2]/div[2]/div[1]/div[2]}]
Capabilities {acceptInsecureCerts: false, browserName: chrome, browserVersion: 107.0.5304.121, chrome: {chromedriverVersion: 107.0.5304.62 (1eec40d3a576..., userDataDir: C:\Users\asus\AppData\Local...}, goog:chromeOptions: {debuggerAddress: localhost:49657}, networkConnectionEnabled: false, pageLoadStrategy: normal, platformName: WINDOWS, proxy: Proxy(), se:cdp: ws://localhost:49657/devtoo..., se:cdpVersion: 107.0.5304.121, setWindowRect: true, strictFileInteractability: false, timeouts: {implicit: 0, pageLoad: 300000, script: 30000}, unhandledPromptBehavior: dismiss and notify, webauthn:extension:credBlob: true, webauthn:extension:largeBlob: true, webauthn:virtualAuthenticators: true}
Session ID: 7597ceda722ef32555da47642e5e9c03 
2022-11-30 02:23:40,443 ERROR [Log] clickContinue() FAILED because of no such element: Unable to locate element: {"method":"xpath","selector":"//*[@class='continueButton n-button large block text-center -primary']"}
  (Session info: chrome=107.0.5304.121)
For documentation on this error, please visit: https://selenium.dev/exceptions/#no_such_element
Build info: version: '4.6.0', revision: '79f1c02ae20'
System info: os.name: 'Windows 11', os.arch: 'amd64', os.version: '10.0', java.version: '19'
Driver info: org.openqa.selenium.chrome.ChromeDriver
Command: [7597ceda722ef32555da47642e5e9c03, findElement {using=xpath, value=//*[@class='continueButton n-button large block text-center -primary']}]
Capabilities {acceptInsecureCerts: false, browserName: chrome, browserVersion: 107.0.5304.121, chrome: {chromedriverVersion: 107.0.5304.62 (1eec40d3a576..., userDataDir: C:\Users\asus\AppData\Local...}, goog:chromeOptions: {debuggerAddress: localhost:49657}, networkConnectionEnabled: false, pageLoadStrategy: normal, platformName: WINDOWS, proxy: Proxy(), se:cdp: ws://localhost:49657/devtoo..., se:cdpVersion: 107.0.5304.121, setWindowRect: true, strictFileInteractability: false, timeouts: {implicit: 0, pageLoad: 300000, script: 30000}, unhandledPromptBehavior: dismiss and notify, webauthn:extension:credBlob: true, webauthn:extension:largeBlob: true, webauthn:virtualAuthenticators: true}
Session ID: 7597ceda722ef32555da47642e5e9c03 
2022-11-30 02:23:41,467 ERROR [Log] loginUser() FAILED because of no such element: Unable to locate element: {"method":"css selector","selector":"#n\-input\-email"}
  (Session info: chrome=107.0.5304.121)
For documentation on this error, please visit: https://selenium.dev/exceptions/#no_such_element
Build info: version: '4.6.0', revision: '79f1c02ae20'
System info: os.name: 'Windows 11', os.arch: 'amd64', os.version: '10.0', java.version: '19'
Driver info: org.openqa.selenium.chrome.ChromeDriver
Command: [7597ceda722ef32555da47642e5e9c03, findElement {using=id, value=n-input-email}]
Capabilities {acceptInsecureCerts: false, browserName: chrome, browserVersion: 107.0.5304.121, chrome: {chromedriverVersion: 107.0.5304.62 (1eec40d3a576..., userDataDir: C:\Users\asus\AppData\Local...}, goog:chromeOptions: {debuggerAddress: localhost:49657}, networkConnectionEnabled: false, pageLoadStrategy: normal, platformName: WINDOWS, proxy: Proxy(), se:cdp: ws://localhost:49657/devtoo..., se:cdpVersion: 107.0.5304.121, setWindowRect: true, strictFileInteractability: false, timeouts: {implicit: 0, pageLoad: 300000, script: 30000}, unhandledPromptBehavior: dismiss and notify, webauthn:extension:credBlob: true, webauthn:extension:largeBlob: true, webauthn:virtualAuthenticators: true}
Session ID: 7597ceda722ef32555da47642e5e9c03 
2022-11-30 02:23:42,505 ERROR [Log] checkButton() FAILED because of no such element: Unable to locate element: {"method":"xpath","selector":"//*[@id="login"]/button"}
  (Session info: chrome=107.0.5304.121)
For documentation on this error, please visit: https://selenium.dev/exceptions/#no_such_element
Build info: version: '4.6.0', revision: '79f1c02ae20'
System info: os.name: 'Windows 11', os.arch: 'amd64', os.version: '10.0', java.version: '19'
Driver info: org.openqa.selenium.chrome.ChromeDriver
Command: [7597ceda722ef32555da47642e5e9c03, findElement {using=xpath, value=//*[@id="login"]/button}]
Capabilities {acceptInsecureCerts: false, browserName: chrome, browserVersion: 107.0.5304.121, chrome: {chromedriverVersion: 107.0.5304.62 (1eec40d3a576..., userDataDir: C:\Users\asus\AppData\Local...}, goog:chromeOptions: {debuggerAddress: localhost:49657}, networkConnectionEnabled: false, pageLoadStrategy: normal, platformName: WINDOWS, proxy: Proxy(), se:cdp: ws://localhost:49657/devtoo..., se:cdpVersion: 107.0.5304.121, setWindowRect: true, strictFileInteractability: false, timeouts: {implicit: 0, pageLoad: 300000, script: 30000}, unhandledPromptBehavior: dismiss and notify, webauthn:extension:credBlob: true, webauthn:extension:largeBlob: true, webauthn:virtualAuthenticators: true}
Session ID: 7597ceda722ef32555da47642e5e9c03 
2022-11-30 02:23:43,537 ERROR [Log] clickNetworkLogo() FAILED because of no such element: Unable to locate element: {"method":"xpath","selector":"//*[@id="home"]/div[4]/header/div/div/div[2]"}
  (Session info: chrome=107.0.5304.121)
For documentation on this error, please visit: https://selenium.dev/exceptions/#no_such_element
Build info: version: '4.6.0', revision: '79f1c02ae20'
System info: os.name: 'Windows 11', os.arch: 'amd64', os.version: '10.0', java.version: '19'
Driver info: org.openqa.selenium.chrome.ChromeDriver
Command: [7597ceda722ef32555da47642e5e9c03, findElement {using=xpath, value=//*[@id="home"]/div[4]/header/div/div/div[2]}]
Capabilities {acceptInsecureCerts: false, browserName: chrome, browserVersion: 107.0.5304.121, chrome: {chromedriverVersion: 107.0.5304.62 (1eec40d3a576..., userDataDir: C:\Users\asus\AppData\Local...}, goog:chromeOptions: {debuggerAddress: localhost:49657}, networkConnectionEnabled: false, pageLoadStrategy: normal, platformName: WINDOWS, proxy: Proxy(), se:cdp: ws://localhost:49657/devtoo..., se:cdpVersion: 107.0.5304.121, setWindowRect: true, strictFileInteractability: false, timeouts: {implicit: 0, pageLoad: 300000, script: 30000}, unhandledPromptBehavior: dismiss and notify, webauthn:extension:credBlob: true, webauthn:extension:largeBlob: true, webauthn:virtualAuthenticators: true}
Session ID: 7597ceda722ef32555da47642e5e9c03 
2022-11-30 02:23:44,661 INFO  [Log] openCart() PASSED 
2022-11-30 02:23:49,667 ERROR [Log] deleteProduct() FAILED because of no such window: target window already closed
from unknown error: web view not found
  (Session info: chrome=107.0.5304.121)
Build info: version: '4.6.0', revision: '79f1c02ae20'
System info: os.name: 'Windows 11', os.arch: 'amd64', os.version: '10.0', java.version: '19'
Driver info: org.openqa.selenium.chrome.ChromeDriver
Command: [7597ceda722ef32555da47642e5e9c03, findElement {using=xpath, value=/html/body/div[2]/header/div/div/div[3]/div[2]/div/div/div[2]/div/div[3]}]
Capabilities {acceptInsecureCerts: false, browserName: chrome, browserVersion: 107.0.5304.121, chrome: {chromedriverVersion: 107.0.5304.62 (1eec40d3a576..., userDataDir: C:\Users\asus\AppData\Local...}, goog:chromeOptions: {debuggerAddress: localhost:49657}, networkConnectionEnabled: false, pageLoadStrategy: normal, platformName: WINDOWS, proxy: Proxy(), se:cdp: ws://localhost:49657/devtoo..., se:cdpVersion: 107.0.5304.121, setWindowRect: true, strictFileInteractability: false, timeouts: {implicit: 0, pageLoad: 300000, script: 30000}, unhandledPromptBehavior: dismiss and notify, webauthn:extension:credBlob: true, webauthn:extension:largeBlob: true, webauthn:virtualAuthenticators: true}
Session ID: 7597ceda722ef32555da47642e5e9c03 
2022-11-30 02:23:49,674 ERROR [Log] verifyDeleteCart() FAILED because of no such window: target window already closed
from unknown error: web view not found
  (Session info: chrome=107.0.5304.121)
Build info: version: '4.6.0', revision: '79f1c02ae20'
System info: os.name: 'Windows 11', os.arch: 'amd64', os.version: '10.0', java.version: '19'
Driver info: org.openqa.selenium.chrome.ChromeDriver
Command: [7597ceda722ef32555da47642e5e9c03, findElements {using=xpath, value=//a[@class='header__emptyBasketFavorite button -primary']}]
Capabilities {acceptInsecureCerts: false, browserName: chrome, browserVersion: 107.0.5304.121, chrome: {chromedriverVersion: 107.0.5304.62 (1eec40d3a576..., userDataDir: C:\Users\asus\AppData\Local...}, goog:chromeOptions: {debuggerAddress: localhost:49657}, networkConnectionEnabled: false, pageLoadStrategy: normal, platformName: WINDOWS, proxy: Proxy(), se:cdp: ws://localhost:49657/devtoo..., se:cdpVersion: 107.0.5304.121, setWindowRect: true, strictFileInteractability: false, timeouts: {implicit: 0, pageLoad: 300000, script: 30000}, unhandledPromptBehavior: dismiss and notify, webauthn:extension:credBlob: true, webauthn:extension:largeBlob: true, webauthn:virtualAuthenticators: true}
Session ID: 7597ceda722ef32555da47642e5e9c03 
2022-11-30 02:29:20,642 INFO  [Log] checkURL() PASSED 
2022-11-30 02:29:24,749 INFO  [Log] searchProduct() PASSED 
2022-11-30 02:29:28,122 INFO  [Log] scrollPage() PASSED 
2022-11-30 02:29:28,124 INFO  [Log] secondURLCheck() PASSED 
2022-11-30 02:29:30,706 ERROR [Log] selectAPoduct() FAILED because of element not interactable
  (Session info: chrome=107.0.5304.121)
Build info: version: '4.6.0', revision: '79f1c02ae20'
System info: os.name: 'Windows 11', os.arch: 'amd64', os.version: '10.0', java.version: '19'
Driver info: org.openqa.selenium.chrome.ChromeDriver
Command: [636151937186e2fd5a440c42c318938e, clickElement {id=73b4054c-a39a-4b76-b64e-6835a5da0ef0}]
Capabilities {acceptInsecureCerts: false, browserName: chrome, browserVersion: 107.0.5304.121, chrome: {chromedriverVersion: 107.0.5304.62 (1eec40d3a576..., userDataDir: C:\Users\asus\AppData\Local...}, goog:chromeOptions: {debuggerAddress: localhost:49988}, networkConnectionEnabled: false, pageLoadStrategy: normal, platformName: WINDOWS, proxy: Proxy(), se:cdp: ws://localhost:49988/devtoo..., se:cdpVersion: 107.0.5304.121, setWindowRect: true, strictFileInteractability: false, timeouts: {implicit: 0, pageLoad: 300000, script: 30000}, unhandledPromptBehavior: dismiss and notify, webauthn:extension:credBlob: true, webauthn:extension:largeBlob: true, webauthn:virtualAuthenticators: true}
Element: [[ChromeDriver: chrome on WINDOWS (636151937186e2fd5a440c42c318938e)] -> xpath: //div/label[@class='radio-box__label -disabled']]
Session ID: 636151937186e2fd5a440c42c318938e 
2022-11-30 02:29:31,740 ERROR [Log] checkPriceProduct() FAILED because of no such element: Unable to locate element: {"method":"xpath","selector":"/html/body/div[1]/div/div[1]/div[1]/div[2]/div/div[2]/div[2]/div[1]/div[2]"}
  (Session info: chrome=107.0.5304.121)
For documentation on this error, please visit: https://selenium.dev/exceptions/#no_such_element
Build info: version: '4.6.0', revision: '79f1c02ae20'
System info: os.name: 'Windows 11', os.arch: 'amd64', os.version: '10.0', java.version: '19'
Driver info: org.openqa.selenium.chrome.ChromeDriver
Command: [636151937186e2fd5a440c42c318938e, findElement {using=xpath, value=/html/body/div[1]/div/div[1]/div[1]/div[2]/div/div[2]/div[2]/div[1]/div[2]}]
Capabilities {acceptInsecureCerts: false, browserName: chrome, browserVersion: 107.0.5304.121, chrome: {chromedriverVersion: 107.0.5304.62 (1eec40d3a576..., userDataDir: C:\Users\asus\AppData\Local...}, goog:chromeOptions: {debuggerAddress: localhost:49988}, networkConnectionEnabled: false, pageLoadStrategy: normal, platformName: WINDOWS, proxy: Proxy(), se:cdp: ws://localhost:49988/devtoo..., se:cdpVersion: 107.0.5304.121, setWindowRect: true, strictFileInteractability: false, timeouts: {implicit: 0, pageLoad: 300000, script: 30000}, unhandledPromptBehavior: dismiss and notify, webauthn:extension:credBlob: true, webauthn:extension:largeBlob: true, webauthn:virtualAuthenticators: true}
Session ID: 636151937186e2fd5a440c42c318938e 
2022-11-30 02:29:31,764 ERROR [Log] clickContinue() FAILED because of no such element: Unable to locate element: {"method":"xpath","selector":"//*[@class='continueButton n-button large block text-center -primary']"}
  (Session info: chrome=107.0.5304.121)
For documentation on this error, please visit: https://selenium.dev/exceptions/#no_such_element
Build info: version: '4.6.0', revision: '79f1c02ae20'
System info: os.name: 'Windows 11', os.arch: 'amd64', os.version: '10.0', java.version: '19'
Driver info: org.openqa.selenium.chrome.ChromeDriver
Command: [636151937186e2fd5a440c42c318938e, findElement {using=xpath, value=//*[@class='continueButton n-button large block text-center -primary']}]
Capabilities {acceptInsecureCerts: false, browserName: chrome, browserVersion: 107.0.5304.121, chrome: {chromedriverVersion: 107.0.5304.62 (1eec40d3a576..., userDataDir: C:\Users\asus\AppData\Local...}, goog:chromeOptions: {debuggerAddress: localhost:49988}, networkConnectionEnabled: false, pageLoadStrategy: normal, platformName: WINDOWS, proxy: Proxy(), se:cdp: ws://localhost:49988/devtoo..., se:cdpVersion: 107.0.5304.121, setWindowRect: true, strictFileInteractability: false, timeouts: {implicit: 0, pageLoad: 300000, script: 30000}, unhandledPromptBehavior: dismiss and notify, webauthn:extension:credBlob: true, webauthn:extension:largeBlob: true, webauthn:virtualAuthenticators: true}
Session ID: 636151937186e2fd5a440c42c318938e 
2022-11-30 02:29:32,782 ERROR [Log] loginUser() FAILED because of no such element: Unable to locate element: {"method":"css selector","selector":"#n\-input\-email"}
  (Session info: chrome=107.0.5304.121)
For documentation on this error, please visit: https://selenium.dev/exceptions/#no_such_element
Build info: version: '4.6.0', revision: '79f1c02ae20'
System info: os.name: 'Windows 11', os.arch: 'amd64', os.version: '10.0', java.version: '19'
Driver info: org.openqa.selenium.chrome.ChromeDriver
Command: [636151937186e2fd5a440c42c318938e, findElement {using=id, value=n-input-email}]
Capabilities {acceptInsecureCerts: false, browserName: chrome, browserVersion: 107.0.5304.121, chrome: {chromedriverVersion: 107.0.5304.62 (1eec40d3a576..., userDataDir: C:\Users\asus\AppData\Local...}, goog:chromeOptions: {debuggerAddress: localhost:49988}, networkConnectionEnabled: false, pageLoadStrategy: normal, platformName: WINDOWS, proxy: Proxy(), se:cdp: ws://localhost:49988/devtoo..., se:cdpVersion: 107.0.5304.121, setWindowRect: true, strictFileInteractability: false, timeouts: {implicit: 0, pageLoad: 300000, script: 30000}, unhandledPromptBehavior: dismiss and notify, webauthn:extension:credBlob: true, webauthn:extension:largeBlob: true, webauthn:virtualAuthenticators: true}
Session ID: 636151937186e2fd5a440c42c318938e 
2022-11-30 02:29:33,821 ERROR [Log] checkButton() FAILED because of no such element: Unable to locate element: {"method":"xpath","selector":"//*[@id="login"]/button"}
  (Session info: chrome=107.0.5304.121)
For documentation on this error, please visit: https://selenium.dev/exceptions/#no_such_element
Build info: version: '4.6.0', revision: '79f1c02ae20'
System info: os.name: 'Windows 11', os.arch: 'amd64', os.version: '10.0', java.version: '19'
Driver info: org.openqa.selenium.chrome.ChromeDriver
Command: [636151937186e2fd5a440c42c318938e, findElement {using=xpath, value=//*[@id="login"]/button}]
Capabilities {acceptInsecureCerts: false, browserName: chrome, browserVersion: 107.0.5304.121, chrome: {chromedriverVersion: 107.0.5304.62 (1eec40d3a576..., userDataDir: C:\Users\asus\AppData\Local...}, goog:chromeOptions: {debuggerAddress: localhost:49988}, networkConnectionEnabled: false, pageLoadStrategy: normal, platformName: WINDOWS, proxy: Proxy(), se:cdp: ws://localhost:49988/devtoo..., se:cdpVersion: 107.0.5304.121, setWindowRect: true, strictFileInteractability: false, timeouts: {implicit: 0, pageLoad: 300000, script: 30000}, unhandledPromptBehavior: dismiss and notify, webauthn:extension:credBlob: true, webauthn:extension:largeBlob: true, webauthn:virtualAuthenticators: true}
Session ID: 636151937186e2fd5a440c42c318938e 
2022-11-30 02:29:34,851 ERROR [Log] clickNetworkLogo() FAILED because of no such element: Unable to locate element: {"method":"xpath","selector":"//*[@id="home"]/div[4]/header/div/div/div[2]"}
  (Session info: chrome=107.0.5304.121)
For documentation on this error, please visit: https://selenium.dev/exceptions/#no_such_element
Build info: version: '4.6.0', revision: '79f1c02ae20'
System info: os.name: 'Windows 11', os.arch: 'amd64', os.version: '10.0', java.version: '19'
Driver info: org.openqa.selenium.chrome.ChromeDriver
Command: [636151937186e2fd5a440c42c318938e, findElement {using=xpath, value=//*[@id="home"]/div[4]/header/div/div/div[2]}]
Capabilities {acceptInsecureCerts: false, browserName: chrome, browserVersion: 107.0.5304.121, chrome: {chromedriverVersion: 107.0.5304.62 (1eec40d3a576..., userDataDir: C:\Users\asus\AppData\Local...}, goog:chromeOptions: {debuggerAddress: localhost:49988}, networkConnectionEnabled: false, pageLoadStrategy: normal, platformName: WINDOWS, proxy: Proxy(), se:cdp: ws://localhost:49988/devtoo..., se:cdpVersion: 107.0.5304.121, setWindowRect: true, strictFileInteractability: false, timeouts: {implicit: 0, pageLoad: 300000, script: 30000}, unhandledPromptBehavior: dismiss and notify, webauthn:extension:credBlob: true, webauthn:extension:largeBlob: true, webauthn:virtualAuthenticators: true}
Session ID: 636151937186e2fd5a440c42c318938e 
2022-11-30 02:29:35,960 INFO  [Log] openCart() PASSED 
2022-11-30 02:29:40,970 ERROR [Log] deleteProduct() FAILED because of no such window: target window already closed
from unknown error: web view not found
  (Session info: chrome=107.0.5304.121)
Build info: version: '4.6.0', revision: '79f1c02ae20'
System info: os.name: 'Windows 11', os.arch: 'amd64', os.version: '10.0', java.version: '19'
Driver info: org.openqa.selenium.chrome.ChromeDriver
Command: [636151937186e2fd5a440c42c318938e, findElement {using=xpath, value=/html/body/div[2]/header/div/div/div[3]/div[2]/div/div/div[2]/div/div[3]}]
Capabilities {acceptInsecureCerts: false, browserName: chrome, browserVersion: 107.0.5304.121, chrome: {chromedriverVersion: 107.0.5304.62 (1eec40d3a576..., userDataDir: C:\Users\asus\AppData\Local...}, goog:chromeOptions: {debuggerAddress: localhost:49988}, networkConnectionEnabled: false, pageLoadStrategy: normal, platformName: WINDOWS, proxy: Proxy(), se:cdp: ws://localhost:49988/devtoo..., se:cdpVersion: 107.0.5304.121, setWindowRect: true, strictFileInteractability: false, timeouts: {implicit: 0, pageLoad: 300000, script: 30000}, unhandledPromptBehavior: dismiss and notify, webauthn:extension:credBlob: true, webauthn:extension:largeBlob: true, webauthn:virtualAuthenticators: true}
Session ID: 636151937186e2fd5a440c42c318938e 
2022-11-30 02:29:40,976 ERROR [Log] verifyDeleteCart() FAILED because of no such window: target window already closed
from unknown error: web view not found
  (Session info: chrome=107.0.5304.121)
Build info: version: '4.6.0', revision: '79f1c02ae20'
System info: os.name: 'Windows 11', os.arch: 'amd64', os.version: '10.0', java.version: '19'
Driver info: org.openqa.selenium.chrome.ChromeDriver
Command: [636151937186e2fd5a440c42c318938e, findElements {using=xpath, value=//a[@class='header__emptyBasketFavorite button -primary']}]
Capabilities {acceptInsecureCerts: false, browserName: chrome, browserVersion: 107.0.5304.121, chrome: {chromedriverVersion: 107.0.5304.62 (1eec40d3a576..., userDataDir: C:\Users\asus\AppData\Local...}, goog:chromeOptions: {debuggerAddress: localhost:49988}, networkConnectionEnabled: false, pageLoadStrategy: normal, platformName: WINDOWS, proxy: Proxy(), se:cdp: ws://localhost:49988/devtoo..., se:cdpVersion: 107.0.5304.121, setWindowRect: true, strictFileInteractability: false, timeouts: {implicit: 0, pageLoad: 300000, script: 30000}, unhandledPromptBehavior: dismiss and notify, webauthn:extension:credBlob: true, webauthn:extension:largeBlob: true, webauthn:virtualAuthenticators: true}
Session ID: 636151937186e2fd5a440c42c318938e 
2022-11-30 02:32:48,616 INFO  [Log] checkURL() PASSED 
2022-11-30 02:32:52,737 INFO  [Log] searchProduct() PASSED 
2022-11-30 02:32:56,065 INFO  [Log] scrollPage() PASSED 
2022-11-30 02:32:56,069 INFO  [Log] secondURLCheck() PASSED 
2022-11-30 02:32:58,526 ERROR [Log] selectAPoduct() FAILED because of element not interactable
  (Session info: chrome=107.0.5304.121)
Build info: version: '4.6.0', revision: '79f1c02ae20'
System info: os.name: 'Windows 11', os.arch: 'amd64', os.version: '10.0', java.version: '19'
Driver info: org.openqa.selenium.chrome.ChromeDriver
Command: [a5fa9d937597142c7cfc80a01a3ab792, clickElement {id=1d25a716-3a6f-4400-bd95-5a82928f2d5a}]
Capabilities {acceptInsecureCerts: false, browserName: chrome, browserVersion: 107.0.5304.121, chrome: {chromedriverVersion: 107.0.5304.62 (1eec40d3a576..., userDataDir: C:\Users\asus\AppData\Local...}, goog:chromeOptions: {debuggerAddress: localhost:50378}, networkConnectionEnabled: false, pageLoadStrategy: normal, platformName: WINDOWS, proxy: Proxy(), se:cdp: ws://localhost:50378/devtoo..., se:cdpVersion: 107.0.5304.121, setWindowRect: true, strictFileInteractability: false, timeouts: {implicit: 0, pageLoad: 300000, script: 30000}, unhandledPromptBehavior: dismiss and notify, webauthn:extension:credBlob: true, webauthn:extension:largeBlob: true, webauthn:virtualAuthenticators: true}
Element: [[ChromeDriver: chrome on WINDOWS (a5fa9d937597142c7cfc80a01a3ab792)] -> xpath: //div/label[@class='radio-box__label -disabled']]
Session ID: a5fa9d937597142c7cfc80a01a3ab792 
2022-11-30 02:32:59,557 ERROR [Log] checkPriceProduct() FAILED because of no such element: Unable to locate element: {"method":"xpath","selector":"/html/body/div[1]/div/div[1]/div[1]/div[2]/div/div[2]/div[2]/div[1]/div[2]"}
  (Session info: chrome=107.0.5304.121)
For documentation on this error, please visit: https://selenium.dev/exceptions/#no_such_element
Build info: version: '4.6.0', revision: '79f1c02ae20'
System info: os.name: 'Windows 11', os.arch: 'amd64', os.version: '10.0', java.version: '19'
Driver info: org.openqa.selenium.chrome.ChromeDriver
Command: [a5fa9d937597142c7cfc80a01a3ab792, findElement {using=xpath, value=/html/body/div[1]/div/div[1]/div[1]/div[2]/div/div[2]/div[2]/div[1]/div[2]}]
Capabilities {acceptInsecureCerts: false, browserName: chrome, browserVersion: 107.0.5304.121, chrome: {chromedriverVersion: 107.0.5304.62 (1eec40d3a576..., userDataDir: C:\Users\asus\AppData\Local...}, goog:chromeOptions: {debuggerAddress: localhost:50378}, networkConnectionEnabled: false, pageLoadStrategy: normal, platformName: WINDOWS, proxy: Proxy(), se:cdp: ws://localhost:50378/devtoo..., se:cdpVersion: 107.0.5304.121, setWindowRect: true, strictFileInteractability: false, timeouts: {implicit: 0, pageLoad: 300000, script: 30000}, unhandledPromptBehavior: dismiss and notify, webauthn:extension:credBlob: true, webauthn:extension:largeBlob: true, webauthn:virtualAuthenticators: true}
Session ID: a5fa9d937597142c7cfc80a01a3ab792 
2022-11-30 02:32:59,579 ERROR [Log] clickContinue() FAILED because of no such element: Unable to locate element: {"method":"xpath","selector":"//*[@class='continueButton n-button large block text-center -primary']"}
  (Session info: chrome=107.0.5304.121)
For documentation on this error, please visit: https://selenium.dev/exceptions/#no_such_element
Build info: version: '4.6.0', revision: '79f1c02ae20'
System info: os.name: 'Windows 11', os.arch: 'amd64', os.version: '10.0', java.version: '19'
Driver info: org.openqa.selenium.chrome.ChromeDriver
Command: [a5fa9d937597142c7cfc80a01a3ab792, findElement {using=xpath, value=//*[@class='continueButton n-button large block text-center -primary']}]
Capabilities {acceptInsecureCerts: false, browserName: chrome, browserVersion: 107.0.5304.121, chrome: {chromedriverVersion: 107.0.5304.62 (1eec40d3a576..., userDataDir: C:\Users\asus\AppData\Local...}, goog:chromeOptions: {debuggerAddress: localhost:50378}, networkConnectionEnabled: false, pageLoadStrategy: normal, platformName: WINDOWS, proxy: Proxy(), se:cdp: ws://localhost:50378/devtoo..., se:cdpVersion: 107.0.5304.121, setWindowRect: true, strictFileInteractability: false, timeouts: {implicit: 0, pageLoad: 300000, script: 30000}, unhandledPromptBehavior: dismiss and notify, webauthn:extension:credBlob: true, webauthn:extension:largeBlob: true, webauthn:virtualAuthenticators: true}
Session ID: a5fa9d937597142c7cfc80a01a3ab792 
2022-11-30 02:33:00,608 ERROR [Log] loginUser() FAILED because of no such element: Unable to locate element: {"method":"css selector","selector":"#n\-input\-email"}
  (Session info: chrome=107.0.5304.121)
For documentation on this error, please visit: https://selenium.dev/exceptions/#no_such_element
Build info: version: '4.6.0', revision: '79f1c02ae20'
System info: os.name: 'Windows 11', os.arch: 'amd64', os.version: '10.0', java.version: '19'
Driver info: org.openqa.selenium.chrome.ChromeDriver
Command: [a5fa9d937597142c7cfc80a01a3ab792, findElement {using=id, value=n-input-email}]
Capabilities {acceptInsecureCerts: false, browserName: chrome, browserVersion: 107.0.5304.121, chrome: {chromedriverVersion: 107.0.5304.62 (1eec40d3a576..., userDataDir: C:\Users\asus\AppData\Local...}, goog:chromeOptions: {debuggerAddress: localhost:50378}, networkConnectionEnabled: false, pageLoadStrategy: normal, platformName: WINDOWS, proxy: Proxy(), se:cdp: ws://localhost:50378/devtoo..., se:cdpVersion: 107.0.5304.121, setWindowRect: true, strictFileInteractability: false, timeouts: {implicit: 0, pageLoad: 300000, script: 30000}, unhandledPromptBehavior: dismiss and notify, webauthn:extension:credBlob: true, webauthn:extension:largeBlob: true, webauthn:virtualAuthenticators: true}
Session ID: a5fa9d937597142c7cfc80a01a3ab792 
2022-11-30 02:33:01,654 ERROR [Log] checkButton() FAILED because of no such element: Unable to locate element: {"method":"xpath","selector":"//*[@id="login"]/button"}
  (Session info: chrome=107.0.5304.121)
For documentation on this error, please visit: https://selenium.dev/exceptions/#no_such_element
Build info: version: '4.6.0', revision: '79f1c02ae20'
System info: os.name: 'Windows 11', os.arch: 'amd64', os.version: '10.0', java.version: '19'
Driver info: org.openqa.selenium.chrome.ChromeDriver
Command: [a5fa9d937597142c7cfc80a01a3ab792, findElement {using=xpath, value=//*[@id="login"]/button}]
Capabilities {acceptInsecureCerts: false, browserName: chrome, browserVersion: 107.0.5304.121, chrome: {chromedriverVersion: 107.0.5304.62 (1eec40d3a576..., userDataDir: C:\Users\asus\AppData\Local...}, goog:chromeOptions: {debuggerAddress: localhost:50378}, networkConnectionEnabled: false, pageLoadStrategy: normal, platformName: WINDOWS, proxy: Proxy(), se:cdp: ws://localhost:50378/devtoo..., se:cdpVersion: 107.0.5304.121, setWindowRect: true, strictFileInteractability: false, timeouts: {implicit: 0, pageLoad: 300000, script: 30000}, unhandledPromptBehavior: dismiss and notify, webauthn:extension:credBlob: true, webauthn:extension:largeBlob: true, webauthn:virtualAuthenticators: true}
Session ID: a5fa9d937597142c7cfc80a01a3ab792 
2022-11-30 02:33:02,695 ERROR [Log] clickNetworkLogo() FAILED because of no such element: Unable to locate element: {"method":"xpath","selector":"//*[@id="home"]/div[4]/header/div/div/div[2]"}
  (Session info: chrome=107.0.5304.121)
For documentation on this error, please visit: https://selenium.dev/exceptions/#no_such_element
Build info: version: '4.6.0', revision: '79f1c02ae20'
System info: os.name: 'Windows 11', os.arch: 'amd64', os.version: '10.0', java.version: '19'
Driver info: org.openqa.selenium.chrome.ChromeDriver
Command: [a5fa9d937597142c7cfc80a01a3ab792, findElement {using=xpath, value=//*[@id="home"]/div[4]/header/div/div/div[2]}]
Capabilities {acceptInsecureCerts: false, browserName: chrome, browserVersion: 107.0.5304.121, chrome: {chromedriverVersion: 107.0.5304.62 (1eec40d3a576..., userDataDir: C:\Users\asus\AppData\Local...}, goog:chromeOptions: {debuggerAddress: localhost:50378}, networkConnectionEnabled: false, pageLoadStrategy: normal, platformName: WINDOWS, proxy: Proxy(), se:cdp: ws://localhost:50378/devtoo..., se:cdpVersion: 107.0.5304.121, setWindowRect: true, strictFileInteractability: false, timeouts: {implicit: 0, pageLoad: 300000, script: 30000}, unhandledPromptBehavior: dismiss and notify, webauthn:extension:credBlob: true, webauthn:extension:largeBlob: true, webauthn:virtualAuthenticators: true}
Session ID: a5fa9d937597142c7cfc80a01a3ab792 
2022-11-30 02:33:03,796 INFO  [Log] openCart() PASSED 
2022-11-30 02:33:08,803 ERROR [Log] deleteProduct() FAILED because of no such window: target window already closed
from unknown error: web view not found
  (Session info: chrome=107.0.5304.121)
Build info: version: '4.6.0', revision: '79f1c02ae20'
System info: os.name: 'Windows 11', os.arch: 'amd64', os.version: '10.0', java.version: '19'
Driver info: org.openqa.selenium.chrome.ChromeDriver
Command: [a5fa9d937597142c7cfc80a01a3ab792, findElement {using=xpath, value=/html/body/div[2]/header/div/div/div[3]/div[2]/div/div/div[2]/div/div[3]}]
Capabilities {acceptInsecureCerts: false, browserName: chrome, browserVersion: 107.0.5304.121, chrome: {chromedriverVersion: 107.0.5304.62 (1eec40d3a576..., userDataDir: C:\Users\asus\AppData\Local...}, goog:chromeOptions: {debuggerAddress: localhost:50378}, networkConnectionEnabled: false, pageLoadStrategy: normal, platformName: WINDOWS, proxy: Proxy(), se:cdp: ws://localhost:50378/devtoo..., se:cdpVersion: 107.0.5304.121, setWindowRect: true, strictFileInteractability: false, timeouts: {implicit: 0, pageLoad: 300000, script: 30000}, unhandledPromptBehavior: dismiss and notify, webauthn:extension:credBlob: true, webauthn:extension:largeBlob: true, webauthn:virtualAuthenticators: true}
Session ID: a5fa9d937597142c7cfc80a01a3ab792 
2022-11-30 02:33:08,809 ERROR [Log] verifyDeleteCart() FAILED because of no such window: target window already closed
from unknown error: web view not found
  (Session info: chrome=107.0.5304.121)
Build info: version: '4.6.0', revision: '79f1c02ae20'
System info: os.name: 'Windows 11', os.arch: 'amd64', os.version: '10.0', java.version: '19'
Driver info: org.openqa.selenium.chrome.ChromeDriver
Command: [a5fa9d937597142c7cfc80a01a3ab792, findElements {using=xpath, value=//a[@class='header__emptyBasketFavorite button -primary']}]
Capabilities {acceptInsecureCerts: false, browserName: chrome, browserVersion: 107.0.5304.121, chrome: {chromedriverVersion: 107.0.5304.62 (1eec40d3a576..., userDataDir: C:\Users\asus\AppData\Local...}, goog:chromeOptions: {debuggerAddress: localhost:50378}, networkConnectionEnabled: false, pageLoadStrategy: normal, platformName: WINDOWS, proxy: Proxy(), se:cdp: ws://localhost:50378/devtoo..., se:cdpVersion: 107.0.5304.121, setWindowRect: true, strictFileInteractability: false, timeouts: {implicit: 0, pageLoad: 300000, script: 30000}, unhandledPromptBehavior: dismiss and notify, webauthn:extension:credBlob: true, webauthn:extension:largeBlob: true, webauthn:virtualAuthenticators: true}
Session ID: a5fa9d937597142c7cfc80a01a3ab792 
2022-11-30 02:36:29,520 INFO  [Log] checkURL() PASSED 
2022-11-30 02:36:33,295 INFO  [Log] searchProduct() PASSED 
2022-11-30 02:36:36,641 INFO  [Log] scrollPage() PASSED 
2022-11-30 02:36:36,645 INFO  [Log] secondURLCheck() PASSED 
2022-11-30 02:36:42,176 ERROR [Log] selectAPoduct() FAILED because of no such element: Unable to locate element: {"method":"xpath","selector":"//*[@id="product-133586"]/div/div[2]/div/div[2]/div/span[2]"}
  (Session info: chrome=107.0.5304.121)
For documentation on this error, please visit: https://selenium.dev/exceptions/#no_such_element
Build info: version: '4.6.0', revision: '79f1c02ae20'
System info: os.name: 'Windows 11', os.arch: 'amd64', os.version: '10.0', java.version: '19'
Driver info: org.openqa.selenium.chrome.ChromeDriver
Command: [84a54c6bdb068d889579d757b680dfcd, findElement {using=xpath, value=//*[@id="product-133586"]/div/div[2]/div/div[2]/div/span[2]}]
Capabilities {acceptInsecureCerts: false, browserName: chrome, browserVersion: 107.0.5304.121, chrome: {chromedriverVersion: 107.0.5304.62 (1eec40d3a576..., userDataDir: C:\Users\asus\AppData\Local...}, goog:chromeOptions: {debuggerAddress: localhost:50637}, networkConnectionEnabled: false, pageLoadStrategy: normal, platformName: WINDOWS, proxy: Proxy(), se:cdp: ws://localhost:50637/devtoo..., se:cdpVersion: 107.0.5304.121, setWindowRect: true, strictFileInteractability: false, timeouts: {implicit: 0, pageLoad: 300000, script: 30000}, unhandledPromptBehavior: dismiss and notify, webauthn:extension:credBlob: true, webauthn:extension:largeBlob: true, webauthn:virtualAuthenticators: true}
Session ID: 84a54c6bdb068d889579d757b680dfcd 
2022-11-30 02:36:43,244 ERROR [Log] checkPriceProduct() FAILED because of 2.799,00 TL expected:<[849,00 TL]> but was:<[Discount Applied.]> 
2022-11-30 02:36:43,296 INFO  [Log] clickContinue() PASSED 
2022-11-30 02:36:46,740 INFO  [Log] loginUser() PASSED 
2022-11-30 02:36:47,785 INFO  [Log] checkButton() PASSED 
2022-11-30 02:36:50,248 INFO  [Log] clickNetworkLogo() PASSED 
2022-11-30 02:36:51,332 INFO  [Log] openCart() PASSED 
2022-11-30 02:36:56,535 INFO  [Log] deleteProduct() PASSED 
2022-11-30 02:36:56,575 INFO  [Log] verifyDeleteCart() PASSED 
2022-11-30 02:41:16,654 INFO  [Log] checkURL() PASSED 
2022-11-30 02:41:20,030 INFO  [Log] searchProduct() PASSED 
2022-11-30 02:41:23,380 INFO  [Log] scrollPage() PASSED 
2022-11-30 02:41:23,382 INFO  [Log] secondURLCheck() PASSED 
2022-11-30 02:41:29,035 ERROR [Log] selectAPoduct() FAILED because of expected:<[1.6]49,00 TL> but was:<[8]49,00 TL> 
2022-11-30 02:41:30,100 ERROR [Log] checkPriceProduct() FAILED because of 2.799,00 TL expected:<[849,00 TL]> but was:<[Discount Applied.]> 
2022-11-30 02:41:30,160 INFO  [Log] clickContinue() PASSED 
2022-11-30 02:41:33,492 INFO  [Log] loginUser() PASSED 
2022-11-30 02:41:34,537 INFO  [Log] checkButton() PASSED 
2022-11-30 02:41:36,981 INFO  [Log] clickNetworkLogo() PASSED 
2022-11-30 02:41:38,065 INFO  [Log] openCart() PASSED 
2022-11-30 02:41:39,230 INFO  [Log] deleteProduct() PASSED 
2022-11-30 02:41:39,262 INFO  [Log] verifyDeleteCart() PASSED 
2022-11-30 02:43:03,671 INFO  [Log] checkURL() PASSED 
2022-11-30 02:43:07,425 INFO  [Log] searchProduct() PASSED 
2022-11-30 02:43:10,840 INFO  [Log] scrollPage() PASSED 
2022-11-30 02:43:10,842 INFO  [Log] secondURLCheck() PASSED 
2022-11-30 02:43:16,786 ERROR [Log] selectAPoduct() FAILED because of expected:<[2.79]9,00 TL> but was:<[84]9,00 TL> 
2022-11-30 02:43:17,852 ERROR [Log] checkPriceProduct() FAILED because of 2.799,00 TL expected:<[849,00 TL]> but was:<[Discount Applied.]> 
2022-11-30 02:43:17,913 INFO  [Log] clickContinue() PASSED 
2022-11-30 02:43:20,799 INFO  [Log] loginUser() PASSED 
2022-11-30 02:43:21,841 INFO  [Log] checkButton() PASSED 
2022-11-30 02:43:24,322 INFO  [Log] clickNetworkLogo() PASSED 
2022-11-30 02:43:25,420 INFO  [Log] openCart() PASSED 
2022-11-30 02:43:26,564 INFO  [Log] deleteProduct() PASSED 
2022-11-30 02:43:26,601 INFO  [Log] verifyDeleteCart() PASSED 
2022-11-30 02:45:14,589 INFO  [Log] checkURL() PASSED 
2022-11-30 02:45:17,690 INFO  [Log] searchProduct() PASSED 
2022-11-30 02:45:21,008 INFO  [Log] scrollPage() PASSED 
2022-11-30 02:45:21,010 INFO  [Log] secondURLCheck() PASSED 
2022-11-30 02:45:26,433 ERROR [Log] selectAPoduct() FAILED because of expected: <2.799,00 TL> but was: <849,00 TL> 
2022-11-30 02:45:27,501 ERROR [Log] checkPriceProduct() FAILED because of 2.799,00 TL expected:<[849,00 TL]> but was:<[Discount Applied.]> 
2022-11-30 02:45:27,558 INFO  [Log] clickContinue() PASSED 
2022-11-30 02:45:31,285 INFO  [Log] loginUser() PASSED 
2022-11-30 02:45:32,368 INFO  [Log] checkButton() PASSED 
2022-11-30 02:45:34,975 INFO  [Log] clickNetworkLogo() PASSED 
2022-11-30 02:45:36,075 INFO  [Log] openCart() PASSED 
2022-11-30 02:45:37,248 INFO  [Log] deleteProduct() PASSED 
2022-11-30 02:45:37,287 INFO  [Log] verifyDeleteCart() PASSED 
2022-11-30 02:54:05,428 INFO  [Log] checkURL() PASSED 
2022-11-30 02:54:08,961 INFO  [Log] searchProduct() PASSED 
2022-11-30 02:54:12,306 INFO  [Log] scrollPage() PASSED 
2022-11-30 02:54:12,309 INFO  [Log] secondURLCheck() PASSED 
2022-11-30 02:54:15,136 ERROR [Log] selectAPoduct() FAILED because of element not interactable
  (Session info: chrome=107.0.5304.121)
Build info: version: '4.6.0', revision: '79f1c02ae20'
System info: os.name: 'Windows 11', os.arch: 'amd64', os.version: '10.0', java.version: '19'
Driver info: org.openqa.selenium.chrome.ChromeDriver
Command: [2f44241d301abafe6d2c8787370ae5ba, clickElement {id=690ac628-3bf7-473b-99fe-2da8c67592e0}]
Capabilities {acceptInsecureCerts: false, browserName: chrome, browserVersion: 107.0.5304.121, chrome: {chromedriverVersion: 107.0.5304.62 (1eec40d3a576..., userDataDir: C:\Users\asus\AppData\Local...}, goog:chromeOptions: {debuggerAddress: localhost:51947}, networkConnectionEnabled: false, pageLoadStrategy: normal, platformName: WINDOWS, proxy: Proxy(), se:cdp: ws://localhost:51947/devtoo..., se:cdpVersion: 107.0.5304.121, setWindowRect: true, strictFileInteractability: false, timeouts: {implicit: 0, pageLoad: 300000, script: 30000}, unhandledPromptBehavior: dismiss and notify, webauthn:extension:credBlob: true, webauthn:extension:largeBlob: true, webauthn:virtualAuthenticators: true}
Element: [[ChromeDriver: chrome on WINDOWS (2f44241d301abafe6d2c8787370ae5ba)] -> xpath: //div/label[@class='radio-box__label -disabled']]
Session ID: 2f44241d301abafe6d2c8787370ae5ba 
2022-11-30 02:54:16,170 ERROR [Log] checkPriceProduct() FAILED because of no such element: Unable to locate element: {"method":"xpath","selector":"/html/body/div[1]/div/div[1]/div[1]/div[2]/div/div[2]/div[2]/div[1]/div[2]"}
  (Session info: chrome=107.0.5304.121)
For documentation on this error, please visit: https://selenium.dev/exceptions/#no_such_element
Build info: version: '4.6.0', revision: '79f1c02ae20'
System info: os.name: 'Windows 11', os.arch: 'amd64', os.version: '10.0', java.version: '19'
Driver info: org.openqa.selenium.chrome.ChromeDriver
Command: [2f44241d301abafe6d2c8787370ae5ba, findElement {using=xpath, value=/html/body/div[1]/div/div[1]/div[1]/div[2]/div/div[2]/div[2]/div[1]/div[2]}]
Capabilities {acceptInsecureCerts: false, browserName: chrome, browserVersion: 107.0.5304.121, chrome: {chromedriverVersion: 107.0.5304.62 (1eec40d3a576..., userDataDir: C:\Users\asus\AppData\Local...}, goog:chromeOptions: {debuggerAddress: localhost:51947}, networkConnectionEnabled: false, pageLoadStrategy: normal, platformName: WINDOWS, proxy: Proxy(), se:cdp: ws://localhost:51947/devtoo..., se:cdpVersion: 107.0.5304.121, setWindowRect: true, strictFileInteractability: false, timeouts: {implicit: 0, pageLoad: 300000, script: 30000}, unhandledPromptBehavior: dismiss and notify, webauthn:extension:credBlob: true, webauthn:extension:largeBlob: true, webauthn:virtualAuthenticators: true}
Session ID: 2f44241d301abafe6d2c8787370ae5ba 
2022-11-30 02:54:16,195 ERROR [Log] clickContinue() FAILED because of no such element: Unable to locate element: {"method":"xpath","selector":"//*[@class='continueButton n-button large block text-center -primary']"}
  (Session info: chrome=107.0.5304.121)
For documentation on this error, please visit: https://selenium.dev/exceptions/#no_such_element
Build info: version: '4.6.0', revision: '79f1c02ae20'
System info: os.name: 'Windows 11', os.arch: 'amd64', os.version: '10.0', java.version: '19'
Driver info: org.openqa.selenium.chrome.ChromeDriver
Command: [2f44241d301abafe6d2c8787370ae5ba, findElement {using=xpath, value=//*[@class='continueButton n-button large block text-center -primary']}]
Capabilities {acceptInsecureCerts: false, browserName: chrome, browserVersion: 107.0.5304.121, chrome: {chromedriverVersion: 107.0.5304.62 (1eec40d3a576..., userDataDir: C:\Users\asus\AppData\Local...}, goog:chromeOptions: {debuggerAddress: localhost:51947}, networkConnectionEnabled: false, pageLoadStrategy: normal, platformName: WINDOWS, proxy: Proxy(), se:cdp: ws://localhost:51947/devtoo..., se:cdpVersion: 107.0.5304.121, setWindowRect: true, strictFileInteractability: false, timeouts: {implicit: 0, pageLoad: 300000, script: 30000}, unhandledPromptBehavior: dismiss and notify, webauthn:extension:credBlob: true, webauthn:extension:largeBlob: true, webauthn:virtualAuthenticators: true}
Session ID: 2f44241d301abafe6d2c8787370ae5ba 
2022-11-30 02:54:17,222 ERROR [Log] loginUser() FAILED because of no such element: Unable to locate element: {"method":"css selector","selector":"#n\-input\-email"}
  (Session info: chrome=107.0.5304.121)
For documentation on this error, please visit: https://selenium.dev/exceptions/#no_such_element
Build info: version: '4.6.0', revision: '79f1c02ae20'
System info: os.name: 'Windows 11', os.arch: 'amd64', os.version: '10.0', java.version: '19'
Driver info: org.openqa.selenium.chrome.ChromeDriver
Command: [2f44241d301abafe6d2c8787370ae5ba, findElement {using=id, value=n-input-email}]
Capabilities {acceptInsecureCerts: false, browserName: chrome, browserVersion: 107.0.5304.121, chrome: {chromedriverVersion: 107.0.5304.62 (1eec40d3a576..., userDataDir: C:\Users\asus\AppData\Local...}, goog:chromeOptions: {debuggerAddress: localhost:51947}, networkConnectionEnabled: false, pageLoadStrategy: normal, platformName: WINDOWS, proxy: Proxy(), se:cdp: ws://localhost:51947/devtoo..., se:cdpVersion: 107.0.5304.121, setWindowRect: true, strictFileInteractability: false, timeouts: {implicit: 0, pageLoad: 300000, script: 30000}, unhandledPromptBehavior: dismiss and notify, webauthn:extension:credBlob: true, webauthn:extension:largeBlob: true, webauthn:virtualAuthenticators: true}
Session ID: 2f44241d301abafe6d2c8787370ae5ba 
2022-11-30 02:54:18,263 ERROR [Log] checkButton() FAILED because of no such element: Unable to locate element: {"method":"xpath","selector":"//*[@id="login"]/button"}
  (Session info: chrome=107.0.5304.121)
For documentation on this error, please visit: https://selenium.dev/exceptions/#no_such_element
Build info: version: '4.6.0', revision: '79f1c02ae20'
System info: os.name: 'Windows 11', os.arch: 'amd64', os.version: '10.0', java.version: '19'
Driver info: org.openqa.selenium.chrome.ChromeDriver
Command: [2f44241d301abafe6d2c8787370ae5ba, findElement {using=xpath, value=//*[@id="login"]/button}]
Capabilities {acceptInsecureCerts: false, browserName: chrome, browserVersion: 107.0.5304.121, chrome: {chromedriverVersion: 107.0.5304.62 (1eec40d3a576..., userDataDir: C:\Users\asus\AppData\Local...}, goog:chromeOptions: {debuggerAddress: localhost:51947}, networkConnectionEnabled: false, pageLoadStrategy: normal, platformName: WINDOWS, proxy: Proxy(), se:cdp: ws://localhost:51947/devtoo..., se:cdpVersion: 107.0.5304.121, setWindowRect: true, strictFileInteractability: false, timeouts: {implicit: 0, pageLoad: 300000, script: 30000}, unhandledPromptBehavior: dismiss and notify, webauthn:extension:credBlob: true, webauthn:extension:largeBlob: true, webauthn:virtualAuthenticators: true}
Session ID: 2f44241d301abafe6d2c8787370ae5ba 
2022-11-30 02:54:19,298 ERROR [Log] clickNetworkLogo() FAILED because of no such element: Unable to locate element: {"method":"xpath","selector":"//*[@id="home"]/div[4]/header/div/div/div[2]"}
  (Session info: chrome=107.0.5304.121)
For documentation on this error, please visit: https://selenium.dev/exceptions/#no_such_element
Build info: version: '4.6.0', revision: '79f1c02ae20'
System info: os.name: 'Windows 11', os.arch: 'amd64', os.version: '10.0', java.version: '19'
Driver info: org.openqa.selenium.chrome.ChromeDriver
Command: [2f44241d301abafe6d2c8787370ae5ba, findElement {using=xpath, value=//*[@id="home"]/div[4]/header/div/div/div[2]}]
Capabilities {acceptInsecureCerts: false, browserName: chrome, browserVersion: 107.0.5304.121, chrome: {chromedriverVersion: 107.0.5304.62 (1eec40d3a576..., userDataDir: C:\Users\asus\AppData\Local...}, goog:chromeOptions: {debuggerAddress: localhost:51947}, networkConnectionEnabled: false, pageLoadStrategy: normal, platformName: WINDOWS, proxy: Proxy(), se:cdp: ws://localhost:51947/devtoo..., se:cdpVersion: 107.0.5304.121, setWindowRect: true, strictFileInteractability: false, timeouts: {implicit: 0, pageLoad: 300000, script: 30000}, unhandledPromptBehavior: dismiss and notify, webauthn:extension:credBlob: true, webauthn:extension:largeBlob: true, webauthn:virtualAuthenticators: true}
Session ID: 2f44241d301abafe6d2c8787370ae5ba 
2022-11-30 02:54:20,449 INFO  [Log] openCart() PASSED 
2022-11-30 02:54:21,476 ERROR [Log] deleteProduct() FAILED because of no such element: Unable to locate element: {"method":"xpath","selector":"/html/body/div[2]/header/div/div/div[3]/div[2]/div/div/div[2]/div/div[3]"}
  (Session info: chrome=107.0.5304.121)
For documentation on this error, please visit: https://selenium.dev/exceptions/#no_such_element
Build info: version: '4.6.0', revision: '79f1c02ae20'
System info: os.name: 'Windows 11', os.arch: 'amd64', os.version: '10.0', java.version: '19'
Driver info: org.openqa.selenium.chrome.ChromeDriver
Command: [2f44241d301abafe6d2c8787370ae5ba, findElement {using=xpath, value=/html/body/div[2]/header/div/div/div[3]/div[2]/div/div/div[2]/div/div[3]}]
Capabilities {acceptInsecureCerts: false, browserName: chrome, browserVersion: 107.0.5304.121, chrome: {chromedriverVersion: 107.0.5304.62 (1eec40d3a576..., userDataDir: C:\Users\asus\AppData\Local...}, goog:chromeOptions: {debuggerAddress: localhost:51947}, networkConnectionEnabled: false, pageLoadStrategy: normal, platformName: WINDOWS, proxy: Proxy(), se:cdp: ws://localhost:51947/devtoo..., se:cdpVersion: 107.0.5304.121, setWindowRect: true, strictFileInteractability: false, timeouts: {implicit: 0, pageLoad: 300000, script: 30000}, unhandledPromptBehavior: dismiss and notify, webauthn:extension:credBlob: true, webauthn:extension:largeBlob: true, webauthn:virtualAuthenticators: true}
Session ID: 2f44241d301abafe6d2c8787370ae5ba 
2022-11-30 02:54:21,493 INFO  [Log] verifyDeleteCart() PASSED 
2022-11-30 02:55:25,329 INFO  [Log] checkURL() PASSED 
2022-11-30 02:55:28,657 INFO  [Log] searchProduct() PASSED 
2022-11-30 02:55:32,028 INFO  [Log] scrollPage() PASSED 
2022-11-30 02:55:32,031 INFO  [Log] secondURLCheck() PASSED 
2022-11-30 02:55:34,472 ERROR [Log] selectAPoduct() FAILED because of element not interactable
  (Session info: chrome=107.0.5304.121)
Build info: version: '4.6.0', revision: '79f1c02ae20'
System info: os.name: 'Windows 11', os.arch: 'amd64', os.version: '10.0', java.version: '19'
Driver info: org.openqa.selenium.chrome.ChromeDriver
Command: [73f6ec52093ef3085b97f3ea6956bf41, clickElement {id=6b6295f0-3ce8-4b7a-8849-b0910046594f}]
Capabilities {acceptInsecureCerts: false, browserName: chrome, browserVersion: 107.0.5304.121, chrome: {chromedriverVersion: 107.0.5304.62 (1eec40d3a576..., userDataDir: C:\Users\asus\AppData\Local...}, goog:chromeOptions: {debuggerAddress: localhost:52146}, networkConnectionEnabled: false, pageLoadStrategy: normal, platformName: WINDOWS, proxy: Proxy(), se:cdp: ws://localhost:52146/devtoo..., se:cdpVersion: 107.0.5304.121, setWindowRect: true, strictFileInteractability: false, timeouts: {implicit: 0, pageLoad: 300000, script: 30000}, unhandledPromptBehavior: dismiss and notify, webauthn:extension:credBlob: true, webauthn:extension:largeBlob: true, webauthn:virtualAuthenticators: true}
Element: [[ChromeDriver: chrome on WINDOWS (73f6ec52093ef3085b97f3ea6956bf41)] -> xpath: (//label[@class='radio-box__label -disabled'])[1]]
Session ID: 73f6ec52093ef3085b97f3ea6956bf41 
2022-11-30 02:55:35,509 ERROR [Log] checkPriceProduct() FAILED because of no such element: Unable to locate element: {"method":"xpath","selector":"/html/body/div[1]/div/div[1]/div[1]/div[2]/div/div[2]/div[2]/div[1]/div[2]"}
  (Session info: chrome=107.0.5304.121)
For documentation on this error, please visit: https://selenium.dev/exceptions/#no_such_element
Build info: version: '4.6.0', revision: '79f1c02ae20'
System info: os.name: 'Windows 11', os.arch: 'amd64', os.version: '10.0', java.version: '19'
Driver info: org.openqa.selenium.chrome.ChromeDriver
Command: [73f6ec52093ef3085b97f3ea6956bf41, findElement {using=xpath, value=/html/body/div[1]/div/div[1]/div[1]/div[2]/div/div[2]/div[2]/div[1]/div[2]}]
Capabilities {acceptInsecureCerts: false, browserName: chrome, browserVersion: 107.0.5304.121, chrome: {chromedriverVersion: 107.0.5304.62 (1eec40d3a576..., userDataDir: C:\Users\asus\AppData\Local...}, goog:chromeOptions: {debuggerAddress: localhost:52146}, networkConnectionEnabled: false, pageLoadStrategy: normal, platformName: WINDOWS, proxy: Proxy(), se:cdp: ws://localhost:52146/devtoo..., se:cdpVersion: 107.0.5304.121, setWindowRect: true, strictFileInteractability: false, timeouts: {implicit: 0, pageLoad: 300000, script: 30000}, unhandledPromptBehavior: dismiss and notify, webauthn:extension:credBlob: true, webauthn:extension:largeBlob: true, webauthn:virtualAuthenticators: true}
Session ID: 73f6ec52093ef3085b97f3ea6956bf41 
2022-11-30 02:55:35,534 ERROR [Log] clickContinue() FAILED because of no such element: Unable to locate element: {"method":"xpath","selector":"//*[@class='continueButton n-button large block text-center -primary']"}
  (Session info: chrome=107.0.5304.121)
For documentation on this error, please visit: https://selenium.dev/exceptions/#no_such_element
Build info: version: '4.6.0', revision: '79f1c02ae20'
System info: os.name: 'Windows 11', os.arch: 'amd64', os.version: '10.0', java.version: '19'
Driver info: org.openqa.selenium.chrome.ChromeDriver
Command: [73f6ec52093ef3085b97f3ea6956bf41, findElement {using=xpath, value=//*[@class='continueButton n-button large block text-center -primary']}]
Capabilities {acceptInsecureCerts: false, browserName: chrome, browserVersion: 107.0.5304.121, chrome: {chromedriverVersion: 107.0.5304.62 (1eec40d3a576..., userDataDir: C:\Users\asus\AppData\Local...}, goog:chromeOptions: {debuggerAddress: localhost:52146}, networkConnectionEnabled: false, pageLoadStrategy: normal, platformName: WINDOWS, proxy: Proxy(), se:cdp: ws://localhost:52146/devtoo..., se:cdpVersion: 107.0.5304.121, setWindowRect: true, strictFileInteractability: false, timeouts: {implicit: 0, pageLoad: 300000, script: 30000}, unhandledPromptBehavior: dismiss and notify, webauthn:extension:credBlob: true, webauthn:extension:largeBlob: true, webauthn:virtualAuthenticators: true}
Session ID: 73f6ec52093ef3085b97f3ea6956bf41 
2022-11-30 02:55:36,559 ERROR [Log] loginUser() FAILED because of no such element: Unable to locate element: {"method":"css selector","selector":"#n\-input\-email"}
  (Session info: chrome=107.0.5304.121)
For documentation on this error, please visit: https://selenium.dev/exceptions/#no_such_element
Build info: version: '4.6.0', revision: '79f1c02ae20'
System info: os.name: 'Windows 11', os.arch: 'amd64', os.version: '10.0', java.version: '19'
Driver info: org.openqa.selenium.chrome.ChromeDriver
Command: [73f6ec52093ef3085b97f3ea6956bf41, findElement {using=id, value=n-input-email}]
Capabilities {acceptInsecureCerts: false, browserName: chrome, browserVersion: 107.0.5304.121, chrome: {chromedriverVersion: 107.0.5304.62 (1eec40d3a576..., userDataDir: C:\Users\asus\AppData\Local...}, goog:chromeOptions: {debuggerAddress: localhost:52146}, networkConnectionEnabled: false, pageLoadStrategy: normal, platformName: WINDOWS, proxy: Proxy(), se:cdp: ws://localhost:52146/devtoo..., se:cdpVersion: 107.0.5304.121, setWindowRect: true, strictFileInteractability: false, timeouts: {implicit: 0, pageLoad: 300000, script: 30000}, unhandledPromptBehavior: dismiss and notify, webauthn:extension:credBlob: true, webauthn:extension:largeBlob: true, webauthn:virtualAuthenticators: true}
Session ID: 73f6ec52093ef3085b97f3ea6956bf41 
2022-11-30 02:55:37,594 ERROR [Log] checkButton() FAILED because of no such element: Unable to locate element: {"method":"xpath","selector":"//*[@id="login"]/button"}
  (Session info: chrome=107.0.5304.121)
For documentation on this error, please visit: https://selenium.dev/exceptions/#no_such_element
Build info: version: '4.6.0', revision: '79f1c02ae20'
System info: os.name: 'Windows 11', os.arch: 'amd64', os.version: '10.0', java.version: '19'
Driver info: org.openqa.selenium.chrome.ChromeDriver
Command: [73f6ec52093ef3085b97f3ea6956bf41, findElement {using=xpath, value=//*[@id="login"]/button}]
Capabilities {acceptInsecureCerts: false, browserName: chrome, browserVersion: 107.0.5304.121, chrome: {chromedriverVersion: 107.0.5304.62 (1eec40d3a576..., userDataDir: C:\Users\asus\AppData\Local...}, goog:chromeOptions: {debuggerAddress: localhost:52146}, networkConnectionEnabled: false, pageLoadStrategy: normal, platformName: WINDOWS, proxy: Proxy(), se:cdp: ws://localhost:52146/devtoo..., se:cdpVersion: 107.0.5304.121, setWindowRect: true, strictFileInteractability: false, timeouts: {implicit: 0, pageLoad: 300000, script: 30000}, unhandledPromptBehavior: dismiss and notify, webauthn:extension:credBlob: true, webauthn:extension:largeBlob: true, webauthn:virtualAuthenticators: true}
Session ID: 73f6ec52093ef3085b97f3ea6956bf41 
2022-11-30 02:55:38,632 ERROR [Log] clickNetworkLogo() FAILED because of no such element: Unable to locate element: {"method":"xpath","selector":"//*[@id="home"]/div[4]/header/div/div/div[2]"}
  (Session info: chrome=107.0.5304.121)
For documentation on this error, please visit: https://selenium.dev/exceptions/#no_such_element
Build info: version: '4.6.0', revision: '79f1c02ae20'
System info: os.name: 'Windows 11', os.arch: 'amd64', os.version: '10.0', java.version: '19'
Driver info: org.openqa.selenium.chrome.ChromeDriver
Command: [73f6ec52093ef3085b97f3ea6956bf41, findElement {using=xpath, value=//*[@id="home"]/div[4]/header/div/div/div[2]}]
Capabilities {acceptInsecureCerts: false, browserName: chrome, browserVersion: 107.0.5304.121, chrome: {chromedriverVersion: 107.0.5304.62 (1eec40d3a576..., userDataDir: C:\Users\asus\AppData\Local...}, goog:chromeOptions: {debuggerAddress: localhost:52146}, networkConnectionEnabled: false, pageLoadStrategy: normal, platformName: WINDOWS, proxy: Proxy(), se:cdp: ws://localhost:52146/devtoo..., se:cdpVersion: 107.0.5304.121, setWindowRect: true, strictFileInteractability: false, timeouts: {implicit: 0, pageLoad: 300000, script: 30000}, unhandledPromptBehavior: dismiss and notify, webauthn:extension:credBlob: true, webauthn:extension:largeBlob: true, webauthn:virtualAuthenticators: true}
Session ID: 73f6ec52093ef3085b97f3ea6956bf41 
2022-11-30 02:55:39,771 INFO  [Log] openCart() PASSED 
2022-11-30 02:55:40,804 ERROR [Log] deleteProduct() FAILED because of no such element: Unable to locate element: {"method":"xpath","selector":"/html/body/div[2]/header/div/div/div[3]/div[2]/div/div/div[2]/div/div[3]"}
  (Session info: chrome=107.0.5304.121)
For documentation on this error, please visit: https://selenium.dev/exceptions/#no_such_element
Build info: version: '4.6.0', revision: '79f1c02ae20'
System info: os.name: 'Windows 11', os.arch: 'amd64', os.version: '10.0', java.version: '19'
Driver info: org.openqa.selenium.chrome.ChromeDriver
Command: [73f6ec52093ef3085b97f3ea6956bf41, findElement {using=xpath, value=/html/body/div[2]/header/div/div/div[3]/div[2]/div/div/div[2]/div/div[3]}]
Capabilities {acceptInsecureCerts: false, browserName: chrome, browserVersion: 107.0.5304.121, chrome: {chromedriverVersion: 107.0.5304.62 (1eec40d3a576..., userDataDir: C:\Users\asus\AppData\Local...}, goog:chromeOptions: {debuggerAddress: localhost:52146}, networkConnectionEnabled: false, pageLoadStrategy: normal, platformName: WINDOWS, proxy: Proxy(), se:cdp: ws://localhost:52146/devtoo..., se:cdpVersion: 107.0.5304.121, setWindowRect: true, strictFileInteractability: false, timeouts: {implicit: 0, pageLoad: 300000, script: 30000}, unhandledPromptBehavior: dismiss and notify, webauthn:extension:credBlob: true, webauthn:extension:largeBlob: true, webauthn:virtualAuthenticators: true}
Session ID: 73f6ec52093ef3085b97f3ea6956bf41 
2022-11-30 02:55:40,822 INFO  [Log] verifyDeleteCart() PASSED 
2022-11-30 02:56:06,828 INFO  [Log] checkURL() PASSED 
2022-11-30 02:56:10,959 INFO  [Log] searchProduct() PASSED 
2022-11-30 02:56:14,287 INFO  [Log] scrollPage() PASSED 
2022-11-30 02:56:14,289 INFO  [Log] secondURLCheck() PASSED 
2022-11-30 02:56:19,896 ERROR [Log] selectAPoduct() FAILED because of element not interactable
  (Session info: chrome=107.0.5304.121)
Build info: version: '4.6.0', revision: '79f1c02ae20'
System info: os.name: 'Windows 11', os.arch: 'amd64', os.version: '10.0', java.version: '19'
Driver info: org.openqa.selenium.chrome.ChromeDriver
Command: [378a45d99edc86475032e06950fd91b1, clickElement {id=df1ff483-d984-4cd3-a21f-5ccea7cd60d9}]
Capabilities {acceptInsecureCerts: false, browserName: chrome, browserVersion: 107.0.5304.121, chrome: {chromedriverVersion: 107.0.5304.62 (1eec40d3a576..., userDataDir: C:\Users\asus\AppData\Local...}, goog:chromeOptions: {debuggerAddress: localhost:52310}, networkConnectionEnabled: false, pageLoadStrategy: normal, platformName: WINDOWS, proxy: Proxy(), se:cdp: ws://localhost:52310/devtoo..., se:cdpVersion: 107.0.5304.121, setWindowRect: true, strictFileInteractability: false, timeouts: {implicit: 0, pageLoad: 300000, script: 30000}, unhandledPromptBehavior: dismiss and notify, webauthn:extension:credBlob: true, webauthn:extension:largeBlob: true, webauthn:virtualAuthenticators: true}
Element: [[ChromeDriver: chrome on WINDOWS (378a45d99edc86475032e06950fd91b1)] -> xpath: (//label[@class='radio-box__label -disabled'])[1]]
Session ID: 378a45d99edc86475032e06950fd91b1 
2022-11-30 02:56:20,926 ERROR [Log] checkPriceProduct() FAILED because of no such element: Unable to locate element: {"method":"xpath","selector":"/html/body/div[1]/div/div[1]/div[1]/div[2]/div/div[2]/div[2]/div[1]/div[2]"}
  (Session info: chrome=107.0.5304.121)
For documentation on this error, please visit: https://selenium.dev/exceptions/#no_such_element
Build info: version: '4.6.0', revision: '79f1c02ae20'
System info: os.name: 'Windows 11', os.arch: 'amd64', os.version: '10.0', java.version: '19'
Driver info: org.openqa.selenium.chrome.ChromeDriver
Command: [378a45d99edc86475032e06950fd91b1, findElement {using=xpath, value=/html/body/div[1]/div/div[1]/div[1]/div[2]/div/div[2]/div[2]/div[1]/div[2]}]
Capabilities {acceptInsecureCerts: false, browserName: chrome, browserVersion: 107.0.5304.121, chrome: {chromedriverVersion: 107.0.5304.62 (1eec40d3a576..., userDataDir: C:\Users\asus\AppData\Local...}, goog:chromeOptions: {debuggerAddress: localhost:52310}, networkConnectionEnabled: false, pageLoadStrategy: normal, platformName: WINDOWS, proxy: Proxy(), se:cdp: ws://localhost:52310/devtoo..., se:cdpVersion: 107.0.5304.121, setWindowRect: true, strictFileInteractability: false, timeouts: {implicit: 0, pageLoad: 300000, script: 30000}, unhandledPromptBehavior: dismiss and notify, webauthn:extension:credBlob: true, webauthn:extension:largeBlob: true, webauthn:virtualAuthenticators: true}
Session ID: 378a45d99edc86475032e06950fd91b1 
2022-11-30 02:56:20,951 ERROR [Log] clickContinue() FAILED because of no such element: Unable to locate element: {"method":"xpath","selector":"//*[@class='continueButton n-button large block text-center -primary']"}
  (Session info: chrome=107.0.5304.121)
For documentation on this error, please visit: https://selenium.dev/exceptions/#no_such_element
Build info: version: '4.6.0', revision: '79f1c02ae20'
System info: os.name: 'Windows 11', os.arch: 'amd64', os.version: '10.0', java.version: '19'
Driver info: org.openqa.selenium.chrome.ChromeDriver
Command: [378a45d99edc86475032e06950fd91b1, findElement {using=xpath, value=//*[@class='continueButton n-button large block text-center -primary']}]
Capabilities {acceptInsecureCerts: false, browserName: chrome, browserVersion: 107.0.5304.121, chrome: {chromedriverVersion: 107.0.5304.62 (1eec40d3a576..., userDataDir: C:\Users\asus\AppData\Local...}, goog:chromeOptions: {debuggerAddress: localhost:52310}, networkConnectionEnabled: false, pageLoadStrategy: normal, platformName: WINDOWS, proxy: Proxy(), se:cdp: ws://localhost:52310/devtoo..., se:cdpVersion: 107.0.5304.121, setWindowRect: true, strictFileInteractability: false, timeouts: {implicit: 0, pageLoad: 300000, script: 30000}, unhandledPromptBehavior: dismiss and notify, webauthn:extension:credBlob: true, webauthn:extension:largeBlob: true, webauthn:virtualAuthenticators: true}
Session ID: 378a45d99edc86475032e06950fd91b1 
2022-11-30 02:56:21,971 ERROR [Log] loginUser() FAILED because of no such element: Unable to locate element: {"method":"css selector","selector":"#n\-input\-email"}
  (Session info: chrome=107.0.5304.121)
For documentation on this error, please visit: https://selenium.dev/exceptions/#no_such_element
Build info: version: '4.6.0', revision: '79f1c02ae20'
System info: os.name: 'Windows 11', os.arch: 'amd64', os.version: '10.0', java.version: '19'
Driver info: org.openqa.selenium.chrome.ChromeDriver
Command: [378a45d99edc86475032e06950fd91b1, findElement {using=id, value=n-input-email}]
Capabilities {acceptInsecureCerts: false, browserName: chrome, browserVersion: 107.0.5304.121, chrome: {chromedriverVersion: 107.0.5304.62 (1eec40d3a576..., userDataDir: C:\Users\asus\AppData\Local...}, goog:chromeOptions: {debuggerAddress: localhost:52310}, networkConnectionEnabled: false, pageLoadStrategy: normal, platformName: WINDOWS, proxy: Proxy(), se:cdp: ws://localhost:52310/devtoo..., se:cdpVersion: 107.0.5304.121, setWindowRect: true, strictFileInteractability: false, timeouts: {implicit: 0, pageLoad: 300000, script: 30000}, unhandledPromptBehavior: dismiss and notify, webauthn:extension:credBlob: true, webauthn:extension:largeBlob: true, webauthn:virtualAuthenticators: true}
Session ID: 378a45d99edc86475032e06950fd91b1 
2022-11-30 02:56:22,996 ERROR [Log] checkButton() FAILED because of no such element: Unable to locate element: {"method":"xpath","selector":"//*[@id="login"]/button"}
  (Session info: chrome=107.0.5304.121)
For documentation on this error, please visit: https://selenium.dev/exceptions/#no_such_element
Build info: version: '4.6.0', revision: '79f1c02ae20'
System info: os.name: 'Windows 11', os.arch: 'amd64', os.version: '10.0', java.version: '19'
Driver info: org.openqa.selenium.chrome.ChromeDriver
Command: [378a45d99edc86475032e06950fd91b1, findElement {using=xpath, value=//*[@id="login"]/button}]
Capabilities {acceptInsecureCerts: false, browserName: chrome, browserVersion: 107.0.5304.121, chrome: {chromedriverVersion: 107.0.5304.62 (1eec40d3a576..., userDataDir: C:\Users\asus\AppData\Local...}, goog:chromeOptions: {debuggerAddress: localhost:52310}, networkConnectionEnabled: false, pageLoadStrategy: normal, platformName: WINDOWS, proxy: Proxy(), se:cdp: ws://localhost:52310/devtoo..., se:cdpVersion: 107.0.5304.121, setWindowRect: true, strictFileInteractability: false, timeouts: {implicit: 0, pageLoad: 300000, script: 30000}, unhandledPromptBehavior: dismiss and notify, webauthn:extension:credBlob: true, webauthn:extension:largeBlob: true, webauthn:virtualAuthenticators: true}
Session ID: 378a45d99edc86475032e06950fd91b1 
2022-11-30 02:56:24,028 ERROR [Log] clickNetworkLogo() FAILED because of no such element: Unable to locate element: {"method":"xpath","selector":"//*[@id="home"]/div[4]/header/div/div/div[2]"}
  (Session info: chrome=107.0.5304.121)
For documentation on this error, please visit: https://selenium.dev/exceptions/#no_such_element
Build info: version: '4.6.0', revision: '79f1c02ae20'
System info: os.name: 'Windows 11', os.arch: 'amd64', os.version: '10.0', java.version: '19'
Driver info: org.openqa.selenium.chrome.ChromeDriver
Command: [378a45d99edc86475032e06950fd91b1, findElement {using=xpath, value=//*[@id="home"]/div[4]/header/div/div/div[2]}]
Capabilities {acceptInsecureCerts: false, browserName: chrome, browserVersion: 107.0.5304.121, chrome: {chromedriverVersion: 107.0.5304.62 (1eec40d3a576..., userDataDir: C:\Users\asus\AppData\Local...}, goog:chromeOptions: {debuggerAddress: localhost:52310}, networkConnectionEnabled: false, pageLoadStrategy: normal, platformName: WINDOWS, proxy: Proxy(), se:cdp: ws://localhost:52310/devtoo..., se:cdpVersion: 107.0.5304.121, setWindowRect: true, strictFileInteractability: false, timeouts: {implicit: 0, pageLoad: 300000, script: 30000}, unhandledPromptBehavior: dismiss and notify, webauthn:extension:credBlob: true, webauthn:extension:largeBlob: true, webauthn:virtualAuthenticators: true}
Session ID: 378a45d99edc86475032e06950fd91b1 
2022-11-30 02:56:25,174 INFO  [Log] openCart() PASSED 
2022-11-30 02:56:26,212 ERROR [Log] deleteProduct() FAILED because of no such element: Unable to locate element: {"method":"xpath","selector":"/html/body/div[2]/header/div/div/div[3]/div[2]/div/div/div[2]/div/div[3]"}
  (Session info: chrome=107.0.5304.121)
For documentation on this error, please visit: https://selenium.dev/exceptions/#no_such_element
Build info: version: '4.6.0', revision: '79f1c02ae20'
System info: os.name: 'Windows 11', os.arch: 'amd64', os.version: '10.0', java.version: '19'
Driver info: org.openqa.selenium.chrome.ChromeDriver
Command: [378a45d99edc86475032e06950fd91b1, findElement {using=xpath, value=/html/body/div[2]/header/div/div/div[3]/div[2]/div/div/div[2]/div/div[3]}]
Capabilities {acceptInsecureCerts: false, browserName: chrome, browserVersion: 107.0.5304.121, chrome: {chromedriverVersion: 107.0.5304.62 (1eec40d3a576..., userDataDir: C:\Users\asus\AppData\Local...}, goog:chromeOptions: {debuggerAddress: localhost:52310}, networkConnectionEnabled: false, pageLoadStrategy: normal, platformName: WINDOWS, proxy: Proxy(), se:cdp: ws://localhost:52310/devtoo..., se:cdpVersion: 107.0.5304.121, setWindowRect: true, strictFileInteractability: false, timeouts: {implicit: 0, pageLoad: 300000, script: 30000}, unhandledPromptBehavior: dismiss and notify, webauthn:extension:credBlob: true, webauthn:extension:largeBlob: true, webauthn:virtualAuthenticators: true}
Session ID: 378a45d99edc86475032e06950fd91b1 
2022-11-30 02:56:26,229 INFO  [Log] verifyDeleteCart() PASSED 
2022-11-30 02:57:20,045 INFO  [Log] checkURL() PASSED 
2022-11-30 02:57:23,234 INFO  [Log] searchProduct() PASSED 
2022-11-30 02:57:26,523 INFO  [Log] scrollPage() PASSED 
2022-11-30 02:57:26,525 INFO  [Log] secondURLCheck() PASSED 
2022-11-30 02:57:31,969 ERROR [Log] selectAPoduct() FAILED because of element not interactable
  (Session info: chrome=107.0.5304.121)
Build info: version: '4.6.0', revision: '79f1c02ae20'
System info: os.name: 'Windows 11', os.arch: 'amd64', os.version: '10.0', java.version: '19'
Driver info: org.openqa.selenium.chrome.ChromeDriver
Command: [a483612e081d282865991a191bcb325c, clickElement {id=a5030c1d-f19c-4ab0-a893-b2e3249e3925}]
Capabilities {acceptInsecureCerts: false, browserName: chrome, browserVersion: 107.0.5304.121, chrome: {chromedriverVersion: 107.0.5304.62 (1eec40d3a576..., userDataDir: C:\Users\asus\AppData\Local...}, goog:chromeOptions: {debuggerAddress: localhost:52514}, networkConnectionEnabled: false, pageLoadStrategy: normal, platformName: WINDOWS, proxy: Proxy(), se:cdp: ws://localhost:52514/devtoo..., se:cdpVersion: 107.0.5304.121, setWindowRect: true, strictFileInteractability: false, timeouts: {implicit: 0, pageLoad: 300000, script: 30000}, unhandledPromptBehavior: dismiss and notify, webauthn:extension:credBlob: true, webauthn:extension:largeBlob: true, webauthn:virtualAuthenticators: true}
Element: [[ChromeDriver: chrome on WINDOWS (a483612e081d282865991a191bcb325c)] -> xpath: (//label[@class='radio-box__label'])[1]]
Session ID: a483612e081d282865991a191bcb325c 
2022-11-30 02:57:33,001 ERROR [Log] checkPriceProduct() FAILED because of no such element: Unable to locate element: {"method":"xpath","selector":"/html/body/div[1]/div/div[1]/div[1]/div[2]/div/div[2]/div[2]/div[1]/div[2]"}
  (Session info: chrome=107.0.5304.121)
For documentation on this error, please visit: https://selenium.dev/exceptions/#no_such_element
Build info: version: '4.6.0', revision: '79f1c02ae20'
System info: os.name: 'Windows 11', os.arch: 'amd64', os.version: '10.0', java.version: '19'
Driver info: org.openqa.selenium.chrome.ChromeDriver
Command: [a483612e081d282865991a191bcb325c, findElement {using=xpath, value=/html/body/div[1]/div/div[1]/div[1]/div[2]/div/div[2]/div[2]/div[1]/div[2]}]
Capabilities {acceptInsecureCerts: false, browserName: chrome, browserVersion: 107.0.5304.121, chrome: {chromedriverVersion: 107.0.5304.62 (1eec40d3a576..., userDataDir: C:\Users\asus\AppData\Local...}, goog:chromeOptions: {debuggerAddress: localhost:52514}, networkConnectionEnabled: false, pageLoadStrategy: normal, platformName: WINDOWS, proxy: Proxy(), se:cdp: ws://localhost:52514/devtoo..., se:cdpVersion: 107.0.5304.121, setWindowRect: true, strictFileInteractability: false, timeouts: {implicit: 0, pageLoad: 300000, script: 30000}, unhandledPromptBehavior: dismiss and notify, webauthn:extension:credBlob: true, webauthn:extension:largeBlob: true, webauthn:virtualAuthenticators: true}
Session ID: a483612e081d282865991a191bcb325c 
2022-11-30 02:57:33,026 ERROR [Log] clickContinue() FAILED because of no such element: Unable to locate element: {"method":"xpath","selector":"//*[@class='continueButton n-button large block text-center -primary']"}
  (Session info: chrome=107.0.5304.121)
For documentation on this error, please visit: https://selenium.dev/exceptions/#no_such_element
Build info: version: '4.6.0', revision: '79f1c02ae20'
System info: os.name: 'Windows 11', os.arch: 'amd64', os.version: '10.0', java.version: '19'
Driver info: org.openqa.selenium.chrome.ChromeDriver
Command: [a483612e081d282865991a191bcb325c, findElement {using=xpath, value=//*[@class='continueButton n-button large block text-center -primary']}]
Capabilities {acceptInsecureCerts: false, browserName: chrome, browserVersion: 107.0.5304.121, chrome: {chromedriverVersion: 107.0.5304.62 (1eec40d3a576..., userDataDir: C:\Users\asus\AppData\Local...}, goog:chromeOptions: {debuggerAddress: localhost:52514}, networkConnectionEnabled: false, pageLoadStrategy: normal, platformName: WINDOWS, proxy: Proxy(), se:cdp: ws://localhost:52514/devtoo..., se:cdpVersion: 107.0.5304.121, setWindowRect: true, strictFileInteractability: false, timeouts: {implicit: 0, pageLoad: 300000, script: 30000}, unhandledPromptBehavior: dismiss and notify, webauthn:extension:credBlob: true, webauthn:extension:largeBlob: true, webauthn:virtualAuthenticators: true}
Session ID: a483612e081d282865991a191bcb325c 
2022-11-30 02:57:34,060 ERROR [Log] loginUser() FAILED because of no such element: Unable to locate element: {"method":"css selector","selector":"#n\-input\-email"}
  (Session info: chrome=107.0.5304.121)
For documentation on this error, please visit: https://selenium.dev/exceptions/#no_such_element
Build info: version: '4.6.0', revision: '79f1c02ae20'
System info: os.name: 'Windows 11', os.arch: 'amd64', os.version: '10.0', java.version: '19'
Driver info: org.openqa.selenium.chrome.ChromeDriver
Command: [a483612e081d282865991a191bcb325c, findElement {using=id, value=n-input-email}]
Capabilities {acceptInsecureCerts: false, browserName: chrome, browserVersion: 107.0.5304.121, chrome: {chromedriverVersion: 107.0.5304.62 (1eec40d3a576..., userDataDir: C:\Users\asus\AppData\Local...}, goog:chromeOptions: {debuggerAddress: localhost:52514}, networkConnectionEnabled: false, pageLoadStrategy: normal, platformName: WINDOWS, proxy: Proxy(), se:cdp: ws://localhost:52514/devtoo..., se:cdpVersion: 107.0.5304.121, setWindowRect: true, strictFileInteractability: false, timeouts: {implicit: 0, pageLoad: 300000, script: 30000}, unhandledPromptBehavior: dismiss and notify, webauthn:extension:credBlob: true, webauthn:extension:largeBlob: true, webauthn:virtualAuthenticators: true}
Session ID: a483612e081d282865991a191bcb325c 
2022-11-30 02:57:35,095 ERROR [Log] checkButton() FAILED because of no such element: Unable to locate element: {"method":"xpath","selector":"//*[@id="login"]/button"}
  (Session info: chrome=107.0.5304.121)
For documentation on this error, please visit: https://selenium.dev/exceptions/#no_such_element
Build info: version: '4.6.0', revision: '79f1c02ae20'
System info: os.name: 'Windows 11', os.arch: 'amd64', os.version: '10.0', java.version: '19'
Driver info: org.openqa.selenium.chrome.ChromeDriver
Command: [a483612e081d282865991a191bcb325c, findElement {using=xpath, value=//*[@id="login"]/button}]
Capabilities {acceptInsecureCerts: false, browserName: chrome, browserVersion: 107.0.5304.121, chrome: {chromedriverVersion: 107.0.5304.62 (1eec40d3a576..., userDataDir: C:\Users\asus\AppData\Local...}, goog:chromeOptions: {debuggerAddress: localhost:52514}, networkConnectionEnabled: false, pageLoadStrategy: normal, platformName: WINDOWS, proxy: Proxy(), se:cdp: ws://localhost:52514/devtoo..., se:cdpVersion: 107.0.5304.121, setWindowRect: true, strictFileInteractability: false, timeouts: {implicit: 0, pageLoad: 300000, script: 30000}, unhandledPromptBehavior: dismiss and notify, webauthn:extension:credBlob: true, webauthn:extension:largeBlob: true, webauthn:virtualAuthenticators: true}
Session ID: a483612e081d282865991a191bcb325c 
2022-11-30 02:57:36,146 ERROR [Log] clickNetworkLogo() FAILED because of no such element: Unable to locate element: {"method":"xpath","selector":"//*[@id="home"]/div[4]/header/div/div/div[2]"}
  (Session info: chrome=107.0.5304.121)
For documentation on this error, please visit: https://selenium.dev/exceptions/#no_such_element
Build info: version: '4.6.0', revision: '79f1c02ae20'
System info: os.name: 'Windows 11', os.arch: 'amd64', os.version: '10.0', java.version: '19'
Driver info: org.openqa.selenium.chrome.ChromeDriver
Command: [a483612e081d282865991a191bcb325c, findElement {using=xpath, value=//*[@id="home"]/div[4]/header/div/div/div[2]}]
Capabilities {acceptInsecureCerts: false, browserName: chrome, browserVersion: 107.0.5304.121, chrome: {chromedriverVersion: 107.0.5304.62 (1eec40d3a576..., userDataDir: C:\Users\asus\AppData\Local...}, goog:chromeOptions: {debuggerAddress: localhost:52514}, networkConnectionEnabled: false, pageLoadStrategy: normal, platformName: WINDOWS, proxy: Proxy(), se:cdp: ws://localhost:52514/devtoo..., se:cdpVersion: 107.0.5304.121, setWindowRect: true, strictFileInteractability: false, timeouts: {implicit: 0, pageLoad: 300000, script: 30000}, unhandledPromptBehavior: dismiss and notify, webauthn:extension:credBlob: true, webauthn:extension:largeBlob: true, webauthn:virtualAuthenticators: true}
Session ID: a483612e081d282865991a191bcb325c 
2022-11-30 02:57:37,282 INFO  [Log] openCart() PASSED 
2022-11-30 02:57:38,317 ERROR [Log] deleteProduct() FAILED because of no such element: Unable to locate element: {"method":"xpath","selector":"/html/body/div[2]/header/div/div/div[3]/div[2]/div/div/div[2]/div/div[3]"}
  (Session info: chrome=107.0.5304.121)
For documentation on this error, please visit: https://selenium.dev/exceptions/#no_such_element
Build info: version: '4.6.0', revision: '79f1c02ae20'
System info: os.name: 'Windows 11', os.arch: 'amd64', os.version: '10.0', java.version: '19'
Driver info: org.openqa.selenium.chrome.ChromeDriver
Command: [a483612e081d282865991a191bcb325c, findElement {using=xpath, value=/html/body/div[2]/header/div/div/div[3]/div[2]/div/div/div[2]/div/div[3]}]
Capabilities {acceptInsecureCerts: false, browserName: chrome, browserVersion: 107.0.5304.121, chrome: {chromedriverVersion: 107.0.5304.62 (1eec40d3a576..., userDataDir: C:\Users\asus\AppData\Local...}, goog:chromeOptions: {debuggerAddress: localhost:52514}, networkConnectionEnabled: false, pageLoadStrategy: normal, platformName: WINDOWS, proxy: Proxy(), se:cdp: ws://localhost:52514/devtoo..., se:cdpVersion: 107.0.5304.121, setWindowRect: true, strictFileInteractability: false, timeouts: {implicit: 0, pageLoad: 300000, script: 30000}, unhandledPromptBehavior: dismiss and notify, webauthn:extension:credBlob: true, webauthn:extension:largeBlob: true, webauthn:virtualAuthenticators: true}
Session ID: a483612e081d282865991a191bcb325c 
2022-11-30 02:57:38,339 INFO  [Log] verifyDeleteCart() PASSED 
2022-11-30 03:10:16,680 INFO  [Log] checkURL() PASSED 
2022-11-30 03:10:20,416 INFO  [Log] searchProduct() PASSED 
2022-11-30 03:10:23,719 INFO  [Log] scrollPage() PASSED 
2022-11-30 03:10:23,721 INFO  [Log] secondURLCheck() PASSED 
2022-11-30 03:10:29,622 ERROR [Log] selectAPoduct() FAILED because of expected: <2.799,00 TL> but was: <849,00 TL> 
2022-11-30 03:10:30,690 ERROR [Log] checkPriceProduct() FAILED because of 2.799,00 TL expected:<[849,00 TL]> but was:<[Discount Applied.]> 
2022-11-30 03:10:30,743 INFO  [Log] clickContinue() PASSED 
2022-11-30 03:10:35,513 INFO  [Log] loginUser() PASSED 
2022-11-30 03:10:36,563 INFO  [Log] checkButton() PASSED 
2022-11-30 03:10:39,092 INFO  [Log] clickNetworkLogo() PASSED 
2022-11-30 03:10:40,209 INFO  [Log] openCart() PASSED 
2022-11-30 03:10:41,372 INFO  [Log] deleteProduct() PASSED 
2022-11-30 03:10:41,411 INFO  [Log] verifyDeleteCart() PASSED 
2022-11-30 03:11:54,164 INFO  [Log] checkURL() PASSED 
2022-11-30 03:11:57,465 INFO  [Log] searchProduct() PASSED 
2022-11-30 03:12:00,947 INFO  [Log] scrollPage() PASSED 
2022-11-30 03:12:00,951 INFO  [Log] secondURLCheck() PASSED 
2022-11-30 03:12:06,528 ERROR [Log] selectAPoduct() FAILED because of expected: <2.799,00 TL> but was: <849,00 TL> 
2022-11-30 03:12:07,610 ERROR [Log] checkPriceProduct() FAILED because of 2.799,00 TL expected:<[849,00 TL]> but was:<[Discount Applied.]> 
2022-11-30 03:12:07,671 INFO  [Log] clickContinue() PASSED 
2022-11-30 03:12:11,200 INFO  [Log] loginUser() PASSED 
2022-11-30 03:12:12,239 INFO  [Log] checkButton() PASSED 
2022-11-30 03:12:15,321 INFO  [Log] clickNetworkLogo() PASSED 
2022-11-30 03:12:16,418 INFO  [Log] openCart() PASSED 
2022-11-30 03:12:17,576 INFO  [Log] deleteProduct() PASSED 
2022-11-30 03:12:17,607 INFO  [Log] verifyDeleteCart() PASSED 
2022-11-30 03:12:42,406 INFO  [Log] checkURL() PASSED 
2022-11-30 03:12:45,696 INFO  [Log] searchProduct() PASSED 
2022-11-30 03:12:48,999 INFO  [Log] scrollPage() PASSED 
2022-11-30 03:12:49,001 INFO  [Log] secondURLCheck() PASSED 
2022-11-30 03:12:51,450 ERROR [Log] selectAPoduct() FAILED because of element not interactable
  (Session info: chrome=107.0.5304.121)
Build info: version: '4.6.0', revision: '79f1c02ae20'
System info: os.name: 'Windows 11', os.arch: 'amd64', os.version: '10.0', java.version: '19'
Driver info: org.openqa.selenium.chrome.ChromeDriver
Command: [62407efaa2bfa9f06064b97e93aca7c7, clickElement {id=81d952ae-5ede-4e0c-9393-bbdcd588910d}]
Capabilities {acceptInsecureCerts: false, browserName: chrome, browserVersion: 107.0.5304.121, chrome: {chromedriverVersion: 107.0.5304.62 (1eec40d3a576..., userDataDir: C:\Users\asus\AppData\Local...}, goog:chromeOptions: {debuggerAddress: localhost:53481}, networkConnectionEnabled: false, pageLoadStrategy: normal, platformName: WINDOWS, proxy: Proxy(), se:cdp: ws://localhost:53481/devtoo..., se:cdpVersion: 107.0.5304.121, setWindowRect: true, strictFileInteractability: false, timeouts: {implicit: 0, pageLoad: 300000, script: 30000}, unhandledPromptBehavior: dismiss and notify, webauthn:extension:credBlob: true, webauthn:extension:largeBlob: true, webauthn:virtualAuthenticators: true}
Element: [[ChromeDriver: chrome on WINDOWS (62407efaa2bfa9f06064b97e93aca7c7)] -> xpath: /html/body/div[3]/div/div[2]/div[2]/div[1]/div[3]/div[1]/div[49]/div/div[1]/div/div/div/div[2]]
Session ID: 62407efaa2bfa9f06064b97e93aca7c7 
2022-11-30 03:12:52,493 ERROR [Log] checkPriceProduct() FAILED because of no such element: Unable to locate element: {"method":"xpath","selector":"/html/body/div[1]/div/div[1]/div[1]/div[2]/div/div[2]/div[2]/div[1]/div[2]"}
  (Session info: chrome=107.0.5304.121)
For documentation on this error, please visit: https://selenium.dev/exceptions/#no_such_element
Build info: version: '4.6.0', revision: '79f1c02ae20'
System info: os.name: 'Windows 11', os.arch: 'amd64', os.version: '10.0', java.version: '19'
Driver info: org.openqa.selenium.chrome.ChromeDriver
Command: [62407efaa2bfa9f06064b97e93aca7c7, findElement {using=xpath, value=/html/body/div[1]/div/div[1]/div[1]/div[2]/div/div[2]/div[2]/div[1]/div[2]}]
Capabilities {acceptInsecureCerts: false, browserName: chrome, browserVersion: 107.0.5304.121, chrome: {chromedriverVersion: 107.0.5304.62 (1eec40d3a576..., userDataDir: C:\Users\asus\AppData\Local...}, goog:chromeOptions: {debuggerAddress: localhost:53481}, networkConnectionEnabled: false, pageLoadStrategy: normal, platformName: WINDOWS, proxy: Proxy(), se:cdp: ws://localhost:53481/devtoo..., se:cdpVersion: 107.0.5304.121, setWindowRect: true, strictFileInteractability: false, timeouts: {implicit: 0, pageLoad: 300000, script: 30000}, unhandledPromptBehavior: dismiss and notify, webauthn:extension:credBlob: true, webauthn:extension:largeBlob: true, webauthn:virtualAuthenticators: true}
Session ID: 62407efaa2bfa9f06064b97e93aca7c7 
2022-11-30 03:12:52,526 ERROR [Log] clickContinue() FAILED because of no such element: Unable to locate element: {"method":"xpath","selector":"//*[@class='continueButton n-button large block text-center -primary']"}
  (Session info: chrome=107.0.5304.121)
For documentation on this error, please visit: https://selenium.dev/exceptions/#no_such_element
Build info: version: '4.6.0', revision: '79f1c02ae20'
System info: os.name: 'Windows 11', os.arch: 'amd64', os.version: '10.0', java.version: '19'
Driver info: org.openqa.selenium.chrome.ChromeDriver
Command: [62407efaa2bfa9f06064b97e93aca7c7, findElement {using=xpath, value=//*[@class='continueButton n-button large block text-center -primary']}]
Capabilities {acceptInsecureCerts: false, browserName: chrome, browserVersion: 107.0.5304.121, chrome: {chromedriverVersion: 107.0.5304.62 (1eec40d3a576..., userDataDir: C:\Users\asus\AppData\Local...}, goog:chromeOptions: {debuggerAddress: localhost:53481}, networkConnectionEnabled: false, pageLoadStrategy: normal, platformName: WINDOWS, proxy: Proxy(), se:cdp: ws://localhost:53481/devtoo..., se:cdpVersion: 107.0.5304.121, setWindowRect: true, strictFileInteractability: false, timeouts: {implicit: 0, pageLoad: 300000, script: 30000}, unhandledPromptBehavior: dismiss and notify, webauthn:extension:credBlob: true, webauthn:extension:largeBlob: true, webauthn:virtualAuthenticators: true}
Session ID: 62407efaa2bfa9f06064b97e93aca7c7 
2022-11-30 03:12:53,559 ERROR [Log] loginUser() FAILED because of no such element: Unable to locate element: {"method":"css selector","selector":"#n\-input\-email"}
  (Session info: chrome=107.0.5304.121)
For documentation on this error, please visit: https://selenium.dev/exceptions/#no_such_element
Build info: version: '4.6.0', revision: '79f1c02ae20'
System info: os.name: 'Windows 11', os.arch: 'amd64', os.version: '10.0', java.version: '19'
Driver info: org.openqa.selenium.chrome.ChromeDriver
Command: [62407efaa2bfa9f06064b97e93aca7c7, findElement {using=id, value=n-input-email}]
Capabilities {acceptInsecureCerts: false, browserName: chrome, browserVersion: 107.0.5304.121, chrome: {chromedriverVersion: 107.0.5304.62 (1eec40d3a576..., userDataDir: C:\Users\asus\AppData\Local...}, goog:chromeOptions: {debuggerAddress: localhost:53481}, networkConnectionEnabled: false, pageLoadStrategy: normal, platformName: WINDOWS, proxy: Proxy(), se:cdp: ws://localhost:53481/devtoo..., se:cdpVersion: 107.0.5304.121, setWindowRect: true, strictFileInteractability: false, timeouts: {implicit: 0, pageLoad: 300000, script: 30000}, unhandledPromptBehavior: dismiss and notify, webauthn:extension:credBlob: true, webauthn:extension:largeBlob: true, webauthn:virtualAuthenticators: true}
Session ID: 62407efaa2bfa9f06064b97e93aca7c7 
2022-11-30 03:12:54,581 ERROR [Log] checkButton() FAILED because of no such element: Unable to locate element: {"method":"xpath","selector":"//*[@id="login"]/button"}
  (Session info: chrome=107.0.5304.121)
For documentation on this error, please visit: https://selenium.dev/exceptions/#no_such_element
Build info: version: '4.6.0', revision: '79f1c02ae20'
System info: os.name: 'Windows 11', os.arch: 'amd64', os.version: '10.0', java.version: '19'
Driver info: org.openqa.selenium.chrome.ChromeDriver
Command: [62407efaa2bfa9f06064b97e93aca7c7, findElement {using=xpath, value=//*[@id="login"]/button}]
Capabilities {acceptInsecureCerts: false, browserName: chrome, browserVersion: 107.0.5304.121, chrome: {chromedriverVersion: 107.0.5304.62 (1eec40d3a576..., userDataDir: C:\Users\asus\AppData\Local...}, goog:chromeOptions: {debuggerAddress: localhost:53481}, networkConnectionEnabled: false, pageLoadStrategy: normal, platformName: WINDOWS, proxy: Proxy(), se:cdp: ws://localhost:53481/devtoo..., se:cdpVersion: 107.0.5304.121, setWindowRect: true, strictFileInteractability: false, timeouts: {implicit: 0, pageLoad: 300000, script: 30000}, unhandledPromptBehavior: dismiss and notify, webauthn:extension:credBlob: true, webauthn:extension:largeBlob: true, webauthn:virtualAuthenticators: true}
Session ID: 62407efaa2bfa9f06064b97e93aca7c7 
2022-11-30 03:12:55,616 ERROR [Log] clickNetworkLogo() FAILED because of no such element: Unable to locate element: {"method":"xpath","selector":"//*[@id="home"]/div[4]/header/div/div/div[2]"}
  (Session info: chrome=107.0.5304.121)
For documentation on this error, please visit: https://selenium.dev/exceptions/#no_such_element
Build info: version: '4.6.0', revision: '79f1c02ae20'
System info: os.name: 'Windows 11', os.arch: 'amd64', os.version: '10.0', java.version: '19'
Driver info: org.openqa.selenium.chrome.ChromeDriver
Command: [62407efaa2bfa9f06064b97e93aca7c7, findElement {using=xpath, value=//*[@id="home"]/div[4]/header/div/div/div[2]}]
Capabilities {acceptInsecureCerts: false, browserName: chrome, browserVersion: 107.0.5304.121, chrome: {chromedriverVersion: 107.0.5304.62 (1eec40d3a576..., userDataDir: C:\Users\asus\AppData\Local...}, goog:chromeOptions: {debuggerAddress: localhost:53481}, networkConnectionEnabled: false, pageLoadStrategy: normal, platformName: WINDOWS, proxy: Proxy(), se:cdp: ws://localhost:53481/devtoo..., se:cdpVersion: 107.0.5304.121, setWindowRect: true, strictFileInteractability: false, timeouts: {implicit: 0, pageLoad: 300000, script: 30000}, unhandledPromptBehavior: dismiss and notify, webauthn:extension:credBlob: true, webauthn:extension:largeBlob: true, webauthn:virtualAuthenticators: true}
Session ID: 62407efaa2bfa9f06064b97e93aca7c7 
2022-11-30 03:12:56,728 INFO  [Log] openCart() PASSED 
2022-11-30 03:12:57,758 ERROR [Log] deleteProduct() FAILED because of no such element: Unable to locate element: {"method":"xpath","selector":"/html/body/div[2]/header/div/div/div[3]/div[2]/div/div/div[2]/div/div[3]"}
  (Session info: chrome=107.0.5304.121)
For documentation on this error, please visit: https://selenium.dev/exceptions/#no_such_element
Build info: version: '4.6.0', revision: '79f1c02ae20'
System info: os.name: 'Windows 11', os.arch: 'amd64', os.version: '10.0', java.version: '19'
Driver info: org.openqa.selenium.chrome.ChromeDriver
Command: [62407efaa2bfa9f06064b97e93aca7c7, findElement {using=xpath, value=/html/body/div[2]/header/div/div/div[3]/div[2]/div/div/div[2]/div/div[3]}]
Capabilities {acceptInsecureCerts: false, browserName: chrome, browserVersion: 107.0.5304.121, chrome: {chromedriverVersion: 107.0.5304.62 (1eec40d3a576..., userDataDir: C:\Users\asus\AppData\Local...}, goog:chromeOptions: {debuggerAddress: localhost:53481}, networkConnectionEnabled: false, pageLoadStrategy: normal, platformName: WINDOWS, proxy: Proxy(), se:cdp: ws://localhost:53481/devtoo..., se:cdpVersion: 107.0.5304.121, setWindowRect: true, strictFileInteractability: false, timeouts: {implicit: 0, pageLoad: 300000, script: 30000}, unhandledPromptBehavior: dismiss and notify, webauthn:extension:credBlob: true, webauthn:extension:largeBlob: true, webauthn:virtualAuthenticators: true}
Session ID: 62407efaa2bfa9f06064b97e93aca7c7 
2022-11-30 03:12:57,781 INFO  [Log] verifyDeleteCart() PASSED 
2022-11-30 03:18:02,672 INFO  [Log] checkURL() PASSED 
2022-11-30 03:18:06,598 INFO  [Log] searchProduct() PASSED 
2022-11-30 03:18:09,960 INFO  [Log] scrollPage() PASSED 
2022-11-30 03:18:09,965 INFO  [Log] secondURLCheck() PASSED 
2022-11-30 03:18:15,951 ERROR [Log] selectAPoduct() FAILED because of expected: <2.799,00 TL> but was: <1.149,00 TL> 
2022-11-30 03:18:17,018 ERROR [Log] checkPriceProduct() FAILED because of 2.799,00 TL expected:<[1.149,00 TL]> but was:<[Discount Applied.]> 
2022-11-30 03:18:17,072 INFO  [Log] clickContinue() PASSED 
2022-11-30 03:18:20,464 INFO  [Log] loginUser() PASSED 
2022-11-30 03:18:21,509 INFO  [Log] checkButton() PASSED 
2022-11-30 03:18:24,453 INFO  [Log] clickNetworkLogo() PASSED 
2022-11-30 03:18:25,561 INFO  [Log] openCart() PASSED 
2022-11-30 03:18:26,743 INFO  [Log] deleteProduct() PASSED 
2022-11-30 03:18:26,788 INFO  [Log] verifyDeleteCart() PASSED 
2022-11-30 03:19:33,271 INFO  [Log] checkURL() PASSED 
2022-11-30 03:19:36,371 INFO  [Log] searchProduct() PASSED 
2022-11-30 03:19:39,720 INFO  [Log] scrollPage() PASSED 
2022-11-30 03:19:39,722 INFO  [Log] secondURLCheck() PASSED 
2022-11-30 03:19:43,179 ERROR [Log] selectAPoduct() FAILED because of element not interactable
  (Session info: chrome=107.0.5304.121)
Build info: version: '4.6.0', revision: '79f1c02ae20'
System info: os.name: 'Windows 11', os.arch: 'amd64', os.version: '10.0', java.version: '19'
Driver info: org.openqa.selenium.chrome.ChromeDriver
Command: [9a6cec8e7f7896b0b74435e9c860891f, clickElement {id=eb721fc8-fdb6-4578-bf02-f4f784b99a10}]
Capabilities {acceptInsecureCerts: false, browserName: chrome, browserVersion: 107.0.5304.121, chrome: {chromedriverVersion: 107.0.5304.62 (1eec40d3a576..., userDataDir: C:\Users\asus\AppData\Local...}, goog:chromeOptions: {debuggerAddress: localhost:54169}, networkConnectionEnabled: false, pageLoadStrategy: normal, platformName: WINDOWS, proxy: Proxy(), se:cdp: ws://localhost:54169/devtoo..., se:cdpVersion: 107.0.5304.121, setWindowRect: true, strictFileInteractability: false, timeouts: {implicit: 0, pageLoad: 300000, script: 30000}, unhandledPromptBehavior: dismiss and notify, webauthn:extension:credBlob: true, webauthn:extension:largeBlob: true, webauthn:virtualAuthenticators: true}
Element: [[ChromeDriver: chrome on WINDOWS (9a6cec8e7f7896b0b74435e9c860891f)] -> xpath: (//label[@class='radio-box__label'])[1]]
Session ID: 9a6cec8e7f7896b0b74435e9c860891f 
2022-11-30 03:19:44,215 ERROR [Log] checkPriceProduct() FAILED because of no such element: Unable to locate element: {"method":"xpath","selector":"/html/body/div[1]/div/div[1]/div[1]/div[2]/div/div[2]/div[2]/div[1]/div[2]"}
  (Session info: chrome=107.0.5304.121)
For documentation on this error, please visit: https://selenium.dev/exceptions/#no_such_element
Build info: version: '4.6.0', revision: '79f1c02ae20'
System info: os.name: 'Windows 11', os.arch: 'amd64', os.version: '10.0', java.version: '19'
Driver info: org.openqa.selenium.chrome.ChromeDriver
Command: [9a6cec8e7f7896b0b74435e9c860891f, findElement {using=xpath, value=/html/body/div[1]/div/div[1]/div[1]/div[2]/div/div[2]/div[2]/div[1]/div[2]}]
Capabilities {acceptInsecureCerts: false, browserName: chrome, browserVersion: 107.0.5304.121, chrome: {chromedriverVersion: 107.0.5304.62 (1eec40d3a576..., userDataDir: C:\Users\asus\AppData\Local...}, goog:chromeOptions: {debuggerAddress: localhost:54169}, networkConnectionEnabled: false, pageLoadStrategy: normal, platformName: WINDOWS, proxy: Proxy(), se:cdp: ws://localhost:54169/devtoo..., se:cdpVersion: 107.0.5304.121, setWindowRect: true, strictFileInteractability: false, timeouts: {implicit: 0, pageLoad: 300000, script: 30000}, unhandledPromptBehavior: dismiss and notify, webauthn:extension:credBlob: true, webauthn:extension:largeBlob: true, webauthn:virtualAuthenticators: true}
Session ID: 9a6cec8e7f7896b0b74435e9c860891f 
2022-11-30 03:19:44,241 ERROR [Log] clickContinue() FAILED because of no such element: Unable to locate element: {"method":"xpath","selector":"//*[@class='continueButton n-button large block text-center -primary']"}
  (Session info: chrome=107.0.5304.121)
For documentation on this error, please visit: https://selenium.dev/exceptions/#no_such_element
Build info: version: '4.6.0', revision: '79f1c02ae20'
System info: os.name: 'Windows 11', os.arch: 'amd64', os.version: '10.0', java.version: '19'
Driver info: org.openqa.selenium.chrome.ChromeDriver
Command: [9a6cec8e7f7896b0b74435e9c860891f, findElement {using=xpath, value=//*[@class='continueButton n-button large block text-center -primary']}]
Capabilities {acceptInsecureCerts: false, browserName: chrome, browserVersion: 107.0.5304.121, chrome: {chromedriverVersion: 107.0.5304.62 (1eec40d3a576..., userDataDir: C:\Users\asus\AppData\Local...}, goog:chromeOptions: {debuggerAddress: localhost:54169}, networkConnectionEnabled: false, pageLoadStrategy: normal, platformName: WINDOWS, proxy: Proxy(), se:cdp: ws://localhost:54169/devtoo..., se:cdpVersion: 107.0.5304.121, setWindowRect: true, strictFileInteractability: false, timeouts: {implicit: 0, pageLoad: 300000, script: 30000}, unhandledPromptBehavior: dismiss and notify, webauthn:extension:credBlob: true, webauthn:extension:largeBlob: true, webauthn:virtualAuthenticators: true}
Session ID: 9a6cec8e7f7896b0b74435e9c860891f 
2022-11-30 03:19:45,265 ERROR [Log] loginUser() FAILED because of no such element: Unable to locate element: {"method":"css selector","selector":"#n\-input\-email"}
  (Session info: chrome=107.0.5304.121)
For documentation on this error, please visit: https://selenium.dev/exceptions/#no_such_element
Build info: version: '4.6.0', revision: '79f1c02ae20'
System info: os.name: 'Windows 11', os.arch: 'amd64', os.version: '10.0', java.version: '19'
Driver info: org.openqa.selenium.chrome.ChromeDriver
Command: [9a6cec8e7f7896b0b74435e9c860891f, findElement {using=id, value=n-input-email}]
Capabilities {acceptInsecureCerts: false, browserName: chrome, browserVersion: 107.0.5304.121, chrome: {chromedriverVersion: 107.0.5304.62 (1eec40d3a576..., userDataDir: C:\Users\asus\AppData\Local...}, goog:chromeOptions: {debuggerAddress: localhost:54169}, networkConnectionEnabled: false, pageLoadStrategy: normal, platformName: WINDOWS, proxy: Proxy(), se:cdp: ws://localhost:54169/devtoo..., se:cdpVersion: 107.0.5304.121, setWindowRect: true, strictFileInteractability: false, timeouts: {implicit: 0, pageLoad: 300000, script: 30000}, unhandledPromptBehavior: dismiss and notify, webauthn:extension:credBlob: true, webauthn:extension:largeBlob: true, webauthn:virtualAuthenticators: true}
Session ID: 9a6cec8e7f7896b0b74435e9c860891f 
2022-11-30 03:19:46,289 ERROR [Log] checkButton() FAILED because of no such element: Unable to locate element: {"method":"xpath","selector":"//*[@id="login"]/button"}
  (Session info: chrome=107.0.5304.121)
For documentation on this error, please visit: https://selenium.dev/exceptions/#no_such_element
Build info: version: '4.6.0', revision: '79f1c02ae20'
System info: os.name: 'Windows 11', os.arch: 'amd64', os.version: '10.0', java.version: '19'
Driver info: org.openqa.selenium.chrome.ChromeDriver
Command: [9a6cec8e7f7896b0b74435e9c860891f, findElement {using=xpath, value=//*[@id="login"]/button}]
Capabilities {acceptInsecureCerts: false, browserName: chrome, browserVersion: 107.0.5304.121, chrome: {chromedriverVersion: 107.0.5304.62 (1eec40d3a576..., userDataDir: C:\Users\asus\AppData\Local...}, goog:chromeOptions: {debuggerAddress: localhost:54169}, networkConnectionEnabled: false, pageLoadStrategy: normal, platformName: WINDOWS, proxy: Proxy(), se:cdp: ws://localhost:54169/devtoo..., se:cdpVersion: 107.0.5304.121, setWindowRect: true, strictFileInteractability: false, timeouts: {implicit: 0, pageLoad: 300000, script: 30000}, unhandledPromptBehavior: dismiss and notify, webauthn:extension:credBlob: true, webauthn:extension:largeBlob: true, webauthn:virtualAuthenticators: true}
Session ID: 9a6cec8e7f7896b0b74435e9c860891f 
2022-11-30 03:19:47,324 ERROR [Log] clickNetworkLogo() FAILED because of no such element: Unable to locate element: {"method":"xpath","selector":"//*[@id="home"]/div[4]/header/div/div/div[2]"}
  (Session info: chrome=107.0.5304.121)
For documentation on this error, please visit: https://selenium.dev/exceptions/#no_such_element
Build info: version: '4.6.0', revision: '79f1c02ae20'
System info: os.name: 'Windows 11', os.arch: 'amd64', os.version: '10.0', java.version: '19'
Driver info: org.openqa.selenium.chrome.ChromeDriver
Command: [9a6cec8e7f7896b0b74435e9c860891f, findElement {using=xpath, value=//*[@id="home"]/div[4]/header/div/div/div[2]}]
Capabilities {acceptInsecureCerts: false, browserName: chrome, browserVersion: 107.0.5304.121, chrome: {chromedriverVersion: 107.0.5304.62 (1eec40d3a576..., userDataDir: C:\Users\asus\AppData\Local...}, goog:chromeOptions: {debuggerAddress: localhost:54169}, networkConnectionEnabled: false, pageLoadStrategy: normal, platformName: WINDOWS, proxy: Proxy(), se:cdp: ws://localhost:54169/devtoo..., se:cdpVersion: 107.0.5304.121, setWindowRect: true, strictFileInteractability: false, timeouts: {implicit: 0, pageLoad: 300000, script: 30000}, unhandledPromptBehavior: dismiss and notify, webauthn:extension:credBlob: true, webauthn:extension:largeBlob: true, webauthn:virtualAuthenticators: true}
Session ID: 9a6cec8e7f7896b0b74435e9c860891f 
2022-11-30 03:19:48,442 INFO  [Log] openCart() PASSED 
2022-11-30 03:19:49,464 ERROR [Log] deleteProduct() FAILED because of no such element: Unable to locate element: {"method":"xpath","selector":"/html/body/div[2]/header/div/div/div[3]/div[2]/div/div/div[2]/div/div[3]"}
  (Session info: chrome=107.0.5304.121)
For documentation on this error, please visit: https://selenium.dev/exceptions/#no_such_element
Build info: version: '4.6.0', revision: '79f1c02ae20'
System info: os.name: 'Windows 11', os.arch: 'amd64', os.version: '10.0', java.version: '19'
Driver info: org.openqa.selenium.chrome.ChromeDriver
Command: [9a6cec8e7f7896b0b74435e9c860891f, findElement {using=xpath, value=/html/body/div[2]/header/div/div/div[3]/div[2]/div/div/div[2]/div/div[3]}]
Capabilities {acceptInsecureCerts: false, browserName: chrome, browserVersion: 107.0.5304.121, chrome: {chromedriverVersion: 107.0.5304.62 (1eec40d3a576..., userDataDir: C:\Users\asus\AppData\Local...}, goog:chromeOptions: {debuggerAddress: localhost:54169}, networkConnectionEnabled: false, pageLoadStrategy: normal, platformName: WINDOWS, proxy: Proxy(), se:cdp: ws://localhost:54169/devtoo..., se:cdpVersion: 107.0.5304.121, setWindowRect: true, strictFileInteractability: false, timeouts: {implicit: 0, pageLoad: 300000, script: 30000}, unhandledPromptBehavior: dismiss and notify, webauthn:extension:credBlob: true, webauthn:extension:largeBlob: true, webauthn:virtualAuthenticators: true}
Session ID: 9a6cec8e7f7896b0b74435e9c860891f 
2022-11-30 03:19:49,480 INFO  [Log] verifyDeleteCart() PASSED 
2022-11-30 03:26:07,329 INFO  [Log] checkURL() PASSED 
2022-11-30 03:26:10,828 INFO  [Log] searchProduct() PASSED 
2022-11-30 03:26:14,281 INFO  [Log] scrollPage() PASSED 
2022-11-30 03:26:14,284 INFO  [Log] secondURLCheck() PASSED 
2022-11-30 03:26:21,362 ERROR [Log] selectAPoduct() FAILED because of expected: <2.799,00 TL> but was: <1.149,00 TL> 
2022-11-30 03:26:22,429 ERROR [Log] checkPriceProduct() FAILED because of 2.799,00 TL expected:<[1.149,00 TL]> but was:<[Discount Applied.]> 
2022-11-30 03:26:22,496 INFO  [Log] clickContinue() PASSED 
2022-11-30 03:26:25,020 INFO  [Log] loginUser() PASSED 
2022-11-30 03:26:26,041 ERROR [Log] checkButton() FAILED because of no such window: target window already closed
from unknown error: web view not found
  (Session info: chrome=107.0.5304.121)
Build info: version: '4.6.0', revision: '79f1c02ae20'
System info: os.name: 'Windows 11', os.arch: 'amd64', os.version: '10.0', java.version: '19'
Driver info: org.openqa.selenium.chrome.ChromeDriver
Command: [7fb547fe036824cc384cb3ed53628d79, findElement {using=xpath, value=//*[@id="login"]/button}]
Capabilities {acceptInsecureCerts: false, browserName: chrome, browserVersion: 107.0.5304.121, chrome: {chromedriverVersion: 107.0.5304.62 (1eec40d3a576..., userDataDir: C:\Users\asus\AppData\Local...}, goog:chromeOptions: {debuggerAddress: localhost:54689}, networkConnectionEnabled: false, pageLoadStrategy: normal, platformName: WINDOWS, proxy: Proxy(), se:cdp: ws://localhost:54689/devtoo..., se:cdpVersion: 107.0.5304.121, setWindowRect: true, strictFileInteractability: false, timeouts: {implicit: 0, pageLoad: 300000, script: 30000}, unhandledPromptBehavior: dismiss and notify, webauthn:extension:credBlob: true, webauthn:extension:largeBlob: true, webauthn:virtualAuthenticators: true}
Session ID: 7fb547fe036824cc384cb3ed53628d79 
2022-11-30 03:26:27,059 ERROR [Log] clickNetworkLogo() FAILED because of no such window: target window already closed
from unknown error: web view not found
  (Session info: chrome=107.0.5304.121)
Build info: version: '4.6.0', revision: '79f1c02ae20'
System info: os.name: 'Windows 11', os.arch: 'amd64', os.version: '10.0', java.version: '19'
Driver info: org.openqa.selenium.chrome.ChromeDriver
Command: [7fb547fe036824cc384cb3ed53628d79, findElement {using=xpath, value=//*[@id="home"]/div[4]/header/div/div/div[2]}]
Capabilities {acceptInsecureCerts: false, browserName: chrome, browserVersion: 107.0.5304.121, chrome: {chromedriverVersion: 107.0.5304.62 (1eec40d3a576..., userDataDir: C:\Users\asus\AppData\Local...}, goog:chromeOptions: {debuggerAddress: localhost:54689}, networkConnectionEnabled: false, pageLoadStrategy: normal, platformName: WINDOWS, proxy: Proxy(), se:cdp: ws://localhost:54689/devtoo..., se:cdpVersion: 107.0.5304.121, setWindowRect: true, strictFileInteractability: false, timeouts: {implicit: 0, pageLoad: 300000, script: 30000}, unhandledPromptBehavior: dismiss and notify, webauthn:extension:credBlob: true, webauthn:extension:largeBlob: true, webauthn:virtualAuthenticators: true}
Session ID: 7fb547fe036824cc384cb3ed53628d79 
2022-11-30 03:26:28,086 ERROR [Log] openCart() FAILED because of no such window: target window already closed
from unknown error: web view not found
  (Session info: chrome=107.0.5304.121)
Build info: version: '4.6.0', revision: '79f1c02ae20'
System info: os.name: 'Windows 11', os.arch: 'amd64', os.version: '10.0', java.version: '19'
Driver info: org.openqa.selenium.chrome.ChromeDriver
Command: [7fb547fe036824cc384cb3ed53628d79, findElement {using=xpath, value=/html/body/div[2]/header/div/div/div[3]/div[2]}]
Capabilities {acceptInsecureCerts: false, browserName: chrome, browserVersion: 107.0.5304.121, chrome: {chromedriverVersion: 107.0.5304.62 (1eec40d3a576..., userDataDir: C:\Users\asus\AppData\Local...}, goog:chromeOptions: {debuggerAddress: localhost:54689}, networkConnectionEnabled: false, pageLoadStrategy: normal, platformName: WINDOWS, proxy: Proxy(), se:cdp: ws://localhost:54689/devtoo..., se:cdpVersion: 107.0.5304.121, setWindowRect: true, strictFileInteractability: false, timeouts: {implicit: 0, pageLoad: 300000, script: 30000}, unhandledPromptBehavior: dismiss and notify, webauthn:extension:credBlob: true, webauthn:extension:largeBlob: true, webauthn:virtualAuthenticators: true}
Session ID: 7fb547fe036824cc384cb3ed53628d79 
2022-11-30 03:26:29,106 ERROR [Log] deleteProduct() FAILED because of no such window: target window already closed
from unknown error: web view not found
  (Session info: chrome=107.0.5304.121)
Build info: version: '4.6.0', revision: '79f1c02ae20'
System info: os.name: 'Windows 11', os.arch: 'amd64', os.version: '10.0', java.version: '19'
Driver info: org.openqa.selenium.chrome.ChromeDriver
Command: [7fb547fe036824cc384cb3ed53628d79, findElement {using=xpath, value=/html/body/div[2]/header/div/div/div[3]/div[2]/div/div/div[2]/div/div[3]}]
Capabilities {acceptInsecureCerts: false, browserName: chrome, browserVersion: 107.0.5304.121, chrome: {chromedriverVersion: 107.0.5304.62 (1eec40d3a576..., userDataDir: C:\Users\asus\AppData\Local...}, goog:chromeOptions: {debuggerAddress: localhost:54689}, networkConnectionEnabled: false, pageLoadStrategy: normal, platformName: WINDOWS, proxy: Proxy(), se:cdp: ws://localhost:54689/devtoo..., se:cdpVersion: 107.0.5304.121, setWindowRect: true, strictFileInteractability: false, timeouts: {implicit: 0, pageLoad: 300000, script: 30000}, unhandledPromptBehavior: dismiss and notify, webauthn:extension:credBlob: true, webauthn:extension:largeBlob: true, webauthn:virtualAuthenticators: true}
Session ID: 7fb547fe036824cc384cb3ed53628d79 
2022-11-30 03:26:29,118 ERROR [Log] verifyDeleteCart() FAILED because of no such window: target window already closed
from unknown error: web view not found
  (Session info: chrome=107.0.5304.121)
Build info: version: '4.6.0', revision: '79f1c02ae20'
System info: os.name: 'Windows 11', os.arch: 'amd64', os.version: '10.0', java.version: '19'
Driver info: org.openqa.selenium.chrome.ChromeDriver
Command: [7fb547fe036824cc384cb3ed53628d79, findElements {using=xpath, value=//a[@class='header__emptyBasketFavorite button -primary']}]
Capabilities {acceptInsecureCerts: false, browserName: chrome, browserVersion: 107.0.5304.121, chrome: {chromedriverVersion: 107.0.5304.62 (1eec40d3a576..., userDataDir: C:\Users\asus\AppData\Local...}, goog:chromeOptions: {debuggerAddress: localhost:54689}, networkConnectionEnabled: false, pageLoadStrategy: normal, platformName: WINDOWS, proxy: Proxy(), se:cdp: ws://localhost:54689/devtoo..., se:cdpVersion: 107.0.5304.121, setWindowRect: true, strictFileInteractability: false, timeouts: {implicit: 0, pageLoad: 300000, script: 30000}, unhandledPromptBehavior: dismiss and notify, webauthn:extension:credBlob: true, webauthn:extension:largeBlob: true, webauthn:virtualAuthenticators: true}
Session ID: 7fb547fe036824cc384cb3ed53628d79 
2022-11-30 03:29:58,846 INFO  [Log] checkURL() PASSED 
2022-11-30 03:30:02,671 INFO  [Log] searchProduct() PASSED 
2022-11-30 03:30:06,011 INFO  [Log] scrollPage() PASSED 
2022-11-30 03:30:06,017 INFO  [Log] secondURLCheck() PASSED 
2022-11-30 03:30:11,936 ERROR [Log] selectAPoduct() FAILED because of expected: <2.799,00 TL> but was: <1.149,00 TL> 
2022-11-30 03:30:13,000 ERROR [Log] checkPriceProduct() FAILED because of 2.799,00 TL expected:<[1.149,00 TL]> but was:<[Discount Applied.]> 
2022-11-30 03:30:13,055 INFO  [Log] clickContinue() PASSED 
2022-11-30 03:30:16,705 INFO  [Log] loginUser() PASSED 
2022-11-30 03:30:17,760 INFO  [Log] checkButton() PASSED 
2022-11-30 03:30:20,421 INFO  [Log] clickNetworkLogo() PASSED 
2022-11-30 03:30:21,511 INFO  [Log] openCart() PASSED 
2022-11-30 03:30:22,712 INFO  [Log] deleteProduct() PASSED 
2022-11-30 03:30:22,755 INFO  [Log] verifyDeleteCart() PASSED 
2022-11-30 03:32:30,496 INFO  [Log] checkURL() PASSED 
2022-11-30 03:32:33,610 INFO  [Log] searchProduct() PASSED 
2022-11-30 03:32:37,028 INFO  [Log] scrollPage() PASSED 
2022-11-30 03:32:37,058 ERROR [Log] secondURLCheck() FAILED because of Not on second page. ==> expected: <true> but was: <false> 
2022-11-30 03:32:43,305 ERROR [Log] selectAPoduct() FAILED because of expected: <2.799,00 TL> but was: <1.149,00 TL> 
2022-11-30 03:32:44,370 ERROR [Log] checkPriceProduct() FAILED because of 2.799,00 TL expected:<[1.149,00 TL]> but was:<[Discount Applied.]> 
2022-11-30 03:32:44,428 INFO  [Log] clickContinue() PASSED 
2022-11-30 03:32:47,897 INFO  [Log] loginUser() PASSED 
2022-11-30 03:32:48,943 INFO  [Log] checkButton() PASSED 
2022-11-30 03:32:51,594 INFO  [Log] clickNetworkLogo() PASSED 
2022-11-30 03:32:52,690 INFO  [Log] openCart() PASSED 
2022-11-30 03:32:53,889 INFO  [Log] deleteProduct() PASSED 
2022-11-30 03:32:53,932 INFO  [Log] verifyDeleteCart() PASSED 
2022-11-30 03:33:41,230 INFO  [Log] checkURL() PASSED 
2022-11-30 03:33:44,365 INFO  [Log] searchProduct() PASSED 
2022-11-30 03:33:46,711 INFO  [Log] scrollPage() PASSED 
2022-11-30 03:33:47,744 ERROR [Log] secondURLCheck() FAILED because of Not on second page. ==> expected: <true> but was: <false> 
2022-11-30 03:33:53,492 ERROR [Log] selectAPoduct() FAILED because of expected: <2.799,00 TL> but was: <1.149,00 TL> 
2022-11-30 03:33:54,559 ERROR [Log] checkPriceProduct() FAILED because of 2.799,00 TL expected:<[1.149,00 TL]> but was:<[Discount Applied.]> 
2022-11-30 03:33:54,615 INFO  [Log] clickContinue() PASSED 
2022-11-30 03:33:56,389 ERROR [Log] loginUser() FAILED because of no such window: target window already closed
from unknown error: web view not found
  (Session info: chrome=107.0.5304.121)
Build info: version: '4.6.0', revision: '79f1c02ae20'
System info: os.name: 'Windows 11', os.arch: 'amd64', os.version: '10.0', java.version: '19'
Driver info: org.openqa.selenium.chrome.ChromeDriver
Command: [38fb076e59f6fcc556c3708e8d36d4f1, findElement {using=xpath, value=/html/body/div[4]/div/div/div/div/div[1]/div[1]/form/button}]
Capabilities {acceptInsecureCerts: false, browserName: chrome, browserVersion: 107.0.5304.121, chrome: {chromedriverVersion: 107.0.5304.62 (1eec40d3a576..., userDataDir: C:\Users\asus\AppData\Local...}, goog:chromeOptions: {debuggerAddress: localhost:55599}, networkConnectionEnabled: false, pageLoadStrategy: normal, platformName: WINDOWS, proxy: Proxy(), se:cdp: ws://localhost:55599/devtoo..., se:cdpVersion: 107.0.5304.121, setWindowRect: true, strictFileInteractability: false, timeouts: {implicit: 0, pageLoad: 300000, script: 30000}, unhandledPromptBehavior: dismiss and notify, webauthn:extension:credBlob: true, webauthn:extension:largeBlob: true, webauthn:virtualAuthenticators: true}
Session ID: 38fb076e59f6fcc556c3708e8d36d4f1 
2022-11-30 03:33:57,407 ERROR [Log] checkButton() FAILED because of no such window: target window already closed
from unknown error: web view not found
  (Session info: chrome=107.0.5304.121)
Build info: version: '4.6.0', revision: '79f1c02ae20'
System info: os.name: 'Windows 11', os.arch: 'amd64', os.version: '10.0', java.version: '19'
Driver info: org.openqa.selenium.chrome.ChromeDriver
Command: [38fb076e59f6fcc556c3708e8d36d4f1, findElement {using=xpath, value=//*[@id="login"]/button}]
Capabilities {acceptInsecureCerts: false, browserName: chrome, browserVersion: 107.0.5304.121, chrome: {chromedriverVersion: 107.0.5304.62 (1eec40d3a576..., userDataDir: C:\Users\asus\AppData\Local...}, goog:chromeOptions: {debuggerAddress: localhost:55599}, networkConnectionEnabled: false, pageLoadStrategy: normal, platformName: WINDOWS, proxy: Proxy(), se:cdp: ws://localhost:55599/devtoo..., se:cdpVersion: 107.0.5304.121, setWindowRect: true, strictFileInteractability: false, timeouts: {implicit: 0, pageLoad: 300000, script: 30000}, unhandledPromptBehavior: dismiss and notify, webauthn:extension:credBlob: true, webauthn:extension:largeBlob: true, webauthn:virtualAuthenticators: true}
Session ID: 38fb076e59f6fcc556c3708e8d36d4f1 
2022-11-30 03:33:58,414 ERROR [Log] clickNetworkLogo() FAILED because of no such window: target window already closed
from unknown error: web view not found
  (Session info: chrome=107.0.5304.121)
Build info: version: '4.6.0', revision: '79f1c02ae20'
System info: os.name: 'Windows 11', os.arch: 'amd64', os.version: '10.0', java.version: '19'
Driver info: org.openqa.selenium.chrome.ChromeDriver
Command: [38fb076e59f6fcc556c3708e8d36d4f1, findElement {using=xpath, value=//*[@id="home"]/div[4]/header/div/div/div[2]}]
Capabilities {acceptInsecureCerts: false, browserName: chrome, browserVersion: 107.0.5304.121, chrome: {chromedriverVersion: 107.0.5304.62 (1eec40d3a576..., userDataDir: C:\Users\asus\AppData\Local...}, goog:chromeOptions: {debuggerAddress: localhost:55599}, networkConnectionEnabled: false, pageLoadStrategy: normal, platformName: WINDOWS, proxy: Proxy(), se:cdp: ws://localhost:55599/devtoo..., se:cdpVersion: 107.0.5304.121, setWindowRect: true, strictFileInteractability: false, timeouts: {implicit: 0, pageLoad: 300000, script: 30000}, unhandledPromptBehavior: dismiss and notify, webauthn:extension:credBlob: true, webauthn:extension:largeBlob: true, webauthn:virtualAuthenticators: true}
Session ID: 38fb076e59f6fcc556c3708e8d36d4f1 
2022-11-30 03:33:59,432 ERROR [Log] openCart() FAILED because of no such window: target window already closed
from unknown error: web view not found
  (Session info: chrome=107.0.5304.121)
Build info: version: '4.6.0', revision: '79f1c02ae20'
System info: os.name: 'Windows 11', os.arch: 'amd64', os.version: '10.0', java.version: '19'
Driver info: org.openqa.selenium.chrome.ChromeDriver
Command: [38fb076e59f6fcc556c3708e8d36d4f1, findElement {using=xpath, value=/html/body/div[2]/header/div/div/div[3]/div[2]}]
Capabilities {acceptInsecureCerts: false, browserName: chrome, browserVersion: 107.0.5304.121, chrome: {chromedriverVersion: 107.0.5304.62 (1eec40d3a576..., userDataDir: C:\Users\asus\AppData\Local...}, goog:chromeOptions: {debuggerAddress: localhost:55599}, networkConnectionEnabled: false, pageLoadStrategy: normal, platformName: WINDOWS, proxy: Proxy(), se:cdp: ws://localhost:55599/devtoo..., se:cdpVersion: 107.0.5304.121, setWindowRect: true, strictFileInteractability: false, timeouts: {implicit: 0, pageLoad: 300000, script: 30000}, unhandledPromptBehavior: dismiss and notify, webauthn:extension:credBlob: true, webauthn:extension:largeBlob: true, webauthn:virtualAuthenticators: true}
Session ID: 38fb076e59f6fcc556c3708e8d36d4f1 
2022-11-30 03:34:00,440 ERROR [Log] deleteProduct() FAILED because of no such window: target window already closed
from unknown error: web view not found
  (Session info: chrome=107.0.5304.121)
Build info: version: '4.6.0', revision: '79f1c02ae20'
System info: os.name: 'Windows 11', os.arch: 'amd64', os.version: '10.0', java.version: '19'
Driver info: org.openqa.selenium.chrome.ChromeDriver
Command: [38fb076e59f6fcc556c3708e8d36d4f1, findElement {using=xpath, value=/html/body/div[2]/header/div/div/div[3]/div[2]/div/div/div[2]/div/div[3]}]
Capabilities {acceptInsecureCerts: false, browserName: chrome, browserVersion: 107.0.5304.121, chrome: {chromedriverVersion: 107.0.5304.62 (1eec40d3a576..., userDataDir: C:\Users\asus\AppData\Local...}, goog:chromeOptions: {debuggerAddress: localhost:55599}, networkConnectionEnabled: false, pageLoadStrategy: normal, platformName: WINDOWS, proxy: Proxy(), se:cdp: ws://localhost:55599/devtoo..., se:cdpVersion: 107.0.5304.121, setWindowRect: true, strictFileInteractability: false, timeouts: {implicit: 0, pageLoad: 300000, script: 30000}, unhandledPromptBehavior: dismiss and notify, webauthn:extension:credBlob: true, webauthn:extension:largeBlob: true, webauthn:virtualAuthenticators: true}
Session ID: 38fb076e59f6fcc556c3708e8d36d4f1 
2022-11-30 03:34:00,446 ERROR [Log] verifyDeleteCart() FAILED because of no such window: target window already closed
from unknown error: web view not found
  (Session info: chrome=107.0.5304.121)
Build info: version: '4.6.0', revision: '79f1c02ae20'
System info: os.name: 'Windows 11', os.arch: 'amd64', os.version: '10.0', java.version: '19'
Driver info: org.openqa.selenium.chrome.ChromeDriver
Command: [38fb076e59f6fcc556c3708e8d36d4f1, findElements {using=xpath, value=//a[@class='header__emptyBasketFavorite button -primary']}]
Capabilities {acceptInsecureCerts: false, browserName: chrome, browserVersion: 107.0.5304.121, chrome: {chromedriverVersion: 107.0.5304.62 (1eec40d3a576..., userDataDir: C:\Users\asus\AppData\Local...}, goog:chromeOptions: {debuggerAddress: localhost:55599}, networkConnectionEnabled: false, pageLoadStrategy: normal, platformName: WINDOWS, proxy: Proxy(), se:cdp: ws://localhost:55599/devtoo..., se:cdpVersion: 107.0.5304.121, setWindowRect: true, strictFileInteractability: false, timeouts: {implicit: 0, pageLoad: 300000, script: 30000}, unhandledPromptBehavior: dismiss and notify, webauthn:extension:credBlob: true, webauthn:extension:largeBlob: true, webauthn:virtualAuthenticators: true}
Session ID: 38fb076e59f6fcc556c3708e8d36d4f1 
2022-11-30 03:34:21,361 INFO  [Log] checkURL() PASSED 
2022-11-30 03:34:25,246 INFO  [Log] searchProduct() PASSED 
2022-11-30 03:34:27,638 INFO  [Log] scrollPage() PASSED 
2022-11-30 03:34:28,666 INFO  [Log] secondURLCheck() PASSED 
2022-11-30 03:34:34,257 ERROR [Log] selectAPoduct() FAILED because of expected: <2.799,00 TL> but was: <1.149,00 TL> 
2022-11-30 03:34:35,327 ERROR [Log] checkPriceProduct() FAILED because of 2.799,00 TL expected:<[1.149,00 TL]> but was:<[Discount Applied.]> 
2022-11-30 03:34:35,384 INFO  [Log] clickContinue() PASSED 
2022-11-30 03:34:38,787 INFO  [Log] loginUser() PASSED 
2022-11-30 03:34:39,839 INFO  [Log] checkButton() PASSED 
2022-11-30 03:34:43,198 INFO  [Log] clickNetworkLogo() PASSED 
2022-11-30 03:34:44,289 INFO  [Log] openCart() PASSED 
2022-11-30 03:34:45,452 INFO  [Log] deleteProduct() PASSED 
2022-11-30 03:34:45,501 INFO  [Log] verifyDeleteCart() PASSED 
2022-11-30 03:37:34,534 INFO  [Log] checkURL() PASSED 
2022-11-30 03:37:37,577 INFO  [Log] searchProduct() PASSED 
2022-11-30 03:37:39,893 INFO  [Log] scrollPage() PASSED 
2022-11-30 03:37:40,924 INFO  [Log] secondURLCheck() PASSED 
2022-11-30 03:37:44,314 ERROR [Log] selectAPoduct() FAILED because of element not interactable
  (Session info: chrome=107.0.5304.121)
Build info: version: '4.6.0', revision: '79f1c02ae20'
System info: os.name: 'Windows 11', os.arch: 'amd64', os.version: '10.0', java.version: '19'
Driver info: org.openqa.selenium.chrome.ChromeDriver
Command: [1ff58cbc82293873538165d6f4f517bb, clickElement {id=693adf40-626a-41c3-80bc-0b843a95855d}]
Capabilities {acceptInsecureCerts: false, browserName: chrome, browserVersion: 107.0.5304.121, chrome: {chromedriverVersion: 107.0.5304.62 (1eec40d3a576..., userDataDir: C:\Users\asus\AppData\Local...}, goog:chromeOptions: {debuggerAddress: localhost:56180}, networkConnectionEnabled: false, pageLoadStrategy: normal, platformName: WINDOWS, proxy: Proxy(), se:cdp: ws://localhost:56180/devtoo..., se:cdpVersion: 107.0.5304.121, setWindowRect: true, strictFileInteractability: false, timeouts: {implicit: 0, pageLoad: 300000, script: 30000}, unhandledPromptBehavior: dismiss and notify, webauthn:extension:credBlob: true, webauthn:extension:largeBlob: true, webauthn:virtualAuthenticators: true}
Element: [[ChromeDriver: chrome on WINDOWS (1ff58cbc82293873538165d6f4f517bb)] -> xpath: (//label[@class='radio-box__label'])[1]]
Session ID: 1ff58cbc82293873538165d6f4f517bb 
2022-11-30 03:37:45,348 ERROR [Log] checkPriceProduct() FAILED because of no such element: Unable to locate element: {"method":"xpath","selector":"/html/body/div[1]/div/div[1]/div[1]/div[2]/div/div[2]/div[2]/div[1]/div[2]"}
  (Session info: chrome=107.0.5304.121)
For documentation on this error, please visit: https://selenium.dev/exceptions/#no_such_element
Build info: version: '4.6.0', revision: '79f1c02ae20'
System info: os.name: 'Windows 11', os.arch: 'amd64', os.version: '10.0', java.version: '19'
Driver info: org.openqa.selenium.chrome.ChromeDriver
Command: [1ff58cbc82293873538165d6f4f517bb, findElement {using=xpath, value=/html/body/div[1]/div/div[1]/div[1]/div[2]/div/div[2]/div[2]/div[1]/div[2]}]
Capabilities {acceptInsecureCerts: false, browserName: chrome, browserVersion: 107.0.5304.121, chrome: {chromedriverVersion: 107.0.5304.62 (1eec40d3a576..., userDataDir: C:\Users\asus\AppData\Local...}, goog:chromeOptions: {debuggerAddress: localhost:56180}, networkConnectionEnabled: false, pageLoadStrategy: normal, platformName: WINDOWS, proxy: Proxy(), se:cdp: ws://localhost:56180/devtoo..., se:cdpVersion: 107.0.5304.121, setWindowRect: true, strictFileInteractability: false, timeouts: {implicit: 0, pageLoad: 300000, script: 30000}, unhandledPromptBehavior: dismiss and notify, webauthn:extension:credBlob: true, webauthn:extension:largeBlob: true, webauthn:virtualAuthenticators: true}
Session ID: 1ff58cbc82293873538165d6f4f517bb 
2022-11-30 03:37:45,371 ERROR [Log] clickContinue() FAILED because of no such element: Unable to locate element: {"method":"xpath","selector":"//*[@class='continueButton n-button large block text-center -primary']"}
  (Session info: chrome=107.0.5304.121)
For documentation on this error, please visit: https://selenium.dev/exceptions/#no_such_element
Build info: version: '4.6.0', revision: '79f1c02ae20'
System info: os.name: 'Windows 11', os.arch: 'amd64', os.version: '10.0', java.version: '19'
Driver info: org.openqa.selenium.chrome.ChromeDriver
Command: [1ff58cbc82293873538165d6f4f517bb, findElement {using=xpath, value=//*[@class='continueButton n-button large block text-center -primary']}]
Capabilities {acceptInsecureCerts: false, browserName: chrome, browserVersion: 107.0.5304.121, chrome: {chromedriverVersion: 107.0.5304.62 (1eec40d3a576..., userDataDir: C:\Users\asus\AppData\Local...}, goog:chromeOptions: {debuggerAddress: localhost:56180}, networkConnectionEnabled: false, pageLoadStrategy: normal, platformName: WINDOWS, proxy: Proxy(), se:cdp: ws://localhost:56180/devtoo..., se:cdpVersion: 107.0.5304.121, setWindowRect: true, strictFileInteractability: false, timeouts: {implicit: 0, pageLoad: 300000, script: 30000}, unhandledPromptBehavior: dismiss and notify, webauthn:extension:credBlob: true, webauthn:extension:largeBlob: true, webauthn:virtualAuthenticators: true}
Session ID: 1ff58cbc82293873538165d6f4f517bb 
2022-11-30 03:37:46,396 ERROR [Log] loginUser() FAILED because of no such element: Unable to locate element: {"method":"css selector","selector":"#n\-input\-email"}
  (Session info: chrome=107.0.5304.121)
For documentation on this error, please visit: https://selenium.dev/exceptions/#no_such_element
Build info: version: '4.6.0', revision: '79f1c02ae20'
System info: os.name: 'Windows 11', os.arch: 'amd64', os.version: '10.0', java.version: '19'
Driver info: org.openqa.selenium.chrome.ChromeDriver
Command: [1ff58cbc82293873538165d6f4f517bb, findElement {using=id, value=n-input-email}]
Capabilities {acceptInsecureCerts: false, browserName: chrome, browserVersion: 107.0.5304.121, chrome: {chromedriverVersion: 107.0.5304.62 (1eec40d3a576..., userDataDir: C:\Users\asus\AppData\Local...}, goog:chromeOptions: {debuggerAddress: localhost:56180}, networkConnectionEnabled: false, pageLoadStrategy: normal, platformName: WINDOWS, proxy: Proxy(), se:cdp: ws://localhost:56180/devtoo..., se:cdpVersion: 107.0.5304.121, setWindowRect: true, strictFileInteractability: false, timeouts: {implicit: 0, pageLoad: 300000, script: 30000}, unhandledPromptBehavior: dismiss and notify, webauthn:extension:credBlob: true, webauthn:extension:largeBlob: true, webauthn:virtualAuthenticators: true}
Session ID: 1ff58cbc82293873538165d6f4f517bb 
2022-11-30 03:37:47,429 ERROR [Log] checkButton() FAILED because of no such element: Unable to locate element: {"method":"xpath","selector":"//*[@id="login"]/button"}
  (Session info: chrome=107.0.5304.121)
For documentation on this error, please visit: https://selenium.dev/exceptions/#no_such_element
Build info: version: '4.6.0', revision: '79f1c02ae20'
System info: os.name: 'Windows 11', os.arch: 'amd64', os.version: '10.0', java.version: '19'
Driver info: org.openqa.selenium.chrome.ChromeDriver
Command: [1ff58cbc82293873538165d6f4f517bb, findElement {using=xpath, value=//*[@id="login"]/button}]
Capabilities {acceptInsecureCerts: false, browserName: chrome, browserVersion: 107.0.5304.121, chrome: {chromedriverVersion: 107.0.5304.62 (1eec40d3a576..., userDataDir: C:\Users\asus\AppData\Local...}, goog:chromeOptions: {debuggerAddress: localhost:56180}, networkConnectionEnabled: false, pageLoadStrategy: normal, platformName: WINDOWS, proxy: Proxy(), se:cdp: ws://localhost:56180/devtoo..., se:cdpVersion: 107.0.5304.121, setWindowRect: true, strictFileInteractability: false, timeouts: {implicit: 0, pageLoad: 300000, script: 30000}, unhandledPromptBehavior: dismiss and notify, webauthn:extension:credBlob: true, webauthn:extension:largeBlob: true, webauthn:virtualAuthenticators: true}
Session ID: 1ff58cbc82293873538165d6f4f517bb 
2022-11-30 03:37:48,460 ERROR [Log] clickNetworkLogo() FAILED because of no such element: Unable to locate element: {"method":"xpath","selector":"//*[@id="home"]/div[4]/header/div/div/div[2]"}
  (Session info: chrome=107.0.5304.121)
For documentation on this error, please visit: https://selenium.dev/exceptions/#no_such_element
Build info: version: '4.6.0', revision: '79f1c02ae20'
System info: os.name: 'Windows 11', os.arch: 'amd64', os.version: '10.0', java.version: '19'
Driver info: org.openqa.selenium.chrome.ChromeDriver
Command: [1ff58cbc82293873538165d6f4f517bb, findElement {using=xpath, value=//*[@id="home"]/div[4]/header/div/div/div[2]}]
Capabilities {acceptInsecureCerts: false, browserName: chrome, browserVersion: 107.0.5304.121, chrome: {chromedriverVersion: 107.0.5304.62 (1eec40d3a576..., userDataDir: C:\Users\asus\AppData\Local...}, goog:chromeOptions: {debuggerAddress: localhost:56180}, networkConnectionEnabled: false, pageLoadStrategy: normal, platformName: WINDOWS, proxy: Proxy(), se:cdp: ws://localhost:56180/devtoo..., se:cdpVersion: 107.0.5304.121, setWindowRect: true, strictFileInteractability: false, timeouts: {implicit: 0, pageLoad: 300000, script: 30000}, unhandledPromptBehavior: dismiss and notify, webauthn:extension:credBlob: true, webauthn:extension:largeBlob: true, webauthn:virtualAuthenticators: true}
Session ID: 1ff58cbc82293873538165d6f4f517bb 
2022-11-30 03:37:49,590 INFO  [Log] openCart() PASSED 
2022-11-30 03:37:50,625 ERROR [Log] deleteProduct() FAILED because of no such element: Unable to locate element: {"method":"xpath","selector":"/html/body/div[2]/header/div/div/div[3]/div[2]/div/div/div[2]/div/div[3]"}
  (Session info: chrome=107.0.5304.121)
For documentation on this error, please visit: https://selenium.dev/exceptions/#no_such_element
Build info: version: '4.6.0', revision: '79f1c02ae20'
System info: os.name: 'Windows 11', os.arch: 'amd64', os.version: '10.0', java.version: '19'
Driver info: org.openqa.selenium.chrome.ChromeDriver
Command: [1ff58cbc82293873538165d6f4f517bb, findElement {using=xpath, value=/html/body/div[2]/header/div/div/div[3]/div[2]/div/div/div[2]/div/div[3]}]
Capabilities {acceptInsecureCerts: false, browserName: chrome, browserVersion: 107.0.5304.121, chrome: {chromedriverVersion: 107.0.5304.62 (1eec40d3a576..., userDataDir: C:\Users\asus\AppData\Local...}, goog:chromeOptions: {debuggerAddress: localhost:56180}, networkConnectionEnabled: false, pageLoadStrategy: normal, platformName: WINDOWS, proxy: Proxy(), se:cdp: ws://localhost:56180/devtoo..., se:cdpVersion: 107.0.5304.121, setWindowRect: true, strictFileInteractability: false, timeouts: {implicit: 0, pageLoad: 300000, script: 30000}, unhandledPromptBehavior: dismiss and notify, webauthn:extension:credBlob: true, webauthn:extension:largeBlob: true, webauthn:virtualAuthenticators: true}
Session ID: 1ff58cbc82293873538165d6f4f517bb 
2022-11-30 03:37:50,643 INFO  [Log] verifyDeleteCart() PASSED 
2022-11-30 03:38:23,494 INFO  [Log] checkURL() PASSED 
2022-11-30 03:38:26,947 INFO  [Log] searchProduct() PASSED 
2022-11-30 03:38:29,315 INFO  [Log] scrollPage() PASSED 
2022-11-30 03:38:30,336 INFO  [Log] secondURLCheck() PASSED 
2022-11-30 03:38:35,730 ERROR [Log] selectAPoduct() FAILED because of element not interactable
  (Session info: chrome=107.0.5304.121)
Build info: version: '4.6.0', revision: '79f1c02ae20'
System info: os.name: 'Windows 11', os.arch: 'amd64', os.version: '10.0', java.version: '19'
Driver info: org.openqa.selenium.chrome.ChromeDriver
Command: [dff0905ca7eb3dc74e419d45500d32e9, clickElement {id=17f31b44-f593-4e4b-949b-e1a838b598d2}]
Capabilities {acceptInsecureCerts: false, browserName: chrome, browserVersion: 107.0.5304.121, chrome: {chromedriverVersion: 107.0.5304.62 (1eec40d3a576..., userDataDir: C:\Users\asus\AppData\Local...}, goog:chromeOptions: {debuggerAddress: localhost:56353}, networkConnectionEnabled: false, pageLoadStrategy: normal, platformName: WINDOWS, proxy: Proxy(), se:cdp: ws://localhost:56353/devtoo..., se:cdpVersion: 107.0.5304.121, setWindowRect: true, strictFileInteractability: false, timeouts: {implicit: 0, pageLoad: 300000, script: 30000}, unhandledPromptBehavior: dismiss and notify, webauthn:extension:credBlob: true, webauthn:extension:largeBlob: true, webauthn:virtualAuthenticators: true}
Element: [[ChromeDriver: chrome on WINDOWS (dff0905ca7eb3dc74e419d45500d32e9)] -> xpath: (//label[@class='radio-box__label'])[1]]
Session ID: dff0905ca7eb3dc74e419d45500d32e9 
2022-11-30 03:38:36,764 ERROR [Log] checkPriceProduct() FAILED because of no such element: Unable to locate element: {"method":"xpath","selector":"/html/body/div[1]/div/div[1]/div[1]/div[2]/div/div[2]/div[2]/div[1]/div[2]"}
  (Session info: chrome=107.0.5304.121)
For documentation on this error, please visit: https://selenium.dev/exceptions/#no_such_element
Build info: version: '4.6.0', revision: '79f1c02ae20'
System info: os.name: 'Windows 11', os.arch: 'amd64', os.version: '10.0', java.version: '19'
Driver info: org.openqa.selenium.chrome.ChromeDriver
Command: [dff0905ca7eb3dc74e419d45500d32e9, findElement {using=xpath, value=/html/body/div[1]/div/div[1]/div[1]/div[2]/div/div[2]/div[2]/div[1]/div[2]}]
Capabilities {acceptInsecureCerts: false, browserName: chrome, browserVersion: 107.0.5304.121, chrome: {chromedriverVersion: 107.0.5304.62 (1eec40d3a576..., userDataDir: C:\Users\asus\AppData\Local...}, goog:chromeOptions: {debuggerAddress: localhost:56353}, networkConnectionEnabled: false, pageLoadStrategy: normal, platformName: WINDOWS, proxy: Proxy(), se:cdp: ws://localhost:56353/devtoo..., se:cdpVersion: 107.0.5304.121, setWindowRect: true, strictFileInteractability: false, timeouts: {implicit: 0, pageLoad: 300000, script: 30000}, unhandledPromptBehavior: dismiss and notify, webauthn:extension:credBlob: true, webauthn:extension:largeBlob: true, webauthn:virtualAuthenticators: true}
Session ID: dff0905ca7eb3dc74e419d45500d32e9 
2022-11-30 03:38:36,788 ERROR [Log] clickContinue() FAILED because of no such element: Unable to locate element: {"method":"xpath","selector":"//*[@class='continueButton n-button large block text-center -primary']"}
  (Session info: chrome=107.0.5304.121)
For documentation on this error, please visit: https://selenium.dev/exceptions/#no_such_element
Build info: version: '4.6.0', revision: '79f1c02ae20'
System info: os.name: 'Windows 11', os.arch: 'amd64', os.version: '10.0', java.version: '19'
Driver info: org.openqa.selenium.chrome.ChromeDriver
Command: [dff0905ca7eb3dc74e419d45500d32e9, findElement {using=xpath, value=//*[@class='continueButton n-button large block text-center -primary']}]
Capabilities {acceptInsecureCerts: false, browserName: chrome, browserVersion: 107.0.5304.121, chrome: {chromedriverVersion: 107.0.5304.62 (1eec40d3a576..., userDataDir: C:\Users\asus\AppData\Local...}, goog:chromeOptions: {debuggerAddress: localhost:56353}, networkConnectionEnabled: false, pageLoadStrategy: normal, platformName: WINDOWS, proxy: Proxy(), se:cdp: ws://localhost:56353/devtoo..., se:cdpVersion: 107.0.5304.121, setWindowRect: true, strictFileInteractability: false, timeouts: {implicit: 0, pageLoad: 300000, script: 30000}, unhandledPromptBehavior: dismiss and notify, webauthn:extension:credBlob: true, webauthn:extension:largeBlob: true, webauthn:virtualAuthenticators: true}
Session ID: dff0905ca7eb3dc74e419d45500d32e9 
2022-11-30 03:38:37,808 ERROR [Log] loginUser() FAILED because of no such element: Unable to locate element: {"method":"css selector","selector":"#n\-input\-email"}
  (Session info: chrome=107.0.5304.121)
For documentation on this error, please visit: https://selenium.dev/exceptions/#no_such_element
Build info: version: '4.6.0', revision: '79f1c02ae20'
System info: os.name: 'Windows 11', os.arch: 'amd64', os.version: '10.0', java.version: '19'
Driver info: org.openqa.selenium.chrome.ChromeDriver
Command: [dff0905ca7eb3dc74e419d45500d32e9, findElement {using=id, value=n-input-email}]
Capabilities {acceptInsecureCerts: false, browserName: chrome, browserVersion: 107.0.5304.121, chrome: {chromedriverVersion: 107.0.5304.62 (1eec40d3a576..., userDataDir: C:\Users\asus\AppData\Local...}, goog:chromeOptions: {debuggerAddress: localhost:56353}, networkConnectionEnabled: false, pageLoadStrategy: normal, platformName: WINDOWS, proxy: Proxy(), se:cdp: ws://localhost:56353/devtoo..., se:cdpVersion: 107.0.5304.121, setWindowRect: true, strictFileInteractability: false, timeouts: {implicit: 0, pageLoad: 300000, script: 30000}, unhandledPromptBehavior: dismiss and notify, webauthn:extension:credBlob: true, webauthn:extension:largeBlob: true, webauthn:virtualAuthenticators: true}
Session ID: dff0905ca7eb3dc74e419d45500d32e9 
2022-11-30 03:38:38,835 ERROR [Log] checkButton() FAILED because of no such element: Unable to locate element: {"method":"xpath","selector":"//*[@id="login"]/button"}
  (Session info: chrome=107.0.5304.121)
For documentation on this error, please visit: https://selenium.dev/exceptions/#no_such_element
Build info: version: '4.6.0', revision: '79f1c02ae20'
System info: os.name: 'Windows 11', os.arch: 'amd64', os.version: '10.0', java.version: '19'
Driver info: org.openqa.selenium.chrome.ChromeDriver
Command: [dff0905ca7eb3dc74e419d45500d32e9, findElement {using=xpath, value=//*[@id="login"]/button}]
Capabilities {acceptInsecureCerts: false, browserName: chrome, browserVersion: 107.0.5304.121, chrome: {chromedriverVersion: 107.0.5304.62 (1eec40d3a576..., userDataDir: C:\Users\asus\AppData\Local...}, goog:chromeOptions: {debuggerAddress: localhost:56353}, networkConnectionEnabled: false, pageLoadStrategy: normal, platformName: WINDOWS, proxy: Proxy(), se:cdp: ws://localhost:56353/devtoo..., se:cdpVersion: 107.0.5304.121, setWindowRect: true, strictFileInteractability: false, timeouts: {implicit: 0, pageLoad: 300000, script: 30000}, unhandledPromptBehavior: dismiss and notify, webauthn:extension:credBlob: true, webauthn:extension:largeBlob: true, webauthn:virtualAuthenticators: true}
Session ID: dff0905ca7eb3dc74e419d45500d32e9 
2022-11-30 03:38:39,858 ERROR [Log] clickNetworkLogo() FAILED because of no such element: Unable to locate element: {"method":"xpath","selector":"//*[@id="home"]/div[4]/header/div/div/div[2]"}
  (Session info: chrome=107.0.5304.121)
For documentation on this error, please visit: https://selenium.dev/exceptions/#no_such_element
Build info: version: '4.6.0', revision: '79f1c02ae20'
System info: os.name: 'Windows 11', os.arch: 'amd64', os.version: '10.0', java.version: '19'
Driver info: org.openqa.selenium.chrome.ChromeDriver
Command: [dff0905ca7eb3dc74e419d45500d32e9, findElement {using=xpath, value=//*[@id="home"]/div[4]/header/div/div/div[2]}]
Capabilities {acceptInsecureCerts: false, browserName: chrome, browserVersion: 107.0.5304.121, chrome: {chromedriverVersion: 107.0.5304.62 (1eec40d3a576..., userDataDir: C:\Users\asus\AppData\Local...}, goog:chromeOptions: {debuggerAddress: localhost:56353}, networkConnectionEnabled: false, pageLoadStrategy: normal, platformName: WINDOWS, proxy: Proxy(), se:cdp: ws://localhost:56353/devtoo..., se:cdpVersion: 107.0.5304.121, setWindowRect: true, strictFileInteractability: false, timeouts: {implicit: 0, pageLoad: 300000, script: 30000}, unhandledPromptBehavior: dismiss and notify, webauthn:extension:credBlob: true, webauthn:extension:largeBlob: true, webauthn:virtualAuthenticators: true}
Session ID: dff0905ca7eb3dc74e419d45500d32e9 
2022-11-30 03:39:07,696 INFO  [Log] checkURL() PASSED 
2022-11-30 03:39:12,036 INFO  [Log] searchProduct() PASSED 
2022-11-30 03:39:14,423 INFO  [Log] scrollPage() PASSED 
2022-11-30 03:39:15,445 INFO  [Log] secondURLCheck() PASSED 
2022-11-30 03:39:22,852 ERROR [Log] selectAPoduct() FAILED because of element not interactable
  (Session info: chrome=107.0.5304.121)
Build info: version: '4.6.0', revision: '79f1c02ae20'
System info: os.name: 'Windows 11', os.arch: 'amd64', os.version: '10.0', java.version: '19'
Driver info: org.openqa.selenium.chrome.ChromeDriver
Command: [b884ed74f010556096facce9614dcff1, clickElement {id=b02038c7-cb96-4a9f-a95f-ad869d07289f}]
Capabilities {acceptInsecureCerts: false, browserName: chrome, browserVersion: 107.0.5304.121, chrome: {chromedriverVersion: 107.0.5304.62 (1eec40d3a576..., userDataDir: C:\Users\asus\AppData\Local...}, goog:chromeOptions: {debuggerAddress: localhost:56515}, networkConnectionEnabled: false, pageLoadStrategy: normal, platformName: WINDOWS, proxy: Proxy(), se:cdp: ws://localhost:56515/devtoo..., se:cdpVersion: 107.0.5304.121, setWindowRect: true, strictFileInteractability: false, timeouts: {implicit: 0, pageLoad: 300000, script: 30000}, unhandledPromptBehavior: dismiss and notify, webauthn:extension:credBlob: true, webauthn:extension:largeBlob: true, webauthn:virtualAuthenticators: true}
Element: [[ChromeDriver: chrome on WINDOWS (b884ed74f010556096facce9614dcff1)] -> xpath: (//label[@class='radio-box__label'])[1]]
Session ID: b884ed74f010556096facce9614dcff1 
2022-11-30 03:39:23,888 ERROR [Log] checkPriceProduct() FAILED because of no such element: Unable to locate element: {"method":"xpath","selector":"/html/body/div[1]/div/div[1]/div[1]/div[2]/div/div[2]/div[2]/div[1]/div[2]"}
  (Session info: chrome=107.0.5304.121)
For documentation on this error, please visit: https://selenium.dev/exceptions/#no_such_element
Build info: version: '4.6.0', revision: '79f1c02ae20'
System info: os.name: 'Windows 11', os.arch: 'amd64', os.version: '10.0', java.version: '19'
Driver info: org.openqa.selenium.chrome.ChromeDriver
Command: [b884ed74f010556096facce9614dcff1, findElement {using=xpath, value=/html/body/div[1]/div/div[1]/div[1]/div[2]/div/div[2]/div[2]/div[1]/div[2]}]
Capabilities {acceptInsecureCerts: false, browserName: chrome, browserVersion: 107.0.5304.121, chrome: {chromedriverVersion: 107.0.5304.62 (1eec40d3a576..., userDataDir: C:\Users\asus\AppData\Local...}, goog:chromeOptions: {debuggerAddress: localhost:56515}, networkConnectionEnabled: false, pageLoadStrategy: normal, platformName: WINDOWS, proxy: Proxy(), se:cdp: ws://localhost:56515/devtoo..., se:cdpVersion: 107.0.5304.121, setWindowRect: true, strictFileInteractability: false, timeouts: {implicit: 0, pageLoad: 300000, script: 30000}, unhandledPromptBehavior: dismiss and notify, webauthn:extension:credBlob: true, webauthn:extension:largeBlob: true, webauthn:virtualAuthenticators: true}
Session ID: b884ed74f010556096facce9614dcff1 
2022-11-30 03:39:23,911 ERROR [Log] clickContinue() FAILED because of no such element: Unable to locate element: {"method":"xpath","selector":"//*[@class='continueButton n-button large block text-center -primary']"}
  (Session info: chrome=107.0.5304.121)
For documentation on this error, please visit: https://selenium.dev/exceptions/#no_such_element
Build info: version: '4.6.0', revision: '79f1c02ae20'
System info: os.name: 'Windows 11', os.arch: 'amd64', os.version: '10.0', java.version: '19'
Driver info: org.openqa.selenium.chrome.ChromeDriver
Command: [b884ed74f010556096facce9614dcff1, findElement {using=xpath, value=//*[@class='continueButton n-button large block text-center -primary']}]
Capabilities {acceptInsecureCerts: false, browserName: chrome, browserVersion: 107.0.5304.121, chrome: {chromedriverVersion: 107.0.5304.62 (1eec40d3a576..., userDataDir: C:\Users\asus\AppData\Local...}, goog:chromeOptions: {debuggerAddress: localhost:56515}, networkConnectionEnabled: false, pageLoadStrategy: normal, platformName: WINDOWS, proxy: Proxy(), se:cdp: ws://localhost:56515/devtoo..., se:cdpVersion: 107.0.5304.121, setWindowRect: true, strictFileInteractability: false, timeouts: {implicit: 0, pageLoad: 300000, script: 30000}, unhandledPromptBehavior: dismiss and notify, webauthn:extension:credBlob: true, webauthn:extension:largeBlob: true, webauthn:virtualAuthenticators: true}
Session ID: b884ed74f010556096facce9614dcff1 
2022-11-30 03:39:24,931 ERROR [Log] loginUser() FAILED because of no such element: Unable to locate element: {"method":"css selector","selector":"#n\-input\-email"}
  (Session info: chrome=107.0.5304.121)
For documentation on this error, please visit: https://selenium.dev/exceptions/#no_such_element
Build info: version: '4.6.0', revision: '79f1c02ae20'
System info: os.name: 'Windows 11', os.arch: 'amd64', os.version: '10.0', java.version: '19'
Driver info: org.openqa.selenium.chrome.ChromeDriver
Command: [b884ed74f010556096facce9614dcff1, findElement {using=id, value=n-input-email}]
Capabilities {acceptInsecureCerts: false, browserName: chrome, browserVersion: 107.0.5304.121, chrome: {chromedriverVersion: 107.0.5304.62 (1eec40d3a576..., userDataDir: C:\Users\asus\AppData\Local...}, goog:chromeOptions: {debuggerAddress: localhost:56515}, networkConnectionEnabled: false, pageLoadStrategy: normal, platformName: WINDOWS, proxy: Proxy(), se:cdp: ws://localhost:56515/devtoo..., se:cdpVersion: 107.0.5304.121, setWindowRect: true, strictFileInteractability: false, timeouts: {implicit: 0, pageLoad: 300000, script: 30000}, unhandledPromptBehavior: dismiss and notify, webauthn:extension:credBlob: true, webauthn:extension:largeBlob: true, webauthn:virtualAuthenticators: true}
Session ID: b884ed74f010556096facce9614dcff1 
2022-11-30 03:39:25,956 ERROR [Log] checkButton() FAILED because of no such element: Unable to locate element: {"method":"xpath","selector":"//*[@id="login"]/button"}
  (Session info: chrome=107.0.5304.121)
For documentation on this error, please visit: https://selenium.dev/exceptions/#no_such_element
Build info: version: '4.6.0', revision: '79f1c02ae20'
System info: os.name: 'Windows 11', os.arch: 'amd64', os.version: '10.0', java.version: '19'
Driver info: org.openqa.selenium.chrome.ChromeDriver
Command: [b884ed74f010556096facce9614dcff1, findElement {using=xpath, value=//*[@id="login"]/button}]
Capabilities {acceptInsecureCerts: false, browserName: chrome, browserVersion: 107.0.5304.121, chrome: {chromedriverVersion: 107.0.5304.62 (1eec40d3a576..., userDataDir: C:\Users\asus\AppData\Local...}, goog:chromeOptions: {debuggerAddress: localhost:56515}, networkConnectionEnabled: false, pageLoadStrategy: normal, platformName: WINDOWS, proxy: Proxy(), se:cdp: ws://localhost:56515/devtoo..., se:cdpVersion: 107.0.5304.121, setWindowRect: true, strictFileInteractability: false, timeouts: {implicit: 0, pageLoad: 300000, script: 30000}, unhandledPromptBehavior: dismiss and notify, webauthn:extension:credBlob: true, webauthn:extension:largeBlob: true, webauthn:virtualAuthenticators: true}
Session ID: b884ed74f010556096facce9614dcff1 
2022-11-30 03:39:26,980 ERROR [Log] clickNetworkLogo() FAILED because of no such element: Unable to locate element: {"method":"xpath","selector":"//*[@id="home"]/div[4]/header/div/div/div[2]"}
  (Session info: chrome=107.0.5304.121)
For documentation on this error, please visit: https://selenium.dev/exceptions/#no_such_element
Build info: version: '4.6.0', revision: '79f1c02ae20'
System info: os.name: 'Windows 11', os.arch: 'amd64', os.version: '10.0', java.version: '19'
Driver info: org.openqa.selenium.chrome.ChromeDriver
Command: [b884ed74f010556096facce9614dcff1, findElement {using=xpath, value=//*[@id="home"]/div[4]/header/div/div/div[2]}]
Capabilities {acceptInsecureCerts: false, browserName: chrome, browserVersion: 107.0.5304.121, chrome: {chromedriverVersion: 107.0.5304.62 (1eec40d3a576..., userDataDir: C:\Users\asus\AppData\Local...}, goog:chromeOptions: {debuggerAddress: localhost:56515}, networkConnectionEnabled: false, pageLoadStrategy: normal, platformName: WINDOWS, proxy: Proxy(), se:cdp: ws://localhost:56515/devtoo..., se:cdpVersion: 107.0.5304.121, setWindowRect: true, strictFileInteractability: false, timeouts: {implicit: 0, pageLoad: 300000, script: 30000}, unhandledPromptBehavior: dismiss and notify, webauthn:extension:credBlob: true, webauthn:extension:largeBlob: true, webauthn:virtualAuthenticators: true}
Session ID: b884ed74f010556096facce9614dcff1 
2022-11-30 03:45:02,548 INFO  [Log] checkURL() PASSED 
2022-11-30 03:45:06,041 INFO  [Log] searchProduct() PASSED 
2022-11-30 03:45:08,418 INFO  [Log] scrollPage() PASSED 
2022-11-30 03:45:09,437 INFO  [Log] secondURLCheck() PASSED 
2022-11-30 03:45:12,861 ERROR [Log] selectAPoduct() FAILED because of element not interactable
  (Session info: chrome=107.0.5304.121)
Build info: version: '4.6.0', revision: '79f1c02ae20'
System info: os.name: 'Windows 11', os.arch: 'amd64', os.version: '10.0', java.version: '19'
Driver info: org.openqa.selenium.chrome.ChromeDriver
Command: [835889700f59cb630820f084fd1a6584, clickElement {id=c1b0f00d-896a-4f34-add8-f2b5557d1575}]
Capabilities {acceptInsecureCerts: false, browserName: chrome, browserVersion: 107.0.5304.121, chrome: {chromedriverVersion: 107.0.5304.62 (1eec40d3a576..., userDataDir: C:\Users\asus\AppData\Local...}, goog:chromeOptions: {debuggerAddress: localhost:57002}, networkConnectionEnabled: false, pageLoadStrategy: normal, platformName: WINDOWS, proxy: Proxy(), se:cdp: ws://localhost:57002/devtoo..., se:cdpVersion: 107.0.5304.121, setWindowRect: true, strictFileInteractability: false, timeouts: {implicit: 0, pageLoad: 300000, script: 30000}, unhandledPromptBehavior: dismiss and notify, webauthn:extension:credBlob: true, webauthn:extension:largeBlob: true, webauthn:virtualAuthenticators: true}
Element: [[ChromeDriver: chrome on WINDOWS (835889700f59cb630820f084fd1a6584)] -> xpath: (//label[@class='radio-box__label'])[1]]
Session ID: 835889700f59cb630820f084fd1a6584 
2022-11-30 03:45:13,891 ERROR [Log] checkPriceProduct() FAILED because of no such element: Unable to locate element: {"method":"xpath","selector":"/html/body/div[1]/div/div[1]/div[1]/div[2]/div/div[2]/div[2]/div[1]/div[2]"}
  (Session info: chrome=107.0.5304.121)
For documentation on this error, please visit: https://selenium.dev/exceptions/#no_such_element
Build info: version: '4.6.0', revision: '79f1c02ae20'
System info: os.name: 'Windows 11', os.arch: 'amd64', os.version: '10.0', java.version: '19'
Driver info: org.openqa.selenium.chrome.ChromeDriver
Command: [835889700f59cb630820f084fd1a6584, findElement {using=xpath, value=/html/body/div[1]/div/div[1]/div[1]/div[2]/div/div[2]/div[2]/div[1]/div[2]}]
Capabilities {acceptInsecureCerts: false, browserName: chrome, browserVersion: 107.0.5304.121, chrome: {chromedriverVersion: 107.0.5304.62 (1eec40d3a576..., userDataDir: C:\Users\asus\AppData\Local...}, goog:chromeOptions: {debuggerAddress: localhost:57002}, networkConnectionEnabled: false, pageLoadStrategy: normal, platformName: WINDOWS, proxy: Proxy(), se:cdp: ws://localhost:57002/devtoo..., se:cdpVersion: 107.0.5304.121, setWindowRect: true, strictFileInteractability: false, timeouts: {implicit: 0, pageLoad: 300000, script: 30000}, unhandledPromptBehavior: dismiss and notify, webauthn:extension:credBlob: true, webauthn:extension:largeBlob: true, webauthn:virtualAuthenticators: true}
Session ID: 835889700f59cb630820f084fd1a6584 
2022-11-30 03:45:13,913 ERROR [Log] clickContinue() FAILED because of no such element: Unable to locate element: {"method":"xpath","selector":"//*[@class='continueButton n-button large block text-center -primary']"}
  (Session info: chrome=107.0.5304.121)
For documentation on this error, please visit: https://selenium.dev/exceptions/#no_such_element
Build info: version: '4.6.0', revision: '79f1c02ae20'
System info: os.name: 'Windows 11', os.arch: 'amd64', os.version: '10.0', java.version: '19'
Driver info: org.openqa.selenium.chrome.ChromeDriver
Command: [835889700f59cb630820f084fd1a6584, findElement {using=xpath, value=//*[@class='continueButton n-button large block text-center -primary']}]
Capabilities {acceptInsecureCerts: false, browserName: chrome, browserVersion: 107.0.5304.121, chrome: {chromedriverVersion: 107.0.5304.62 (1eec40d3a576..., userDataDir: C:\Users\asus\AppData\Local...}, goog:chromeOptions: {debuggerAddress: localhost:57002}, networkConnectionEnabled: false, pageLoadStrategy: normal, platformName: WINDOWS, proxy: Proxy(), se:cdp: ws://localhost:57002/devtoo..., se:cdpVersion: 107.0.5304.121, setWindowRect: true, strictFileInteractability: false, timeouts: {implicit: 0, pageLoad: 300000, script: 30000}, unhandledPromptBehavior: dismiss and notify, webauthn:extension:credBlob: true, webauthn:extension:largeBlob: true, webauthn:virtualAuthenticators: true}
Session ID: 835889700f59cb630820f084fd1a6584 
2022-11-30 03:45:14,935 ERROR [Log] loginUser() FAILED because of no such element: Unable to locate element: {"method":"css selector","selector":"#n\-input\-email"}
  (Session info: chrome=107.0.5304.121)
For documentation on this error, please visit: https://selenium.dev/exceptions/#no_such_element
Build info: version: '4.6.0', revision: '79f1c02ae20'
System info: os.name: 'Windows 11', os.arch: 'amd64', os.version: '10.0', java.version: '19'
Driver info: org.openqa.selenium.chrome.ChromeDriver
Command: [835889700f59cb630820f084fd1a6584, findElement {using=id, value=n-input-email}]
Capabilities {acceptInsecureCerts: false, browserName: chrome, browserVersion: 107.0.5304.121, chrome: {chromedriverVersion: 107.0.5304.62 (1eec40d3a576..., userDataDir: C:\Users\asus\AppData\Local...}, goog:chromeOptions: {debuggerAddress: localhost:57002}, networkConnectionEnabled: false, pageLoadStrategy: normal, platformName: WINDOWS, proxy: Proxy(), se:cdp: ws://localhost:57002/devtoo..., se:cdpVersion: 107.0.5304.121, setWindowRect: true, strictFileInteractability: false, timeouts: {implicit: 0, pageLoad: 300000, script: 30000}, unhandledPromptBehavior: dismiss and notify, webauthn:extension:credBlob: true, webauthn:extension:largeBlob: true, webauthn:virtualAuthenticators: true}
Session ID: 835889700f59cb630820f084fd1a6584 
2022-11-30 03:45:15,962 ERROR [Log] checkButton() FAILED because of no such element: Unable to locate element: {"method":"xpath","selector":"//*[@id="login"]/button"}
  (Session info: chrome=107.0.5304.121)
For documentation on this error, please visit: https://selenium.dev/exceptions/#no_such_element
Build info: version: '4.6.0', revision: '79f1c02ae20'
System info: os.name: 'Windows 11', os.arch: 'amd64', os.version: '10.0', java.version: '19'
Driver info: org.openqa.selenium.chrome.ChromeDriver
Command: [835889700f59cb630820f084fd1a6584, findElement {using=xpath, value=//*[@id="login"]/button}]
Capabilities {acceptInsecureCerts: false, browserName: chrome, browserVersion: 107.0.5304.121, chrome: {chromedriverVersion: 107.0.5304.62 (1eec40d3a576..., userDataDir: C:\Users\asus\AppData\Local...}, goog:chromeOptions: {debuggerAddress: localhost:57002}, networkConnectionEnabled: false, pageLoadStrategy: normal, platformName: WINDOWS, proxy: Proxy(), se:cdp: ws://localhost:57002/devtoo..., se:cdpVersion: 107.0.5304.121, setWindowRect: true, strictFileInteractability: false, timeouts: {implicit: 0, pageLoad: 300000, script: 30000}, unhandledPromptBehavior: dismiss and notify, webauthn:extension:credBlob: true, webauthn:extension:largeBlob: true, webauthn:virtualAuthenticators: true}
Session ID: 835889700f59cb630820f084fd1a6584 
2022-11-30 03:45:17,002 ERROR [Log] clickNetworkLogo() FAILED because of no such element: Unable to locate element: {"method":"xpath","selector":"//*[@id="home"]/div[4]/header/div/div/div[2]"}
  (Session info: chrome=107.0.5304.121)
For documentation on this error, please visit: https://selenium.dev/exceptions/#no_such_element
Build info: version: '4.6.0', revision: '79f1c02ae20'
System info: os.name: 'Windows 11', os.arch: 'amd64', os.version: '10.0', java.version: '19'
Driver info: org.openqa.selenium.chrome.ChromeDriver
Command: [835889700f59cb630820f084fd1a6584, findElement {using=xpath, value=//*[@id="home"]/div[4]/header/div/div/div[2]}]
Capabilities {acceptInsecureCerts: false, browserName: chrome, browserVersion: 107.0.5304.121, chrome: {chromedriverVersion: 107.0.5304.62 (1eec40d3a576..., userDataDir: C:\Users\asus\AppData\Local...}, goog:chromeOptions: {debuggerAddress: localhost:57002}, networkConnectionEnabled: false, pageLoadStrategy: normal, platformName: WINDOWS, proxy: Proxy(), se:cdp: ws://localhost:57002/devtoo..., se:cdpVersion: 107.0.5304.121, setWindowRect: true, strictFileInteractability: false, timeouts: {implicit: 0, pageLoad: 300000, script: 30000}, unhandledPromptBehavior: dismiss and notify, webauthn:extension:credBlob: true, webauthn:extension:largeBlob: true, webauthn:virtualAuthenticators: true}
Session ID: 835889700f59cb630820f084fd1a6584 
2022-11-30 03:45:18,116 INFO  [Log] openCart() PASSED 
2022-11-30 03:45:19,147 ERROR [Log] deleteProduct() FAILED because of no such element: Unable to locate element: {"method":"xpath","selector":"/html/body/div[2]/header/div/div/div[3]/div[2]/div/div/div[2]/div/div[3]"}
  (Session info: chrome=107.0.5304.121)
For documentation on this error, please visit: https://selenium.dev/exceptions/#no_such_element
Build info: version: '4.6.0', revision: '79f1c02ae20'
System info: os.name: 'Windows 11', os.arch: 'amd64', os.version: '10.0', java.version: '19'
Driver info: org.openqa.selenium.chrome.ChromeDriver
Command: [835889700f59cb630820f084fd1a6584, findElement {using=xpath, value=/html/body/div[2]/header/div/div/div[3]/div[2]/div/div/div[2]/div/div[3]}]
Capabilities {acceptInsecureCerts: false, browserName: chrome, browserVersion: 107.0.5304.121, chrome: {chromedriverVersion: 107.0.5304.62 (1eec40d3a576..., userDataDir: C:\Users\asus\AppData\Local...}, goog:chromeOptions: {debuggerAddress: localhost:57002}, networkConnectionEnabled: false, pageLoadStrategy: normal, platformName: WINDOWS, proxy: Proxy(), se:cdp: ws://localhost:57002/devtoo..., se:cdpVersion: 107.0.5304.121, setWindowRect: true, strictFileInteractability: false, timeouts: {implicit: 0, pageLoad: 300000, script: 30000}, unhandledPromptBehavior: dismiss and notify, webauthn:extension:credBlob: true, webauthn:extension:largeBlob: true, webauthn:virtualAuthenticators: true}
Session ID: 835889700f59cb630820f084fd1a6584 
2022-11-30 03:45:19,164 INFO  [Log] verifyDeleteCart() PASSED 
2022-11-30 03:47:22,083 INFO  [Log] checkURL() PASSED 
2022-11-30 03:47:25,265 INFO  [Log] searchProduct() PASSED 
2022-11-30 03:47:27,563 INFO  [Log] scrollPage() PASSED 
2022-11-30 03:47:28,602 INFO  [Log] secondURLCheck() PASSED 
2022-11-30 03:47:31,966 ERROR [Log] selectAPoduct() FAILED because of bound must be positive 
2022-11-30 03:47:33,013 ERROR [Log] checkPriceProduct() FAILED because of no such element: Unable to locate element: {"method":"xpath","selector":"/html/body/div[1]/div/div[1]/div[1]/div[2]/div/div[2]/div[2]/div[1]/div[2]"}
  (Session info: chrome=107.0.5304.121)
For documentation on this error, please visit: https://selenium.dev/exceptions/#no_such_element
Build info: version: '4.6.0', revision: '79f1c02ae20'
System info: os.name: 'Windows 11', os.arch: 'amd64', os.version: '10.0', java.version: '19'
Driver info: org.openqa.selenium.chrome.ChromeDriver
Command: [bbda88e91f3095ab2e6e17acd2f31ca8, findElement {using=xpath, value=/html/body/div[1]/div/div[1]/div[1]/div[2]/div/div[2]/div[2]/div[1]/div[2]}]
Capabilities {acceptInsecureCerts: false, browserName: chrome, browserVersion: 107.0.5304.121, chrome: {chromedriverVersion: 107.0.5304.62 (1eec40d3a576..., userDataDir: C:\Users\asus\AppData\Local...}, goog:chromeOptions: {debuggerAddress: localhost:57320}, networkConnectionEnabled: false, pageLoadStrategy: normal, platformName: WINDOWS, proxy: Proxy(), se:cdp: ws://localhost:57320/devtoo..., se:cdpVersion: 107.0.5304.121, setWindowRect: true, strictFileInteractability: false, timeouts: {implicit: 0, pageLoad: 300000, script: 30000}, unhandledPromptBehavior: dismiss and notify, webauthn:extension:credBlob: true, webauthn:extension:largeBlob: true, webauthn:virtualAuthenticators: true}
Session ID: bbda88e91f3095ab2e6e17acd2f31ca8 
2022-11-30 03:47:33,037 ERROR [Log] clickContinue() FAILED because of no such element: Unable to locate element: {"method":"xpath","selector":"//*[@class='continueButton n-button large block text-center -primary']"}
  (Session info: chrome=107.0.5304.121)
For documentation on this error, please visit: https://selenium.dev/exceptions/#no_such_element
Build info: version: '4.6.0', revision: '79f1c02ae20'
System info: os.name: 'Windows 11', os.arch: 'amd64', os.version: '10.0', java.version: '19'
Driver info: org.openqa.selenium.chrome.ChromeDriver
Command: [bbda88e91f3095ab2e6e17acd2f31ca8, findElement {using=xpath, value=//*[@class='continueButton n-button large block text-center -primary']}]
Capabilities {acceptInsecureCerts: false, browserName: chrome, browserVersion: 107.0.5304.121, chrome: {chromedriverVersion: 107.0.5304.62 (1eec40d3a576..., userDataDir: C:\Users\asus\AppData\Local...}, goog:chromeOptions: {debuggerAddress: localhost:57320}, networkConnectionEnabled: false, pageLoadStrategy: normal, platformName: WINDOWS, proxy: Proxy(), se:cdp: ws://localhost:57320/devtoo..., se:cdpVersion: 107.0.5304.121, setWindowRect: true, strictFileInteractability: false, timeouts: {implicit: 0, pageLoad: 300000, script: 30000}, unhandledPromptBehavior: dismiss and notify, webauthn:extension:credBlob: true, webauthn:extension:largeBlob: true, webauthn:virtualAuthenticators: true}
Session ID: bbda88e91f3095ab2e6e17acd2f31ca8 
2022-11-30 03:47:34,063 ERROR [Log] loginUser() FAILED because of no such element: Unable to locate element: {"method":"css selector","selector":"#n\-input\-email"}
  (Session info: chrome=107.0.5304.121)
For documentation on this error, please visit: https://selenium.dev/exceptions/#no_such_element
Build info: version: '4.6.0', revision: '79f1c02ae20'
System info: os.name: 'Windows 11', os.arch: 'amd64', os.version: '10.0', java.version: '19'
Driver info: org.openqa.selenium.chrome.ChromeDriver
Command: [bbda88e91f3095ab2e6e17acd2f31ca8, findElement {using=id, value=n-input-email}]
Capabilities {acceptInsecureCerts: false, browserName: chrome, browserVersion: 107.0.5304.121, chrome: {chromedriverVersion: 107.0.5304.62 (1eec40d3a576..., userDataDir: C:\Users\asus\AppData\Local...}, goog:chromeOptions: {debuggerAddress: localhost:57320}, networkConnectionEnabled: false, pageLoadStrategy: normal, platformName: WINDOWS, proxy: Proxy(), se:cdp: ws://localhost:57320/devtoo..., se:cdpVersion: 107.0.5304.121, setWindowRect: true, strictFileInteractability: false, timeouts: {implicit: 0, pageLoad: 300000, script: 30000}, unhandledPromptBehavior: dismiss and notify, webauthn:extension:credBlob: true, webauthn:extension:largeBlob: true, webauthn:virtualAuthenticators: true}
Session ID: bbda88e91f3095ab2e6e17acd2f31ca8 
2022-11-30 03:47:35,107 ERROR [Log] checkButton() FAILED because of no such element: Unable to locate element: {"method":"xpath","selector":"//*[@id="login"]/button"}
  (Session info: chrome=107.0.5304.121)
For documentation on this error, please visit: https://selenium.dev/exceptions/#no_such_element
Build info: version: '4.6.0', revision: '79f1c02ae20'
System info: os.name: 'Windows 11', os.arch: 'amd64', os.version: '10.0', java.version: '19'
Driver info: org.openqa.selenium.chrome.ChromeDriver
Command: [bbda88e91f3095ab2e6e17acd2f31ca8, findElement {using=xpath, value=//*[@id="login"]/button}]
Capabilities {acceptInsecureCerts: false, browserName: chrome, browserVersion: 107.0.5304.121, chrome: {chromedriverVersion: 107.0.5304.62 (1eec40d3a576..., userDataDir: C:\Users\asus\AppData\Local...}, goog:chromeOptions: {debuggerAddress: localhost:57320}, networkConnectionEnabled: false, pageLoadStrategy: normal, platformName: WINDOWS, proxy: Proxy(), se:cdp: ws://localhost:57320/devtoo..., se:cdpVersion: 107.0.5304.121, setWindowRect: true, strictFileInteractability: false, timeouts: {implicit: 0, pageLoad: 300000, script: 30000}, unhandledPromptBehavior: dismiss and notify, webauthn:extension:credBlob: true, webauthn:extension:largeBlob: true, webauthn:virtualAuthenticators: true}
Session ID: bbda88e91f3095ab2e6e17acd2f31ca8 
2022-11-30 03:47:36,140 ERROR [Log] clickNetworkLogo() FAILED because of no such element: Unable to locate element: {"method":"xpath","selector":"//*[@id="home"]/div[4]/header/div/div/div[2]"}
  (Session info: chrome=107.0.5304.121)
For documentation on this error, please visit: https://selenium.dev/exceptions/#no_such_element
Build info: version: '4.6.0', revision: '79f1c02ae20'
System info: os.name: 'Windows 11', os.arch: 'amd64', os.version: '10.0', java.version: '19'
Driver info: org.openqa.selenium.chrome.ChromeDriver
Command: [bbda88e91f3095ab2e6e17acd2f31ca8, findElement {using=xpath, value=//*[@id="home"]/div[4]/header/div/div/div[2]}]
Capabilities {acceptInsecureCerts: false, browserName: chrome, browserVersion: 107.0.5304.121, chrome: {chromedriverVersion: 107.0.5304.62 (1eec40d3a576..., userDataDir: C:\Users\asus\AppData\Local...}, goog:chromeOptions: {debuggerAddress: localhost:57320}, networkConnectionEnabled: false, pageLoadStrategy: normal, platformName: WINDOWS, proxy: Proxy(), se:cdp: ws://localhost:57320/devtoo..., se:cdpVersion: 107.0.5304.121, setWindowRect: true, strictFileInteractability: false, timeouts: {implicit: 0, pageLoad: 300000, script: 30000}, unhandledPromptBehavior: dismiss and notify, webauthn:extension:credBlob: true, webauthn:extension:largeBlob: true, webauthn:virtualAuthenticators: true}
Session ID: bbda88e91f3095ab2e6e17acd2f31ca8 
2022-11-30 03:47:37,212 INFO  [Log] openCart() PASSED 
2022-11-30 03:47:38,235 ERROR [Log] deleteProduct() FAILED because of no such window: target window already closed
from unknown error: web view not found
  (Session info: chrome=107.0.5304.121)
Build info: version: '4.6.0', revision: '79f1c02ae20'
System info: os.name: 'Windows 11', os.arch: 'amd64', os.version: '10.0', java.version: '19'
Driver info: org.openqa.selenium.chrome.ChromeDriver
Command: [bbda88e91f3095ab2e6e17acd2f31ca8, findElement {using=xpath, value=/html/body/div[2]/header/div/div/div[3]/div[2]/div/div/div[2]/div/div[3]}]
Capabilities {acceptInsecureCerts: false, browserName: chrome, browserVersion: 107.0.5304.121, chrome: {chromedriverVersion: 107.0.5304.62 (1eec40d3a576..., userDataDir: C:\Users\asus\AppData\Local...}, goog:chromeOptions: {debuggerAddress: localhost:57320}, networkConnectionEnabled: false, pageLoadStrategy: normal, platformName: WINDOWS, proxy: Proxy(), se:cdp: ws://localhost:57320/devtoo..., se:cdpVersion: 107.0.5304.121, setWindowRect: true, strictFileInteractability: false, timeouts: {implicit: 0, pageLoad: 300000, script: 30000}, unhandledPromptBehavior: dismiss and notify, webauthn:extension:credBlob: true, webauthn:extension:largeBlob: true, webauthn:virtualAuthenticators: true}
Session ID: bbda88e91f3095ab2e6e17acd2f31ca8 
2022-11-30 03:47:38,241 ERROR [Log] verifyDeleteCart() FAILED because of no such window: target window already closed
from unknown error: web view not found
  (Session info: chrome=107.0.5304.121)
Build info: version: '4.6.0', revision: '79f1c02ae20'
System info: os.name: 'Windows 11', os.arch: 'amd64', os.version: '10.0', java.version: '19'
Driver info: org.openqa.selenium.chrome.ChromeDriver
Command: [bbda88e91f3095ab2e6e17acd2f31ca8, findElements {using=xpath, value=//a[@class='header__emptyBasketFavorite button -primary']}]
Capabilities {acceptInsecureCerts: false, browserName: chrome, browserVersion: 107.0.5304.121, chrome: {chromedriverVersion: 107.0.5304.62 (1eec40d3a576..., userDataDir: C:\Users\asus\AppData\Local...}, goog:chromeOptions: {debuggerAddress: localhost:57320}, networkConnectionEnabled: false, pageLoadStrategy: normal, platformName: WINDOWS, proxy: Proxy(), se:cdp: ws://localhost:57320/devtoo..., se:cdpVersion: 107.0.5304.121, setWindowRect: true, strictFileInteractability: false, timeouts: {implicit: 0, pageLoad: 300000, script: 30000}, unhandledPromptBehavior: dismiss and notify, webauthn:extension:credBlob: true, webauthn:extension:largeBlob: true, webauthn:virtualAuthenticators: true}
Session ID: bbda88e91f3095ab2e6e17acd2f31ca8 
2022-11-30 03:48:00,024 INFO  [Log] checkURL() PASSED 
2022-11-30 03:48:04,079 INFO  [Log] searchProduct() PASSED 
2022-11-30 03:48:06,382 INFO  [Log] scrollPage() PASSED 
2022-11-30 03:48:07,409 INFO  [Log] secondURLCheck() PASSED 
2022-11-30 03:48:10,809 ERROR [Log] selectAPoduct() FAILED because of bound must be positive 
2022-11-30 03:48:11,852 ERROR [Log] checkPriceProduct() FAILED because of no such element: Unable to locate element: {"method":"xpath","selector":"/html/body/div[1]/div/div[1]/div[1]/div[2]/div/div[2]/div[2]/div[1]/div[2]"}
  (Session info: chrome=107.0.5304.121)
For documentation on this error, please visit: https://selenium.dev/exceptions/#no_such_element
Build info: version: '4.6.0', revision: '79f1c02ae20'
System info: os.name: 'Windows 11', os.arch: 'amd64', os.version: '10.0', java.version: '19'
Driver info: org.openqa.selenium.chrome.ChromeDriver
Command: [d317157fa58197ed3b2fdb42b6d064e3, findElement {using=xpath, value=/html/body/div[1]/div/div[1]/div[1]/div[2]/div/div[2]/div[2]/div[1]/div[2]}]
Capabilities {acceptInsecureCerts: false, browserName: chrome, browserVersion: 107.0.5304.121, chrome: {chromedriverVersion: 107.0.5304.62 (1eec40d3a576..., userDataDir: C:\Users\asus\AppData\Local...}, goog:chromeOptions: {debuggerAddress: localhost:57495}, networkConnectionEnabled: false, pageLoadStrategy: normal, platformName: WINDOWS, proxy: Proxy(), se:cdp: ws://localhost:57495/devtoo..., se:cdpVersion: 107.0.5304.121, setWindowRect: true, strictFileInteractability: false, timeouts: {implicit: 0, pageLoad: 300000, script: 30000}, unhandledPromptBehavior: dismiss and notify, webauthn:extension:credBlob: true, webauthn:extension:largeBlob: true, webauthn:virtualAuthenticators: true}
Session ID: d317157fa58197ed3b2fdb42b6d064e3 
2022-11-30 03:48:11,874 ERROR [Log] clickContinue() FAILED because of no such element: Unable to locate element: {"method":"xpath","selector":"//*[@class='continueButton n-button large block text-center -primary']"}
  (Session info: chrome=107.0.5304.121)
For documentation on this error, please visit: https://selenium.dev/exceptions/#no_such_element
Build info: version: '4.6.0', revision: '79f1c02ae20'
System info: os.name: 'Windows 11', os.arch: 'amd64', os.version: '10.0', java.version: '19'
Driver info: org.openqa.selenium.chrome.ChromeDriver
Command: [d317157fa58197ed3b2fdb42b6d064e3, findElement {using=xpath, value=//*[@class='continueButton n-button large block text-center -primary']}]
Capabilities {acceptInsecureCerts: false, browserName: chrome, browserVersion: 107.0.5304.121, chrome: {chromedriverVersion: 107.0.5304.62 (1eec40d3a576..., userDataDir: C:\Users\asus\AppData\Local...}, goog:chromeOptions: {debuggerAddress: localhost:57495}, networkConnectionEnabled: false, pageLoadStrategy: normal, platformName: WINDOWS, proxy: Proxy(), se:cdp: ws://localhost:57495/devtoo..., se:cdpVersion: 107.0.5304.121, setWindowRect: true, strictFileInteractability: false, timeouts: {implicit: 0, pageLoad: 300000, script: 30000}, unhandledPromptBehavior: dismiss and notify, webauthn:extension:credBlob: true, webauthn:extension:largeBlob: true, webauthn:virtualAuthenticators: true}
Session ID: d317157fa58197ed3b2fdb42b6d064e3 
2022-11-30 03:48:12,902 ERROR [Log] loginUser() FAILED because of no such element: Unable to locate element: {"method":"css selector","selector":"#n\-input\-email"}
  (Session info: chrome=107.0.5304.121)
For documentation on this error, please visit: https://selenium.dev/exceptions/#no_such_element
Build info: version: '4.6.0', revision: '79f1c02ae20'
System info: os.name: 'Windows 11', os.arch: 'amd64', os.version: '10.0', java.version: '19'
Driver info: org.openqa.selenium.chrome.ChromeDriver
Command: [d317157fa58197ed3b2fdb42b6d064e3, findElement {using=id, value=n-input-email}]
Capabilities {acceptInsecureCerts: false, browserName: chrome, browserVersion: 107.0.5304.121, chrome: {chromedriverVersion: 107.0.5304.62 (1eec40d3a576..., userDataDir: C:\Users\asus\AppData\Local...}, goog:chromeOptions: {debuggerAddress: localhost:57495}, networkConnectionEnabled: false, pageLoadStrategy: normal, platformName: WINDOWS, proxy: Proxy(), se:cdp: ws://localhost:57495/devtoo..., se:cdpVersion: 107.0.5304.121, setWindowRect: true, strictFileInteractability: false, timeouts: {implicit: 0, pageLoad: 300000, script: 30000}, unhandledPromptBehavior: dismiss and notify, webauthn:extension:credBlob: true, webauthn:extension:largeBlob: true, webauthn:virtualAuthenticators: true}
Session ID: d317157fa58197ed3b2fdb42b6d064e3 
2022-11-30 03:48:13,927 ERROR [Log] checkButton() FAILED because of no such element: Unable to locate element: {"method":"xpath","selector":"//*[@id="login"]/button"}
  (Session info: chrome=107.0.5304.121)
For documentation on this error, please visit: https://selenium.dev/exceptions/#no_such_element
Build info: version: '4.6.0', revision: '79f1c02ae20'
System info: os.name: 'Windows 11', os.arch: 'amd64', os.version: '10.0', java.version: '19'
Driver info: org.openqa.selenium.chrome.ChromeDriver
Command: [d317157fa58197ed3b2fdb42b6d064e3, findElement {using=xpath, value=//*[@id="login"]/button}]
Capabilities {acceptInsecureCerts: false, browserName: chrome, browserVersion: 107.0.5304.121, chrome: {chromedriverVersion: 107.0.5304.62 (1eec40d3a576..., userDataDir: C:\Users\asus\AppData\Local...}, goog:chromeOptions: {debuggerAddress: localhost:57495}, networkConnectionEnabled: false, pageLoadStrategy: normal, platformName: WINDOWS, proxy: Proxy(), se:cdp: ws://localhost:57495/devtoo..., se:cdpVersion: 107.0.5304.121, setWindowRect: true, strictFileInteractability: false, timeouts: {implicit: 0, pageLoad: 300000, script: 30000}, unhandledPromptBehavior: dismiss and notify, webauthn:extension:credBlob: true, webauthn:extension:largeBlob: true, webauthn:virtualAuthenticators: true}
Session ID: d317157fa58197ed3b2fdb42b6d064e3 
2022-11-30 03:48:14,967 ERROR [Log] clickNetworkLogo() FAILED because of no such element: Unable to locate element: {"method":"xpath","selector":"//*[@id="home"]/div[4]/header/div/div/div[2]"}
  (Session info: chrome=107.0.5304.121)
For documentation on this error, please visit: https://selenium.dev/exceptions/#no_such_element
Build info: version: '4.6.0', revision: '79f1c02ae20'
System info: os.name: 'Windows 11', os.arch: 'amd64', os.version: '10.0', java.version: '19'
Driver info: org.openqa.selenium.chrome.ChromeDriver
Command: [d317157fa58197ed3b2fdb42b6d064e3, findElement {using=xpath, value=//*[@id="home"]/div[4]/header/div/div/div[2]}]
Capabilities {acceptInsecureCerts: false, browserName: chrome, browserVersion: 107.0.5304.121, chrome: {chromedriverVersion: 107.0.5304.62 (1eec40d3a576..., userDataDir: C:\Users\asus\AppData\Local...}, goog:chromeOptions: {debuggerAddress: localhost:57495}, networkConnectionEnabled: false, pageLoadStrategy: normal, platformName: WINDOWS, proxy: Proxy(), se:cdp: ws://localhost:57495/devtoo..., se:cdpVersion: 107.0.5304.121, setWindowRect: true, strictFileInteractability: false, timeouts: {implicit: 0, pageLoad: 300000, script: 30000}, unhandledPromptBehavior: dismiss and notify, webauthn:extension:credBlob: true, webauthn:extension:largeBlob: true, webauthn:virtualAuthenticators: true}
Session ID: d317157fa58197ed3b2fdb42b6d064e3 
2022-11-30 03:48:16,103 INFO  [Log] openCart() PASSED 
2022-11-30 03:48:17,118 ERROR [Log] deleteProduct() FAILED because of no such window: target window already closed
from unknown error: web view not found
  (Session info: chrome=107.0.5304.121)
Build info: version: '4.6.0', revision: '79f1c02ae20'
System info: os.name: 'Windows 11', os.arch: 'amd64', os.version: '10.0', java.version: '19'
Driver info: org.openqa.selenium.chrome.ChromeDriver
Command: [d317157fa58197ed3b2fdb42b6d064e3, findElement {using=xpath, value=/html/body/div[2]/header/div/div/div[3]/div[2]/div/div/div[2]/div/div[3]}]
Capabilities {acceptInsecureCerts: false, browserName: chrome, browserVersion: 107.0.5304.121, chrome: {chromedriverVersion: 107.0.5304.62 (1eec40d3a576..., userDataDir: C:\Users\asus\AppData\Local...}, goog:chromeOptions: {debuggerAddress: localhost:57495}, networkConnectionEnabled: false, pageLoadStrategy: normal, platformName: WINDOWS, proxy: Proxy(), se:cdp: ws://localhost:57495/devtoo..., se:cdpVersion: 107.0.5304.121, setWindowRect: true, strictFileInteractability: false, timeouts: {implicit: 0, pageLoad: 300000, script: 30000}, unhandledPromptBehavior: dismiss and notify, webauthn:extension:credBlob: true, webauthn:extension:largeBlob: true, webauthn:virtualAuthenticators: true}
Session ID: d317157fa58197ed3b2fdb42b6d064e3 
2022-11-30 03:48:17,130 ERROR [Log] verifyDeleteCart() FAILED because of no such window: target window already closed
from unknown error: web view not found
  (Session info: chrome=107.0.5304.121)
Build info: version: '4.6.0', revision: '79f1c02ae20'
System info: os.name: 'Windows 11', os.arch: 'amd64', os.version: '10.0', java.version: '19'
Driver info: org.openqa.selenium.chrome.ChromeDriver
Command: [d317157fa58197ed3b2fdb42b6d064e3, findElements {using=xpath, value=//a[@class='header__emptyBasketFavorite button -primary']}]
Capabilities {acceptInsecureCerts: false, browserName: chrome, browserVersion: 107.0.5304.121, chrome: {chromedriverVersion: 107.0.5304.62 (1eec40d3a576..., userDataDir: C:\Users\asus\AppData\Local...}, goog:chromeOptions: {debuggerAddress: localhost:57495}, networkConnectionEnabled: false, pageLoadStrategy: normal, platformName: WINDOWS, proxy: Proxy(), se:cdp: ws://localhost:57495/devtoo..., se:cdpVersion: 107.0.5304.121, setWindowRect: true, strictFileInteractability: false, timeouts: {implicit: 0, pageLoad: 300000, script: 30000}, unhandledPromptBehavior: dismiss and notify, webauthn:extension:credBlob: true, webauthn:extension:largeBlob: true, webauthn:virtualAuthenticators: true}
Session ID: d317157fa58197ed3b2fdb42b6d064e3 
2022-11-30 03:49:23,805 INFO  [Log] checkURL() PASSED 
2022-11-30 03:49:27,059 INFO  [Log] searchProduct() PASSED 
2022-11-30 03:49:29,409 INFO  [Log] scrollPage() PASSED 
2022-11-30 03:49:30,429 INFO  [Log] secondURLCheck() PASSED 
2022-11-30 03:49:33,794 ERROR [Log] selectAPoduct() FAILED because of bound must be positive 
2022-11-30 03:49:34,840 ERROR [Log] checkPriceProduct() FAILED because of no such element: Unable to locate element: {"method":"xpath","selector":"/html/body/div[1]/div/div[1]/div[1]/div[2]/div/div[2]/div[2]/div[1]/div[2]"}
  (Session info: chrome=107.0.5304.121)
For documentation on this error, please visit: https://selenium.dev/exceptions/#no_such_element
Build info: version: '4.6.0', revision: '79f1c02ae20'
System info: os.name: 'Windows 11', os.arch: 'amd64', os.version: '10.0', java.version: '19'
Driver info: org.openqa.selenium.chrome.ChromeDriver
Command: [cba380320ee4e78ade0cda5bb30574ec, findElement {using=xpath, value=/html/body/div[1]/div/div[1]/div[1]/div[2]/div/div[2]/div[2]/div[1]/div[2]}]
Capabilities {acceptInsecureCerts: false, browserName: chrome, browserVersion: 107.0.5304.121, chrome: {chromedriverVersion: 107.0.5304.62 (1eec40d3a576..., userDataDir: C:\Users\asus\AppData\Local...}, goog:chromeOptions: {debuggerAddress: localhost:57744}, networkConnectionEnabled: false, pageLoadStrategy: normal, platformName: WINDOWS, proxy: Proxy(), se:cdp: ws://localhost:57744/devtoo..., se:cdpVersion: 107.0.5304.121, setWindowRect: true, strictFileInteractability: false, timeouts: {implicit: 0, pageLoad: 300000, script: 30000}, unhandledPromptBehavior: dismiss and notify, webauthn:extension:credBlob: true, webauthn:extension:largeBlob: true, webauthn:virtualAuthenticators: true}
Session ID: cba380320ee4e78ade0cda5bb30574ec 
2022-11-30 03:49:34,865 ERROR [Log] clickContinue() FAILED because of no such element: Unable to locate element: {"method":"xpath","selector":"//*[@class='continueButton n-button large block text-center -primary']"}
  (Session info: chrome=107.0.5304.121)
For documentation on this error, please visit: https://selenium.dev/exceptions/#no_such_element
Build info: version: '4.6.0', revision: '79f1c02ae20'
System info: os.name: 'Windows 11', os.arch: 'amd64', os.version: '10.0', java.version: '19'
Driver info: org.openqa.selenium.chrome.ChromeDriver
Command: [cba380320ee4e78ade0cda5bb30574ec, findElement {using=xpath, value=//*[@class='continueButton n-button large block text-center -primary']}]
Capabilities {acceptInsecureCerts: false, browserName: chrome, browserVersion: 107.0.5304.121, chrome: {chromedriverVersion: 107.0.5304.62 (1eec40d3a576..., userDataDir: C:\Users\asus\AppData\Local...}, goog:chromeOptions: {debuggerAddress: localhost:57744}, networkConnectionEnabled: false, pageLoadStrategy: normal, platformName: WINDOWS, proxy: Proxy(), se:cdp: ws://localhost:57744/devtoo..., se:cdpVersion: 107.0.5304.121, setWindowRect: true, strictFileInteractability: false, timeouts: {implicit: 0, pageLoad: 300000, script: 30000}, unhandledPromptBehavior: dismiss and notify, webauthn:extension:credBlob: true, webauthn:extension:largeBlob: true, webauthn:virtualAuthenticators: true}
Session ID: cba380320ee4e78ade0cda5bb30574ec 
2022-11-30 03:49:35,893 ERROR [Log] loginUser() FAILED because of no such element: Unable to locate element: {"method":"css selector","selector":"#n\-input\-email"}
  (Session info: chrome=107.0.5304.121)
For documentation on this error, please visit: https://selenium.dev/exceptions/#no_such_element
Build info: version: '4.6.0', revision: '79f1c02ae20'
System info: os.name: 'Windows 11', os.arch: 'amd64', os.version: '10.0', java.version: '19'
Driver info: org.openqa.selenium.chrome.ChromeDriver
Command: [cba380320ee4e78ade0cda5bb30574ec, findElement {using=id, value=n-input-email}]
Capabilities {acceptInsecureCerts: false, browserName: chrome, browserVersion: 107.0.5304.121, chrome: {chromedriverVersion: 107.0.5304.62 (1eec40d3a576..., userDataDir: C:\Users\asus\AppData\Local...}, goog:chromeOptions: {debuggerAddress: localhost:57744}, networkConnectionEnabled: false, pageLoadStrategy: normal, platformName: WINDOWS, proxy: Proxy(), se:cdp: ws://localhost:57744/devtoo..., se:cdpVersion: 107.0.5304.121, setWindowRect: true, strictFileInteractability: false, timeouts: {implicit: 0, pageLoad: 300000, script: 30000}, unhandledPromptBehavior: dismiss and notify, webauthn:extension:credBlob: true, webauthn:extension:largeBlob: true, webauthn:virtualAuthenticators: true}
Session ID: cba380320ee4e78ade0cda5bb30574ec 
2022-11-30 03:49:36,930 ERROR [Log] checkButton() FAILED because of no such element: Unable to locate element: {"method":"xpath","selector":"//*[@id="login"]/button"}
  (Session info: chrome=107.0.5304.121)
For documentation on this error, please visit: https://selenium.dev/exceptions/#no_such_element
Build info: version: '4.6.0', revision: '79f1c02ae20'
System info: os.name: 'Windows 11', os.arch: 'amd64', os.version: '10.0', java.version: '19'
Driver info: org.openqa.selenium.chrome.ChromeDriver
Command: [cba380320ee4e78ade0cda5bb30574ec, findElement {using=xpath, value=//*[@id="login"]/button}]
Capabilities {acceptInsecureCerts: false, browserName: chrome, browserVersion: 107.0.5304.121, chrome: {chromedriverVersion: 107.0.5304.62 (1eec40d3a576..., userDataDir: C:\Users\asus\AppData\Local...}, goog:chromeOptions: {debuggerAddress: localhost:57744}, networkConnectionEnabled: false, pageLoadStrategy: normal, platformName: WINDOWS, proxy: Proxy(), se:cdp: ws://localhost:57744/devtoo..., se:cdpVersion: 107.0.5304.121, setWindowRect: true, strictFileInteractability: false, timeouts: {implicit: 0, pageLoad: 300000, script: 30000}, unhandledPromptBehavior: dismiss and notify, webauthn:extension:credBlob: true, webauthn:extension:largeBlob: true, webauthn:virtualAuthenticators: true}
Session ID: cba380320ee4e78ade0cda5bb30574ec 
2022-11-30 03:49:37,965 ERROR [Log] clickNetworkLogo() FAILED because of no such element: Unable to locate element: {"method":"xpath","selector":"//*[@id="home"]/div[4]/header/div/div/div[2]"}
  (Session info: chrome=107.0.5304.121)
For documentation on this error, please visit: https://selenium.dev/exceptions/#no_such_element
Build info: version: '4.6.0', revision: '79f1c02ae20'
System info: os.name: 'Windows 11', os.arch: 'amd64', os.version: '10.0', java.version: '19'
Driver info: org.openqa.selenium.chrome.ChromeDriver
Command: [cba380320ee4e78ade0cda5bb30574ec, findElement {using=xpath, value=//*[@id="home"]/div[4]/header/div/div/div[2]}]
Capabilities {acceptInsecureCerts: false, browserName: chrome, browserVersion: 107.0.5304.121, chrome: {chromedriverVersion: 107.0.5304.62 (1eec40d3a576..., userDataDir: C:\Users\asus\AppData\Local...}, goog:chromeOptions: {debuggerAddress: localhost:57744}, networkConnectionEnabled: false, pageLoadStrategy: normal, platformName: WINDOWS, proxy: Proxy(), se:cdp: ws://localhost:57744/devtoo..., se:cdpVersion: 107.0.5304.121, setWindowRect: true, strictFileInteractability: false, timeouts: {implicit: 0, pageLoad: 300000, script: 30000}, unhandledPromptBehavior: dismiss and notify, webauthn:extension:credBlob: true, webauthn:extension:largeBlob: true, webauthn:virtualAuthenticators: true}
Session ID: cba380320ee4e78ade0cda5bb30574ec 
2022-11-30 03:49:39,109 INFO  [Log] openCart() PASSED 
2022-11-30 03:49:40,122 ERROR [Log] deleteProduct() FAILED because of no such window: target window already closed
from unknown error: web view not found
  (Session info: chrome=107.0.5304.121)
Build info: version: '4.6.0', revision: '79f1c02ae20'
System info: os.name: 'Windows 11', os.arch: 'amd64', os.version: '10.0', java.version: '19'
Driver info: org.openqa.selenium.chrome.ChromeDriver
Command: [cba380320ee4e78ade0cda5bb30574ec, findElement {using=xpath, value=/html/body/div[2]/header/div/div/div[3]/div[2]/div/div/div[2]/div/div[3]}]
Capabilities {acceptInsecureCerts: false, browserName: chrome, browserVersion: 107.0.5304.121, chrome: {chromedriverVersion: 107.0.5304.62 (1eec40d3a576..., userDataDir: C:\Users\asus\AppData\Local...}, goog:chromeOptions: {debuggerAddress: localhost:57744}, networkConnectionEnabled: false, pageLoadStrategy: normal, platformName: WINDOWS, proxy: Proxy(), se:cdp: ws://localhost:57744/devtoo..., se:cdpVersion: 107.0.5304.121, setWindowRect: true, strictFileInteractability: false, timeouts: {implicit: 0, pageLoad: 300000, script: 30000}, unhandledPromptBehavior: dismiss and notify, webauthn:extension:credBlob: true, webauthn:extension:largeBlob: true, webauthn:virtualAuthenticators: true}
Session ID: cba380320ee4e78ade0cda5bb30574ec 
2022-11-30 03:49:40,130 ERROR [Log] verifyDeleteCart() FAILED because of no such window: target window already closed
from unknown error: web view not found
  (Session info: chrome=107.0.5304.121)
Build info: version: '4.6.0', revision: '79f1c02ae20'
System info: os.name: 'Windows 11', os.arch: 'amd64', os.version: '10.0', java.version: '19'
Driver info: org.openqa.selenium.chrome.ChromeDriver
Command: [cba380320ee4e78ade0cda5bb30574ec, findElements {using=xpath, value=//a[@class='header__emptyBasketFavorite button -primary']}]
Capabilities {acceptInsecureCerts: false, browserName: chrome, browserVersion: 107.0.5304.121, chrome: {chromedriverVersion: 107.0.5304.62 (1eec40d3a576..., userDataDir: C:\Users\asus\AppData\Local...}, goog:chromeOptions: {debuggerAddress: localhost:57744}, networkConnectionEnabled: false, pageLoadStrategy: normal, platformName: WINDOWS, proxy: Proxy(), se:cdp: ws://localhost:57744/devtoo..., se:cdpVersion: 107.0.5304.121, setWindowRect: true, strictFileInteractability: false, timeouts: {implicit: 0, pageLoad: 300000, script: 30000}, unhandledPromptBehavior: dismiss and notify, webauthn:extension:credBlob: true, webauthn:extension:largeBlob: true, webauthn:virtualAuthenticators: true}
Session ID: cba380320ee4e78ade0cda5bb30574ec 
2022-11-30 03:52:36,032 INFO  [Log] checkURL() PASSED 
2022-11-30 03:52:40,273 INFO  [Log] searchProduct() PASSED 
2022-11-30 03:52:42,575 INFO  [Log] scrollPage() PASSED 
2022-11-30 03:52:43,621 INFO  [Log] secondURLCheck() PASSED 
2022-11-30 03:52:47,071 ERROR [Log] selectAPoduct() FAILED because of element not interactable
  (Session info: chrome=107.0.5304.121)
Build info: version: '4.6.0', revision: '79f1c02ae20'
System info: os.name: 'Windows 11', os.arch: 'amd64', os.version: '10.0', java.version: '19'
Driver info: org.openqa.selenium.chrome.ChromeDriver
Command: [08e8be51d7600b61c0aa6117f67aafde, clickElement {id=82022313-62a8-4bda-8339-dc869ec93ff5}]
Capabilities {acceptInsecureCerts: false, browserName: chrome, browserVersion: 107.0.5304.121, chrome: {chromedriverVersion: 107.0.5304.62 (1eec40d3a576..., userDataDir: C:\Users\asus\AppData\Local...}, goog:chromeOptions: {debuggerAddress: localhost:58070}, networkConnectionEnabled: false, pageLoadStrategy: normal, platformName: WINDOWS, proxy: Proxy(), se:cdp: ws://localhost:58070/devtoo..., se:cdpVersion: 107.0.5304.121, setWindowRect: true, strictFileInteractability: false, timeouts: {implicit: 0, pageLoad: 300000, script: 30000}, unhandledPromptBehavior: dismiss and notify, webauthn:extension:credBlob: true, webauthn:extension:largeBlob: true, webauthn:virtualAuthenticators: true}
Element: [[ChromeDriver: chrome on WINDOWS (08e8be51d7600b61c0aa6117f67aafde)] -> xpath: //div[@class='product__sizeItem']//div[@class='product__size -productCart radio-box']]
Session ID: 08e8be51d7600b61c0aa6117f67aafde 
2022-11-30 03:52:48,113 ERROR [Log] checkPriceProduct() FAILED because of no such element: Unable to locate element: {"method":"xpath","selector":"/html/body/div[1]/div/div[1]/div[1]/div[2]/div/div[2]/div[2]/div[1]/div[2]"}
  (Session info: chrome=107.0.5304.121)
For documentation on this error, please visit: https://selenium.dev/exceptions/#no_such_element
Build info: version: '4.6.0', revision: '79f1c02ae20'
System info: os.name: 'Windows 11', os.arch: 'amd64', os.version: '10.0', java.version: '19'
Driver info: org.openqa.selenium.chrome.ChromeDriver
Command: [08e8be51d7600b61c0aa6117f67aafde, findElement {using=xpath, value=/html/body/div[1]/div/div[1]/div[1]/div[2]/div/div[2]/div[2]/div[1]/div[2]}]
Capabilities {acceptInsecureCerts: false, browserName: chrome, browserVersion: 107.0.5304.121, chrome: {chromedriverVersion: 107.0.5304.62 (1eec40d3a576..., userDataDir: C:\Users\asus\AppData\Local...}, goog:chromeOptions: {debuggerAddress: localhost:58070}, networkConnectionEnabled: false, pageLoadStrategy: normal, platformName: WINDOWS, proxy: Proxy(), se:cdp: ws://localhost:58070/devtoo..., se:cdpVersion: 107.0.5304.121, setWindowRect: true, strictFileInteractability: false, timeouts: {implicit: 0, pageLoad: 300000, script: 30000}, unhandledPromptBehavior: dismiss and notify, webauthn:extension:credBlob: true, webauthn:extension:largeBlob: true, webauthn:virtualAuthenticators: true}
Session ID: 08e8be51d7600b61c0aa6117f67aafde 
2022-11-30 03:52:48,137 ERROR [Log] clickContinue() FAILED because of no such element: Unable to locate element: {"method":"xpath","selector":"//*[@class='continueButton n-button large block text-center -primary']"}
  (Session info: chrome=107.0.5304.121)
For documentation on this error, please visit: https://selenium.dev/exceptions/#no_such_element
Build info: version: '4.6.0', revision: '79f1c02ae20'
System info: os.name: 'Windows 11', os.arch: 'amd64', os.version: '10.0', java.version: '19'
Driver info: org.openqa.selenium.chrome.ChromeDriver
Command: [08e8be51d7600b61c0aa6117f67aafde, findElement {using=xpath, value=//*[@class='continueButton n-button large block text-center -primary']}]
Capabilities {acceptInsecureCerts: false, browserName: chrome, browserVersion: 107.0.5304.121, chrome: {chromedriverVersion: 107.0.5304.62 (1eec40d3a576..., userDataDir: C:\Users\asus\AppData\Local...}, goog:chromeOptions: {debuggerAddress: localhost:58070}, networkConnectionEnabled: false, pageLoadStrategy: normal, platformName: WINDOWS, proxy: Proxy(), se:cdp: ws://localhost:58070/devtoo..., se:cdpVersion: 107.0.5304.121, setWindowRect: true, strictFileInteractability: false, timeouts: {implicit: 0, pageLoad: 300000, script: 30000}, unhandledPromptBehavior: dismiss and notify, webauthn:extension:credBlob: true, webauthn:extension:largeBlob: true, webauthn:virtualAuthenticators: true}
Session ID: 08e8be51d7600b61c0aa6117f67aafde 
2022-11-30 03:52:49,156 ERROR [Log] loginUser() FAILED because of no such element: Unable to locate element: {"method":"css selector","selector":"#n\-input\-email"}
  (Session info: chrome=107.0.5304.121)
For documentation on this error, please visit: https://selenium.dev/exceptions/#no_such_element
Build info: version: '4.6.0', revision: '79f1c02ae20'
System info: os.name: 'Windows 11', os.arch: 'amd64', os.version: '10.0', java.version: '19'
Driver info: org.openqa.selenium.chrome.ChromeDriver
Command: [08e8be51d7600b61c0aa6117f67aafde, findElement {using=id, value=n-input-email}]
Capabilities {acceptInsecureCerts: false, browserName: chrome, browserVersion: 107.0.5304.121, chrome: {chromedriverVersion: 107.0.5304.62 (1eec40d3a576..., userDataDir: C:\Users\asus\AppData\Local...}, goog:chromeOptions: {debuggerAddress: localhost:58070}, networkConnectionEnabled: false, pageLoadStrategy: normal, platformName: WINDOWS, proxy: Proxy(), se:cdp: ws://localhost:58070/devtoo..., se:cdpVersion: 107.0.5304.121, setWindowRect: true, strictFileInteractability: false, timeouts: {implicit: 0, pageLoad: 300000, script: 30000}, unhandledPromptBehavior: dismiss and notify, webauthn:extension:credBlob: true, webauthn:extension:largeBlob: true, webauthn:virtualAuthenticators: true}
Session ID: 08e8be51d7600b61c0aa6117f67aafde 
2022-11-30 03:52:50,191 ERROR [Log] checkButton() FAILED because of no such element: Unable to locate element: {"method":"xpath","selector":"//*[@id="login"]/button"}
  (Session info: chrome=107.0.5304.121)
For documentation on this error, please visit: https://selenium.dev/exceptions/#no_such_element
Build info: version: '4.6.0', revision: '79f1c02ae20'
System info: os.name: 'Windows 11', os.arch: 'amd64', os.version: '10.0', java.version: '19'
Driver info: org.openqa.selenium.chrome.ChromeDriver
Command: [08e8be51d7600b61c0aa6117f67aafde, findElement {using=xpath, value=//*[@id="login"]/button}]
Capabilities {acceptInsecureCerts: false, browserName: chrome, browserVersion: 107.0.5304.121, chrome: {chromedriverVersion: 107.0.5304.62 (1eec40d3a576..., userDataDir: C:\Users\asus\AppData\Local...}, goog:chromeOptions: {debuggerAddress: localhost:58070}, networkConnectionEnabled: false, pageLoadStrategy: normal, platformName: WINDOWS, proxy: Proxy(), se:cdp: ws://localhost:58070/devtoo..., se:cdpVersion: 107.0.5304.121, setWindowRect: true, strictFileInteractability: false, timeouts: {implicit: 0, pageLoad: 300000, script: 30000}, unhandledPromptBehavior: dismiss and notify, webauthn:extension:credBlob: true, webauthn:extension:largeBlob: true, webauthn:virtualAuthenticators: true}
Session ID: 08e8be51d7600b61c0aa6117f67aafde 
2022-11-30 03:52:51,213 ERROR [Log] clickNetworkLogo() FAILED because of no such element: Unable to locate element: {"method":"xpath","selector":"//*[@id="home"]/div[4]/header/div/div/div[2]"}
  (Session info: chrome=107.0.5304.121)
For documentation on this error, please visit: https://selenium.dev/exceptions/#no_such_element
Build info: version: '4.6.0', revision: '79f1c02ae20'
System info: os.name: 'Windows 11', os.arch: 'amd64', os.version: '10.0', java.version: '19'
Driver info: org.openqa.selenium.chrome.ChromeDriver
Command: [08e8be51d7600b61c0aa6117f67aafde, findElement {using=xpath, value=//*[@id="home"]/div[4]/header/div/div/div[2]}]
Capabilities {acceptInsecureCerts: false, browserName: chrome, browserVersion: 107.0.5304.121, chrome: {chromedriverVersion: 107.0.5304.62 (1eec40d3a576..., userDataDir: C:\Users\asus\AppData\Local...}, goog:chromeOptions: {debuggerAddress: localhost:58070}, networkConnectionEnabled: false, pageLoadStrategy: normal, platformName: WINDOWS, proxy: Proxy(), se:cdp: ws://localhost:58070/devtoo..., se:cdpVersion: 107.0.5304.121, setWindowRect: true, strictFileInteractability: false, timeouts: {implicit: 0, pageLoad: 300000, script: 30000}, unhandledPromptBehavior: dismiss and notify, webauthn:extension:credBlob: true, webauthn:extension:largeBlob: true, webauthn:virtualAuthenticators: true}
Session ID: 08e8be51d7600b61c0aa6117f67aafde 
2022-11-30 03:52:52,233 ERROR [Log] openCart() FAILED because of no such window: target window already closed
from unknown error: web view not found
  (Session info: chrome=107.0.5304.121)
Build info: version: '4.6.0', revision: '79f1c02ae20'
System info: os.name: 'Windows 11', os.arch: 'amd64', os.version: '10.0', java.version: '19'
Driver info: org.openqa.selenium.chrome.ChromeDriver
Command: [08e8be51d7600b61c0aa6117f67aafde, findElement {using=xpath, value=/html/body/div[2]/header/div/div/div[3]/div[2]}]
Capabilities {acceptInsecureCerts: false, browserName: chrome, browserVersion: 107.0.5304.121, chrome: {chromedriverVersion: 107.0.5304.62 (1eec40d3a576..., userDataDir: C:\Users\asus\AppData\Local...}, goog:chromeOptions: {debuggerAddress: localhost:58070}, networkConnectionEnabled: false, pageLoadStrategy: normal, platformName: WINDOWS, proxy: Proxy(), se:cdp: ws://localhost:58070/devtoo..., se:cdpVersion: 107.0.5304.121, setWindowRect: true, strictFileInteractability: false, timeouts: {implicit: 0, pageLoad: 300000, script: 30000}, unhandledPromptBehavior: dismiss and notify, webauthn:extension:credBlob: true, webauthn:extension:largeBlob: true, webauthn:virtualAuthenticators: true}
Session ID: 08e8be51d7600b61c0aa6117f67aafde 
2022-11-30 03:52:53,242 ERROR [Log] deleteProduct() FAILED because of no such window: target window already closed
from unknown error: web view not found
  (Session info: chrome=107.0.5304.121)
Build info: version: '4.6.0', revision: '79f1c02ae20'
System info: os.name: 'Windows 11', os.arch: 'amd64', os.version: '10.0', java.version: '19'
Driver info: org.openqa.selenium.chrome.ChromeDriver
Command: [08e8be51d7600b61c0aa6117f67aafde, findElement {using=xpath, value=/html/body/div[2]/header/div/div/div[3]/div[2]/div/div/div[2]/div/div[3]}]
Capabilities {acceptInsecureCerts: false, browserName: chrome, browserVersion: 107.0.5304.121, chrome: {chromedriverVersion: 107.0.5304.62 (1eec40d3a576..., userDataDir: C:\Users\asus\AppData\Local...}, goog:chromeOptions: {debuggerAddress: localhost:58070}, networkConnectionEnabled: false, pageLoadStrategy: normal, platformName: WINDOWS, proxy: Proxy(), se:cdp: ws://localhost:58070/devtoo..., se:cdpVersion: 107.0.5304.121, setWindowRect: true, strictFileInteractability: false, timeouts: {implicit: 0, pageLoad: 300000, script: 30000}, unhandledPromptBehavior: dismiss and notify, webauthn:extension:credBlob: true, webauthn:extension:largeBlob: true, webauthn:virtualAuthenticators: true}
Session ID: 08e8be51d7600b61c0aa6117f67aafde 
2022-11-30 03:52:53,249 ERROR [Log] verifyDeleteCart() FAILED because of no such window: target window already closed
from unknown error: web view not found
  (Session info: chrome=107.0.5304.121)
Build info: version: '4.6.0', revision: '79f1c02ae20'
System info: os.name: 'Windows 11', os.arch: 'amd64', os.version: '10.0', java.version: '19'
Driver info: org.openqa.selenium.chrome.ChromeDriver
Command: [08e8be51d7600b61c0aa6117f67aafde, findElements {using=xpath, value=//a[@class='header__emptyBasketFavorite button -primary']}]
Capabilities {acceptInsecureCerts: false, browserName: chrome, browserVersion: 107.0.5304.121, chrome: {chromedriverVersion: 107.0.5304.62 (1eec40d3a576..., userDataDir: C:\Users\asus\AppData\Local...}, goog:chromeOptions: {debuggerAddress: localhost:58070}, networkConnectionEnabled: false, pageLoadStrategy: normal, platformName: WINDOWS, proxy: Proxy(), se:cdp: ws://localhost:58070/devtoo..., se:cdpVersion: 107.0.5304.121, setWindowRect: true, strictFileInteractability: false, timeouts: {implicit: 0, pageLoad: 300000, script: 30000}, unhandledPromptBehavior: dismiss and notify, webauthn:extension:credBlob: true, webauthn:extension:largeBlob: true, webauthn:virtualAuthenticators: true}
Session ID: 08e8be51d7600b61c0aa6117f67aafde 
2022-11-30 03:53:18,565 INFO  [Log] checkURL() PASSED 
2022-11-30 03:53:21,643 INFO  [Log] searchProduct() PASSED 
2022-11-30 03:53:23,951 INFO  [Log] scrollPage() PASSED 
2022-11-30 03:53:24,969 INFO  [Log] secondURLCheck() PASSED 
2022-11-30 03:53:30,645 ERROR [Log] selectAPoduct() FAILED because of expected: <2.799,00 TL> but was: <1.149,00 TL> 
2022-11-30 03:53:31,716 ERROR [Log] checkPriceProduct() FAILED because of 2.799,00 TL expected:<[1.149,00 TL]> but was:<[Discount Applied.]> 
2022-11-30 03:53:31,772 INFO  [Log] clickContinue() PASSED 
2022-11-30 03:53:35,158 INFO  [Log] loginUser() PASSED 
2022-11-30 03:53:36,196 INFO  [Log] checkButton() PASSED 
2022-11-30 03:53:38,733 INFO  [Log] clickNetworkLogo() PASSED 
2022-11-30 03:53:39,828 INFO  [Log] openCart() PASSED 
2022-11-30 03:53:40,989 INFO  [Log] deleteProduct() PASSED 
2022-11-30 03:53:41,028 INFO  [Log] verifyDeleteCart() PASSED 
2022-11-30 04:01:41,200 INFO  [Log] checkURL() PASSED 
2022-11-30 04:01:44,260 INFO  [Log] searchProduct() PASSED 
2022-11-30 04:01:46,614 INFO  [Log] scrollPage() PASSED 
2022-11-30 04:01:47,649 INFO  [Log] secondURLCheck() PASSED 
2022-11-30 04:01:51,060 ERROR [Log] selectAPoduct() FAILED because of element not interactable
  (Session info: chrome=107.0.5304.121)
Build info: version: '4.6.0', revision: '79f1c02ae20'
System info: os.name: 'Windows 11', os.arch: 'amd64', os.version: '10.0', java.version: '19'
Driver info: org.openqa.selenium.chrome.ChromeDriver
Command: [c4ff78559edeeff91f960a47f519b725, clickElement {id=61b8bcb5-c64e-48b9-8321-af11911dbc3e}]
Capabilities {acceptInsecureCerts: false, browserName: chrome, browserVersion: 107.0.5304.121, chrome: {chromedriverVersion: 107.0.5304.62 (1eec40d3a576..., userDataDir: C:\Users\asus\AppData\Local...}, goog:chromeOptions: {debuggerAddress: localhost:58930}, networkConnectionEnabled: false, pageLoadStrategy: normal, platformName: WINDOWS, proxy: Proxy(), se:cdp: ws://localhost:58930/devtoo..., se:cdpVersion: 107.0.5304.121, setWindowRect: true, strictFileInteractability: false, timeouts: {implicit: 0, pageLoad: 300000, script: 30000}, unhandledPromptBehavior: dismiss and notify, webauthn:extension:credBlob: true, webauthn:extension:largeBlob: true, webauthn:virtualAuthenticators: true}
Element: [[ChromeDriver: chrome on WINDOWS (c4ff78559edeeff91f960a47f519b725)] -> xpath: (//*[@class='product__discountPercent'])[1]//..//..//..//div[@class='product__header']//div[@class='product__sizeItem']//div[@class='product__size -productCart radio-box']]
Session ID: c4ff78559edeeff91f960a47f519b725 
2022-11-30 04:01:52,090 ERROR [Log] checkPriceProduct() FAILED because of no such element: Unable to locate element: {"method":"xpath","selector":"/html/body/div[1]/div/div[1]/div[1]/div[2]/div/div[2]/div[2]/div[1]/div[2]"}
  (Session info: chrome=107.0.5304.121)
For documentation on this error, please visit: https://selenium.dev/exceptions/#no_such_element
Build info: version: '4.6.0', revision: '79f1c02ae20'
System info: os.name: 'Windows 11', os.arch: 'amd64', os.version: '10.0', java.version: '19'
Driver info: org.openqa.selenium.chrome.ChromeDriver
Command: [c4ff78559edeeff91f960a47f519b725, findElement {using=xpath, value=/html/body/div[1]/div/div[1]/div[1]/div[2]/div/div[2]/div[2]/div[1]/div[2]}]
Capabilities {acceptInsecureCerts: false, browserName: chrome, browserVersion: 107.0.5304.121, chrome: {chromedriverVersion: 107.0.5304.62 (1eec40d3a576..., userDataDir: C:\Users\asus\AppData\Local...}, goog:chromeOptions: {debuggerAddress: localhost:58930}, networkConnectionEnabled: false, pageLoadStrategy: normal, platformName: WINDOWS, proxy: Proxy(), se:cdp: ws://localhost:58930/devtoo..., se:cdpVersion: 107.0.5304.121, setWindowRect: true, strictFileInteractability: false, timeouts: {implicit: 0, pageLoad: 300000, script: 30000}, unhandledPromptBehavior: dismiss and notify, webauthn:extension:credBlob: true, webauthn:extension:largeBlob: true, webauthn:virtualAuthenticators: true}
Session ID: c4ff78559edeeff91f960a47f519b725 
2022-11-30 04:01:52,114 ERROR [Log] clickContinue() FAILED because of no such element: Unable to locate element: {"method":"xpath","selector":"//*[@class='continueButton n-button large block text-center -primary']"}
  (Session info: chrome=107.0.5304.121)
For documentation on this error, please visit: https://selenium.dev/exceptions/#no_such_element
Build info: version: '4.6.0', revision: '79f1c02ae20'
System info: os.name: 'Windows 11', os.arch: 'amd64', os.version: '10.0', java.version: '19'
Driver info: org.openqa.selenium.chrome.ChromeDriver
Command: [c4ff78559edeeff91f960a47f519b725, findElement {using=xpath, value=//*[@class='continueButton n-button large block text-center -primary']}]
Capabilities {acceptInsecureCerts: false, browserName: chrome, browserVersion: 107.0.5304.121, chrome: {chromedriverVersion: 107.0.5304.62 (1eec40d3a576..., userDataDir: C:\Users\asus\AppData\Local...}, goog:chromeOptions: {debuggerAddress: localhost:58930}, networkConnectionEnabled: false, pageLoadStrategy: normal, platformName: WINDOWS, proxy: Proxy(), se:cdp: ws://localhost:58930/devtoo..., se:cdpVersion: 107.0.5304.121, setWindowRect: true, strictFileInteractability: false, timeouts: {implicit: 0, pageLoad: 300000, script: 30000}, unhandledPromptBehavior: dismiss and notify, webauthn:extension:credBlob: true, webauthn:extension:largeBlob: true, webauthn:virtualAuthenticators: true}
Session ID: c4ff78559edeeff91f960a47f519b725 
2022-11-30 04:01:53,145 ERROR [Log] loginUser() FAILED because of no such element: Unable to locate element: {"method":"css selector","selector":"#n\-input\-email"}
  (Session info: chrome=107.0.5304.121)
For documentation on this error, please visit: https://selenium.dev/exceptions/#no_such_element
Build info: version: '4.6.0', revision: '79f1c02ae20'
System info: os.name: 'Windows 11', os.arch: 'amd64', os.version: '10.0', java.version: '19'
Driver info: org.openqa.selenium.chrome.ChromeDriver
Command: [c4ff78559edeeff91f960a47f519b725, findElement {using=id, value=n-input-email}]
Capabilities {acceptInsecureCerts: false, browserName: chrome, browserVersion: 107.0.5304.121, chrome: {chromedriverVersion: 107.0.5304.62 (1eec40d3a576..., userDataDir: C:\Users\asus\AppData\Local...}, goog:chromeOptions: {debuggerAddress: localhost:58930}, networkConnectionEnabled: false, pageLoadStrategy: normal, platformName: WINDOWS, proxy: Proxy(), se:cdp: ws://localhost:58930/devtoo..., se:cdpVersion: 107.0.5304.121, setWindowRect: true, strictFileInteractability: false, timeouts: {implicit: 0, pageLoad: 300000, script: 30000}, unhandledPromptBehavior: dismiss and notify, webauthn:extension:credBlob: true, webauthn:extension:largeBlob: true, webauthn:virtualAuthenticators: true}
Session ID: c4ff78559edeeff91f960a47f519b725 
2022-11-30 04:01:54,178 ERROR [Log] checkButton() FAILED because of no such element: Unable to locate element: {"method":"xpath","selector":"//*[@id="login"]/button"}
  (Session info: chrome=107.0.5304.121)
For documentation on this error, please visit: https://selenium.dev/exceptions/#no_such_element
Build info: version: '4.6.0', revision: '79f1c02ae20'
System info: os.name: 'Windows 11', os.arch: 'amd64', os.version: '10.0', java.version: '19'
Driver info: org.openqa.selenium.chrome.ChromeDriver
Command: [c4ff78559edeeff91f960a47f519b725, findElement {using=xpath, value=//*[@id="login"]/button}]
Capabilities {acceptInsecureCerts: false, browserName: chrome, browserVersion: 107.0.5304.121, chrome: {chromedriverVersion: 107.0.5304.62 (1eec40d3a576..., userDataDir: C:\Users\asus\AppData\Local...}, goog:chromeOptions: {debuggerAddress: localhost:58930}, networkConnectionEnabled: false, pageLoadStrategy: normal, platformName: WINDOWS, proxy: Proxy(), se:cdp: ws://localhost:58930/devtoo..., se:cdpVersion: 107.0.5304.121, setWindowRect: true, strictFileInteractability: false, timeouts: {implicit: 0, pageLoad: 300000, script: 30000}, unhandledPromptBehavior: dismiss and notify, webauthn:extension:credBlob: true, webauthn:extension:largeBlob: true, webauthn:virtualAuthenticators: true}
Session ID: c4ff78559edeeff91f960a47f519b725 
2022-11-30 04:01:55,211 ERROR [Log] clickNetworkLogo() FAILED because of no such element: Unable to locate element: {"method":"xpath","selector":"//*[@id="home"]/div[4]/header/div/div/div[2]"}
  (Session info: chrome=107.0.5304.121)
For documentation on this error, please visit: https://selenium.dev/exceptions/#no_such_element
Build info: version: '4.6.0', revision: '79f1c02ae20'
System info: os.name: 'Windows 11', os.arch: 'amd64', os.version: '10.0', java.version: '19'
Driver info: org.openqa.selenium.chrome.ChromeDriver
Command: [c4ff78559edeeff91f960a47f519b725, findElement {using=xpath, value=//*[@id="home"]/div[4]/header/div/div/div[2]}]
Capabilities {acceptInsecureCerts: false, browserName: chrome, browserVersion: 107.0.5304.121, chrome: {chromedriverVersion: 107.0.5304.62 (1eec40d3a576..., userDataDir: C:\Users\asus\AppData\Local...}, goog:chromeOptions: {debuggerAddress: localhost:58930}, networkConnectionEnabled: false, pageLoadStrategy: normal, platformName: WINDOWS, proxy: Proxy(), se:cdp: ws://localhost:58930/devtoo..., se:cdpVersion: 107.0.5304.121, setWindowRect: true, strictFileInteractability: false, timeouts: {implicit: 0, pageLoad: 300000, script: 30000}, unhandledPromptBehavior: dismiss and notify, webauthn:extension:credBlob: true, webauthn:extension:largeBlob: true, webauthn:virtualAuthenticators: true}
Session ID: c4ff78559edeeff91f960a47f519b725 
2022-11-30 04:01:56,341 INFO  [Log] openCart() PASSED 
2022-11-30 04:01:57,348 ERROR [Log] deleteProduct() FAILED because of no such window: target window already closed
from unknown error: web view not found
  (Session info: chrome=107.0.5304.121)
Build info: version: '4.6.0', revision: '79f1c02ae20'
System info: os.name: 'Windows 11', os.arch: 'amd64', os.version: '10.0', java.version: '19'
Driver info: org.openqa.selenium.chrome.ChromeDriver
Command: [c4ff78559edeeff91f960a47f519b725, findElement {using=xpath, value=/html/body/div[2]/header/div/div/div[3]/div[2]/div/div/div[2]/div/div[3]}]
Capabilities {acceptInsecureCerts: false, browserName: chrome, browserVersion: 107.0.5304.121, chrome: {chromedriverVersion: 107.0.5304.62 (1eec40d3a576..., userDataDir: C:\Users\asus\AppData\Local...}, goog:chromeOptions: {debuggerAddress: localhost:58930}, networkConnectionEnabled: false, pageLoadStrategy: normal, platformName: WINDOWS, proxy: Proxy(), se:cdp: ws://localhost:58930/devtoo..., se:cdpVersion: 107.0.5304.121, setWindowRect: true, strictFileInteractability: false, timeouts: {implicit: 0, pageLoad: 300000, script: 30000}, unhandledPromptBehavior: dismiss and notify, webauthn:extension:credBlob: true, webauthn:extension:largeBlob: true, webauthn:virtualAuthenticators: true}
Session ID: c4ff78559edeeff91f960a47f519b725 
2022-11-30 04:01:57,355 ERROR [Log] verifyDeleteCart() FAILED because of no such window: target window already closed
from unknown error: web view not found
  (Session info: chrome=107.0.5304.121)
Build info: version: '4.6.0', revision: '79f1c02ae20'
System info: os.name: 'Windows 11', os.arch: 'amd64', os.version: '10.0', java.version: '19'
Driver info: org.openqa.selenium.chrome.ChromeDriver
Command: [c4ff78559edeeff91f960a47f519b725, findElements {using=xpath, value=//a[@class='header__emptyBasketFavorite button -primary']}]
Capabilities {acceptInsecureCerts: false, browserName: chrome, browserVersion: 107.0.5304.121, chrome: {chromedriverVersion: 107.0.5304.62 (1eec40d3a576..., userDataDir: C:\Users\asus\AppData\Local...}, goog:chromeOptions: {debuggerAddress: localhost:58930}, networkConnectionEnabled: false, pageLoadStrategy: normal, platformName: WINDOWS, proxy: Proxy(), se:cdp: ws://localhost:58930/devtoo..., se:cdpVersion: 107.0.5304.121, setWindowRect: true, strictFileInteractability: false, timeouts: {implicit: 0, pageLoad: 300000, script: 30000}, unhandledPromptBehavior: dismiss and notify, webauthn:extension:credBlob: true, webauthn:extension:largeBlob: true, webauthn:virtualAuthenticators: true}
Session ID: c4ff78559edeeff91f960a47f519b725 
2022-11-30 04:02:45,470 INFO  [Log] checkURL() PASSED 
2022-11-30 04:02:48,694 INFO  [Log] searchProduct() PASSED 
2022-11-30 04:02:51,044 INFO  [Log] scrollPage() PASSED 
2022-11-30 04:02:52,071 INFO  [Log] secondURLCheck() PASSED 
2022-11-30 04:02:57,666 ERROR [Log] selectAPoduct() FAILED because of expected: <2.799,00 TL> but was: <1.149,00 TL> 
2022-11-30 04:02:58,732 ERROR [Log] checkPriceProduct() FAILED because of 2.799,00 TL expected:<[1.149,00 TL]> but was:<[Discount Applied.]> 
2022-11-30 04:02:58,784 INFO  [Log] clickContinue() PASSED 
2022-11-30 04:03:01,985 INFO  [Log] loginUser() PASSED 
2022-11-30 04:03:03,025 INFO  [Log] checkButton() PASSED 
2022-11-30 04:03:05,580 INFO  [Log] clickNetworkLogo() PASSED 
2022-11-30 04:03:06,679 INFO  [Log] openCart() PASSED 
2022-11-30 04:03:07,852 INFO  [Log] deleteProduct() PASSED 
2022-11-30 04:03:07,899 INFO  [Log] verifyDeleteCart() PASSED 
2022-11-30 04:16:25,560 INFO  [Log] checkURL() PASSED 
2022-11-30 04:16:28,600 INFO  [Log] searchProduct() PASSED 
2022-11-30 04:16:31,220 INFO  [Log] scrollPage() PASSED 
2022-11-30 04:16:32,239 INFO  [Log] secondURLCheck() PASSED 
2022-11-30 04:16:37,893 ERROR [Log] selectAPoduct() FAILED because of expected: <2.799,00 TL> but was: <1.149,00 TL> 
2022-11-30 04:16:38,969 ERROR [Log] checkPriceProduct() FAILED because of 2.799,00 TL expected:<[1.149,00 TL]> but was:<[Discount Applied.]> 
2022-11-30 04:16:39,032 INFO  [Log] clickContinue() PASSED 
2022-11-30 04:16:42,023 INFO  [Log] loginUser() PASSED 
2022-11-30 04:16:43,068 INFO  [Log] checkButton() PASSED 
2022-11-30 04:16:46,116 INFO  [Log] clickNetworkLogo() PASSED 
2022-11-30 04:16:47,194 INFO  [Log] openCart() PASSED 
2022-11-30 04:16:48,341 INFO  [Log] deleteProduct() PASSED 
2022-11-30 04:16:48,376 INFO  [Log] verifyDeleteCart() PASSED 
2022-11-30 04:17:44,738 INFO  [Log] checkURL() PASSED 
2022-11-30 04:17:48,837 INFO  [Log] searchProduct() PASSED 
2022-11-30 04:17:51,166 INFO  [Log] scrollPage() PASSED 
2022-11-30 04:17:52,183 INFO  [Log] secondURLCheck() PASSED 
2022-11-30 04:17:57,935 ERROR [Log] selectAPoduct() FAILED because of expected: <2.799,00 TL> but was: <1.149,00 TL> 
2022-11-30 04:17:59,008 ERROR [Log] checkPriceProduct() FAILED because of 2.799,00 TL expected:<[1.149,00 TL]> but was:<[Discount Applied.]> 
2022-11-30 04:17:59,070 INFO  [Log] clickContinue() PASSED 
2022-11-30 04:18:03,531 INFO  [Log] loginUser() PASSED 
2022-11-30 04:18:04,584 INFO  [Log] checkButton() PASSED 
2022-11-30 04:18:06,229 INFO  [Log] clickNetworkLogo() PASSED 
2022-11-30 04:18:07,331 INFO  [Log] openCart() PASSED 
2022-11-30 04:18:08,504 INFO  [Log] deleteProduct() PASSED 
2022-11-30 04:18:08,547 INFO  [Log] verifyDeleteCart() PASSED 
2022-11-30 04:23:36,537 INFO  [Log] checkURL() PASSED 
2022-11-30 04:23:39,633 INFO  [Log] searchProduct() PASSED 
2022-11-30 04:23:41,958 INFO  [Log] scrollPage() PASSED 
2022-11-30 04:23:42,996 INFO  [Log] secondURLCheck() PASSED 
2022-11-30 04:23:49,400 ERROR [Log] selectAPoduct() FAILED because of expected: <2.799,00 TL> but was: <1.149,00 TL> 
2022-11-30 04:23:50,458 ERROR [Log] checkPriceProduct() FAILED because of 2.799,00 TL expected:<[1.149,00 TL]> but was:<[Discount Applied.]> 
2022-11-30 04:23:50,521 INFO  [Log] clickContinue() PASSED 
2022-11-30 04:23:54,444 INFO  [Log] loginUser() PASSED 
2022-11-30 04:23:55,486 INFO  [Log] checkButton() PASSED 
2022-11-30 04:23:56,849 INFO  [Log] clickNetworkLogo() PASSED 
2022-11-30 04:23:57,941 INFO  [Log] openCart() PASSED 
2022-11-30 04:23:59,139 INFO  [Log] deleteProduct() PASSED 
2022-11-30 04:23:59,218 INFO  [Log] verifyDeleteCart() PASSED 
2022-11-30 04:28:20,086 INFO  [Log] checkURL() PASSED 
2022-11-30 04:28:23,373 INFO  [Log] searchProduct() PASSED 
2022-11-30 04:28:25,689 INFO  [Log] scrollPage() PASSED 
2022-11-30 04:28:26,706 INFO  [Log] secondURLCheck() PASSED 
2022-11-30 04:28:32,228 ERROR [Log] selectAPoduct() FAILED because of expected: <2.799,00 TL> but was: <1.149,00 TL> 
2022-11-30 04:28:33,289 ERROR [Log] checkPriceProduct() FAILED because of 2.799,00 TL expected:<[1.149,00 TL]> but was:<[Discount Applied.]> 
2022-11-30 04:28:33,353 INFO  [Log] clickContinue() PASSED 
2022-11-30 04:28:36,549 INFO  [Log] loginUser() PASSED 
2022-11-30 04:28:37,609 INFO  [Log] checkButton() PASSED 
2022-11-30 04:28:39,127 INFO  [Log] clickNetworkLogo() PASSED 
2022-11-30 04:28:40,223 INFO  [Log] openCart() PASSED 
2022-11-30 04:28:41,375 INFO  [Log] deleteProduct() PASSED 
2022-11-30 04:28:41,419 INFO  [Log] verifyDeleteCart() PASSED 
